PART 1
Number of nodes in group 0 = 152
{0, 1029, 1037, 1550, 525, 22, 25, 547, 35, 1061, 548, 551, 553, 41, 1580, 46, 1072, 1076, 1591, 569, 59, 1603, 1605, 71, 589, 1101, 1104, 604, 1641, 1132, 1656, 635, 1149, 1664, 1160, 1678, 1176, 152, 1689, 667, 1692, 155, 1182, 1694, 675, 676, 677, 1192, 170, 1707, 690, 1715, 1203, 697, 187, 1726, 1221, 712, 1738, 204, 724, 1752, 226, 740, 230, 1260, 1264, 1267, 757, 761, 1788, 1789, 766, 256, 1281, 1797, 779, 782, 1294, 1809, 789, 790, 283, 1311, 1825, 802, 1835, 1837, 1325, 817, 818, 1332, 824, 832, 323, 1861, 327, 1864, 332, 845, 1870, 338, 349, 1376, 1888, 356, 1389, 884, 376, 1918, 895, 385, 386, 899, 1412, 392, 396, 397, 913, 402, 915, 917, 918, 1944, 1951, 417, 1954, 1955, 423, 937, 940, 435, 949, 1974, 1461, 447, 1985, 965, 1479, 974, 464, 469, 470, 487, 491, 1520, 1008, 1012, 505, 507, 1532, 1022}

--------------------------------------

PART 2
Number of different groups = 186
List of groups:
	{0, 1029, 1037, 1550, 525, 22, 25, 547, 35, 1061, 548, 551, 553, 41, 1580, 46, 1072, 1076, 1591, 569, 59, 1603, 1605, 71, 589, 1101, 1104, 604, 1641, 1132, 1656, 635, 1149, 1664, 1160, 1678, 1176, 152, 1689, 667, 1692, 155, 1182, 1694, 675, 676, 677, 1192, 170, 1707, 690, 1715, 1203, 697, 187, 1726, 1221, 712, 1738, 204, 724, 1752, 226, 740, 230, 1260, 1264, 1267, 757, 761, 1788, 1789, 766, 256, 1281, 1797, 779, 782, 1294, 1809, 789, 790, 283, 1311, 1825, 802, 1835, 1837, 1325, 817, 818, 1332, 824, 832, 323, 1861, 327, 1864, 332, 845, 1870, 338, 349, 1376, 1888, 356, 1389, 884, 376, 1918, 895, 385, 386, 899, 1412, 392, 396, 397, 913, 402, 915, 917, 918, 1944, 1951, 417, 1954, 1955, 423, 937, 940, 435, 949, 1974, 1461, 447, 1985, 965, 1479, 974, 464, 469, 470, 487, 491, 1520, 1008, 1012, 505, 507, 1532, 1022}
	{1920, 1, 643, 785, 788, 1562, 1307, 1820, 1440, 32, 1826, 805, 1320, 1576, 1706, 559, 1200, 1842, 1331, 564, 1336, 1465, 193, 1987, 1098, 1110, 730, 92, 1248, 353, 1889, 355, 102, 1511, 1129, 1259, 1772, 1901, 1269, 506}
	{513, 2, 514, 518, 1039, 18, 1046, 1574, 1578, 555, 45, 1083, 584, 1106, 1626, 1119, 609, 620, 631, 1655, 127, 128, 1152, 1159, 1674, 1679, 656, 1681, 658, 1170, 145, 1682, 1183, 1698, 681, 683, 1199, 1720, 1722, 1212, 1724, 195, 1731, 197, 1734, 1224, 1743, 720, 210, 1237, 728, 1754, 1759, 224, 223, 1252, 229, 238, 239, 1783, 760, 1278, 1796, 1798, 777, 267, 781, 1293, 1299, 278, 1815, 282, 287, 1823, 1834, 1836, 1327, 827, 316, 831, 1869, 339, 340, 853, 345, 1881, 1382, 1900, 878, 1902, 879, 1393, 1906, 374, 1917, 1406, 893, 896, 1930, 1933, 401, 403, 1939, 1948, 928, 420, 1960, 1963, 1965, 1966, 1969, 951, 1977, 954, 1468, 1983, 1986, 451, 450, 1994, 459, 980, 1492, 1493, 472, 1502, 992, 998, 494, 495, 1521, 1009, 503}
	{3, 1606, 1031, 15, 1875, 1240, 1244, 1887, 1637, 1003, 1516, 1133, 566, 1531, 63, 574, 255}
	{1345, 1282, 467, 4, 21, 415}
	{64, 1059, 1028, 5, 198, 808, 1482, 460, 430, 1522, 1812, 602}
	{6, 1287, 268, 1040, 1555, 1556, 24, 288, 1315, 1318, 812, 303, 307, 1595, 1339, 573, 1596, 839, 1863, 1116, 93, 1118, 94, 862, 608, 97, 617, 876, 365, 881, 1138, 114, 1905, 1398, 1145, 1913, 378, 894, 383, 1924, 1416, 906, 1172, 1687, 156, 166, 1446, 424, 1452, 1198, 185, 186, 703, 1215, 1730, 1485, 206, 211, 982, 985, 1498, 481, 1254, 231, 235, 1270, 248, 1017}
	{962, 867, 1188, 1570, 7, 1776, 885, 1143, 1400, 1594, 1310}
	{8, 1102}
	{1537, 770, 516, 1540, 1544, 9, 780, 1292, 1295, 1554, 540, 797, 31, 36, 1829, 293, 1062, 1575, 43, 1071, 50, 1075, 1593, 1082, 572, 61, 836, 1349, 1604, 587, 1355, 1100, 588, 1361, 1362, 1364, 599, 855, 1369, 348, 605, 1375, 352, 1122, 866, 1386, 1390, 1136, 882, 883, 1650, 1141, 121, 388, 142, 1167, 910, 404, 660, 154, 1700, 172, 173, 684, 1196, 179, 947, 1981, 1470, 1474, 1741, 476, 739, 1255, 1512, 234, 496}
	{1794, 771, 774, 262, 10, 269, 16, 798, 1313, 1316, 294, 1321, 47, 561, 1329, 820, 1846, 567, 1590, 312, 1084, 1097, 1354, 331, 591, 80, 1111, 614, 104, 1898, 1644, 1651, 1146, 645, 1673, 394, 398, 1426, 406, 1945, 1177, 1436, 1180, 1181, 1693, 1441, 932, 934, 1709, 1711, 1462, 182, 1463, 1723, 956, 1214, 192, 971, 212, 981, 214, 1755, 478, 1505, 482, 1258, 499, 1023}
	{130, 1283, 1219, 11, 1745, 1234, 596, 1429, 1813, 1433, 477, 1566, 995, 1443, 745, 624, 1459, 1717, 1205, 1848, 699}
	{1217, 1346, 1922, 1223, 12, 140, 1044, 663, 1175, 1627, 284, 222, 1699, 165, 167, 874, 107, 236, 110, 1968, 306, 1394, 1396, 245, 1014, 439, 244, 437, 1973, 1661, 1150}
	{1546, 1036, 13, 1559, 1051, 1057, 1572, 1065, 1066, 44, 1068, 556, 1581, 560, 1583, 563, 570, 576, 66, 580, 1609, 590, 1621, 98, 99, 610, 1126, 1645, 1647, 623, 1648, 627, 1652, 120, 1148, 638, 642, 644, 1157, 1162, 1676, 659, 158, 161, 171, 178, 1716, 1210, 1211, 190, 1732, 199, 208, 1233, 1746, 216, 220, 232, 237, 241, 1779, 755, 249, 252, 1790, 1804, 271, 784, 1808, 279, 285, 1309, 1319, 1323, 811, 813, 301, 816, 1337, 314, 1854, 1865, 334, 336, 1874, 341, 854, 1372, 1374, 863, 350, 1891, 1893, 360, 1897, 875, 887, 890, 379, 898, 903, 909, 400, 912, 1936, 1941, 1942, 1947, 1437, 416, 1953, 418, 1957, 933, 426, 1450, 427, 1967, 1976, 1467, 1979, 1469, 1984, 1475, 1992, 1997, 1998, 1999, 1491, 983, 1500, 1517, 501, 1533}
	{1025, 258, 259, 519, 520, 14, 274, 1045, 792, 1818, 795, 799, 1055, 803, 296, 1067, 1839, 1328, 1586, 51, 53, 55, 1080, 835, 585, 1610, 1353, 76, 84, 1877, 343, 601, 860, 1378, 1890, 1128, 1385, 1130, 106, 1907, 1908, 628, 1140, 1911, 1910, 1658, 1915, 1415, 905, 652, 141, 661, 1432, 1949, 926, 1189, 936, 168, 686, 1712, 1718, 1464, 706, 1476, 1993, 1483, 1484, 205, 1744, 466, 1747, 731, 732, 1246, 1247, 1249, 486, 233, 1261, 1266, 1013, 1782, 1784, 1530}
	{509, 1538, 1539, 1543, 1034, 523, 1547, 527, 1552, 17, 529, 534, 1558, 1560, 1561, 29, 30, 543, 1054, 1569, 1568, 1571, 33, 38, 550, 554, 1579, 1069, 557, 48, 1079, 571, 578, 1602, 67, 1099, 78, 1615, 592, 593, 1109, 598, 90, 603, 1629, 606, 1127, 618, 622, 626, 1653, 117, 630, 633, 1659, 1151, 1154, 1155, 1156, 1158, 646, 648, 135, 1671, 139, 146, 1685, 149, 1690, 668, 672, 1185, 1184, 164, 1190, 1703, 680, 1708, 1197, 176, 689, 1202, 180, 1206, 696, 701, 1733, 1225, 715, 203, 717, 1227, 719, 209, 721, 1236, 1749, 215, 737, 1764, 1253, 742, 743, 1768, 1769, 747, 749, 1262, 750, 1773, 1777, 1781, 1272, 763, 765, 254, 773, 1286, 776, 1803, 1807, 272, 273, 786, 275, 276, 1301, 1302, 1814, 791, 1303, 1816, 1306, 1308, 286, 1312, 801, 289, 1828, 1830, 1831, 298, 1326, 1843, 1844, 309, 1850, 826, 828, 1341, 1855, 319, 1343, 834, 833, 1860, 1348, 1351, 847, 1873, 852, 856, 344, 1370, 347, 864, 357, 359, 873, 363, 1388, 877, 880, 370, 1395, 889, 1403, 381, 1408, 897, 389, 902, 393, 1931, 1420, 1421, 911, 1427, 1940, 916, 1435, 411, 1950, 1442, 1444, 943, 946, 1972, 957, 1471, 457, 976, 1489, 1494, 471, 1497, 1501, 1506, 1507, 484, 485, 493, 1005, 1010, 502, 1527, 1016, 1019, 1021, 1535}
	{512, 1297, 530, 531, 19, 1811, 1298, 1557, 23, 1048, 1300, 1827, 806, 1577, 1322, 299, 562, 1849, 58, 317, 829, 1853, 1599, 1350, 329, 841, 1616, 85, 342, 597, 1880, 89, 1882, 88, 1883, 1379, 1124, 869, 1903, 625, 116, 1397, 375, 632, 124, 1662, 640, 1409, 384, 1411, 133, 1163, 144, 1169, 1683, 1173, 153, 671, 163, 1702, 678, 1449, 939, 685, 175, 1201, 434, 959, 713, 1995, 462, 977, 722, 1235, 1748, 474, 475, 480, 1250, 1251, 996, 741, 1515, 1007, 751, 1775, 752, 1268, 1528, 508, 1277, 510}
	{20}
	{1280, 1857, 1634, 26, 900, 744, 137, 1640, 305, 657, 1238, 762}
	{27}
	{1001, 28}
	{34, 217, 1638, 473}
	{1832, 37}
	{997, 1477, 1639, 39, 1191, 535, 1049, 382}
	{257, 1923, 1032, 1943, 1404, 1434, 1178, 542, 422, 935, 40, 1064, 1958, 1456, 1713, 1587, 436, 1845, 183, 1208, 700, 448, 837, 1608, 333, 335, 1487, 96, 1381, 1006, 1263, 366, 1649, 1265, 1011, 246, 1785, 380, 1405, 126, 1407}
	{1056, 515, 1513, 42, 1466, 221, 1919}
	{49}
	{52, 1525, 1975, 987}
	{54}
	{1632, 738, 56}
	{1536, 1089, 1988, 1125, 583, 970, 825, 57, 698}
	{129, 694, 1095, 60, 541, 846}
	{1600, 1347, 387, 264, 552, 136, 1938, 1523, 408, 1691, 62}
	{65, 1165, 83, 1876, 86, 1623, 538, 539, 858, 414, 1631, 100, 358, 1767, 431, 112, 1273, 953}
	{1153, 134, 1288, 1929, 143, 1174, 280, 664, 920, 1567, 927, 1314, 1447, 1194, 941, 429, 565, 438, 1725, 1087, 320, 705, 1091, 68, 452, 966, 1607, 1480, 1990, 726, 729, 91, 1503, 1121, 1131, 108, 369, 1274, 123, 1020}
	{69}
	{160, 70, 1414, 1542}
	{72}
	{73}
	{74, 77}
	{453, 1926, 521, 75, 1419, 651, 1035, 81, 595, 533, 537, 1179, 351, 1762, 105, 1457, 1271, 888, 1207}
	{772, 654, 1553, 1305, 1439, 1952, 546, 809, 682, 1195, 687, 1077, 440, 1338, 1598, 1472, 582, 1862, 1226, 716, 79, 1872, 82, 851, 1620, 1365, 87, 1751, 483, 1763, 492, 1392, 1778, 500, 373, 759, 1147, 767}
	{449, 1668, 711, 263, 265, 586, 1800, 1356, 972, 969, 148, 725, 281, 1243, 413, 95, 735, 736, 673, 1377, 1959, 1771, 1455, 1909, 1015, 952, 1657, 122, 315, 1085}
	{194, 579, 710, 1094, 391, 1418, 1290, 1430, 1750, 665, 986, 989, 931, 101, 679, 489, 1458, 1588, 308, 1852}
	{1187, 103, 1688, 174}
	{1739, 109}
	{1216, 1088, 322, 1799, 200, 650, 1932, 975, 655, 1622, 921, 922, 929, 111, 368, 1585, 1851, 1213}
	{1380, 1060, 1838, 113, 250, 1275}
	{115}
	{994, 1892, 118, 1914}
	{1186, 227, 1220, 201, 746, 119, 733}
	{125}
	{1856, 131, 1635, 1925, 838, 1765, 616, 1928, 1675, 1680}
	{132, 1142}
	{138, 1710, 1840, 1810, 1847, 702, 1791}
	{1413, 390, 653, 1806, 270, 1038, 1529, 1042, 147, 787, 1043, 532, 1171, 669, 1821, 162, 1445, 807, 822, 1592, 1978, 1980, 445, 830, 1344, 577, 321, 1218, 1859, 1736, 1481, 458, 1740, 1868, 1613, 207, 465, 978, 600, 1368, 1753, 346, 1373, 1630, 377, 1514, 619, 367, 240, 497, 372, 1401, 1660}
	{1509, 999, 1096, 1352, 1164, 1135, 1970, 1108, 150, 442, 1819, 1053}
	{228, 948, 151, 984, 748, 1359}
	{157}
	{1490, 504, 1113, 1545, 159}
	{169, 907, 191}
	{177}
	{528, 1956, 181}
	{184}
	{1793, 1667, 1541, 1991, 1161, 1617, 793, 1115, 859, 865, 674, 1636, 1896, 1004, 1714, 1971, 1524, 693, 758, 1912, 188, 1342}
	{756, 1451, 189, 1742}
	{1027, 196, 324, 848, 1239, 764, 1335, 1534}
	{961, 1729, 611, 1058, 202, 1002, 1422, 1358, 1519, 1137, 1786}
	{1633, 901, 938, 1964, 718, 432, 1780, 213, 1204, 536, 1242, 1563}
	{218, 1499, 1453}
	{1033, 425, 1134, 1041, 1495, 219, 958, 1727}
	{800, 225, 290, 1257, 428, 814, 1488, 337, 1334, 988, 1886, 479}
	{242}
	{1760, 1666, 549, 1701, 1357, 594, 243, 1333, 1144}
	{709, 1927, 522, 1611, 842, 783, 1424, 1168, 1684, 919, 409, 923, 1565, 670, 1962, 302, 753, 247}
	{251}
	{328, 636, 253}
	{1824, 963, 260, 1291, 1582, 1078, 311}
	{1841, 261, 1867, 1614}
	{1360, 266}
	{1285, 277, 1256}
	{291, 1460, 840, 794, 1245}
	{769, 292, 1735, 1448, 330, 1879, 304, 944, 1399, 1885}
	{727, 968, 1737, 295, 1279}
	{1047, 297, 1899, 990}
	{993, 1921, 455, 1384, 300, 1677}
	{1438, 1428, 310}
	{441, 313}
	{930, 1895, 488, 1705, 526, 688, 1232, 433, 629, 1719, 318}
	{704, 325, 1871, 607}
	{1601, 326, 870, 456, 1646, 1935, 634, 1916, 861}
	{354, 666}
	{361, 1822}
	{1073, 692, 362}
	{364}
	{1063, 1551, 819, 371, 1276, 1086, 991}
	{421, 1417, 395, 1230}
	{1317, 821, 1496, 1770, 399}
	{1026, 1050, 405}
	{707, 468, 407, 1721, 1934}
	{410}
	{1665, 419, 868, 714, 524, 1228, 1423, 1105, 1304, 443, 412}
	{1120, 1431, 1518, 662, 823, 1625, 444}
	{708, 843, 621, 1231, 945, 498, 691, 1330, 1241, 1628, 446}
	{454, 1366}
	{1728, 1410, 1894, 461, 1070, 1937, 1618, 1624, 1209, 1052, 637, 1758, 1663}
	{1093, 1573, 568, 463}
	{490}
	{511}
	{1112, 517, 1704}
	{544}
	{545, 1090, 613, 1222, 1030, 1672, 942, 1904, 1946, 892}
	{1670, 904, 1114, 558}
	{575}
	{1296, 1619, 581, 1643, 1597}
	{1193, 612}
	{1284, 615}
	{1761, 1669, 1989, 1996, 1363, 1686, 1878, 639}
	{641, 1074, 723, 844, 1166}
	{647}
	{649}
	{695}
	{734}
	{754}
	{768, 1697}
	{1756, 775}
	{778}
	{796}
	{804}
	{810}
	{872, 815, 1695}
	{849}
	{850}
	{1526, 857, 1018, 1805}
	{886, 871}
	{891}
	{908}
	{914}
	{924}
	{925, 1103}
	{950}
	{955}
	{960}
	{964, 1982, 1391}
	{967}
	{973}
	{979}
	{1000}
	{1024}
	{1081, 1510}
	{1092}
	{1858, 1107, 1642, 1787}
	{1117, 1486}
	{1123}
	{1139}
	{1229}
	{1289}
	{1324, 1757}
	{1340}
	{1367}
	{1371}
	{1383}
	{1387}
	{1402}
	{1584, 1425}
	{1454}
	{1473}
	{1478}
	{1504}
	{1508, 1774}
	{1548}
	{1549}
	{1564}
	{1589}
	{1612}
	{1654}
	{1696}
	{1833, 1766}
	{1792}
	{1795}
	{1801}
	{1802}
	{1817}
	{1866}
	{1884}
	{1961}
