iteracion 1
	pos= <x=2, y=-1, z=1>, vel= <x=3, y=-1, z=-1>
	pos= <x=3, y=-7, z=-4>, vel= <x=1, y=3, z=3>
	pos= <x=1, y=-7, z=5>, vel= <x=-3, y=1, z=-3>
	pos= <x=2, y=2, z=0>, vel= <x=-1, y=-3, z=1>
iteracion 2
	pos= <x=5, y=-3, z=-1>, vel= <x=3, y=-2, z=-2>
	pos= <x=1, y=-2, z=2>, vel= <x=-2, y=5, z=6>
	pos= <x=1, y=-4, z=-1>, vel= <x=0, y=3, z=-6>
	pos= <x=1, y=-4, z=2>, vel= <x=-1, y=-6, z=2>
iteracion 3
	pos= <x=5, y=-6, z=-1>, vel= <x=0, y=-3, z=0>
	pos= <x=0, y=0, z=6>, vel= <x=-1, y=2, z=4>
	pos= <x=2, y=1, z=-5>, vel= <x=1, y=5, z=-4>
	pos= <x=1, y=-8, z=2>, vel= <x=0, y=-4, z=0>
iteracion 4
	pos= <x=2, y=-8, z=0>, vel= <x=-3, y=-2, z=1>
	pos= <x=2, y=1, z=7>, vel= <x=2, y=1, z=1>
	pos= <x=2, y=3, z=-6>, vel= <x=0, y=2, z=-1>
	pos= <x=2, y=-9, z=1>, vel= <x=1, y=-1, z=-1>
iteracion 5
	pos= <x=-1, y=-9, z=2>, vel= <x=-3, y=-1, z=2>
	pos= <x=4, y=1, z=5>, vel= <x=2, y=0, z=-2>
	pos= <x=2, y=2, z=-4>, vel= <x=0, y=-1, z=2>
	pos= <x=3, y=-7, z=-1>, vel= <x=1, y=2, z=-2>
iteracion 6
	pos= <x=-1, y=-7, z=3>, vel= <x=0, y=2, z=1>
	pos= <x=3, y=0, z=0>, vel= <x=-1, y=-1, z=-5>
	pos= <x=3, y=-2, z=1>, vel= <x=1, y=-4, z=5>
	pos= <x=3, y=-4, z=-2>, vel= <x=0, y=3, z=-1>
iteracion 7
	pos= <x=2, y=-2, z=1>, vel= <x=3, y=5, z=-2>
	pos= <x=1, y=-4, z=-4>, vel= <x=-2, y=-4, z=-4>
	pos= <x=3, y=-7, z=5>, vel= <x=0, y=-5, z=4>
	pos= <x=2, y=0, z=0>, vel= <x=-1, y=4, z=2>
iteracion 8
	pos= <x=5, y=2, z=-2>, vel= <x=3, y=4, z=-3>
	pos= <x=2, y=-7, z=-5>, vel= <x=1, y=-3, z=-1>
	pos= <x=0, y=-9, z=6>, vel= <x=-3, y=-2, z=1>
	pos= <x=1, y=1, z=3>, vel= <x=-1, y=1, z=3>
iteracion 9
	pos= <x=5, y=3, z=-4>, vel= <x=0, y=1, z=-2>
	pos= <x=2, y=-9, z=-3>, vel= <x=0, y=-2, z=2>
	pos= <x=0, y=-8, z=4>, vel= <x=0, y=1, z=-2>
	pos= <x=1, y=1, z=5>, vel= <x=0, y=0, z=2>
iteracion 10
	pos= <x=2, y=1, z=-3>, vel= <x=-3, y=-2, z=1>
	pos= <x=1, y=-8, z=0>, vel= <x=-1, y=1, z=3>
	pos= <x=3, y=-6, z=1>, vel= <x=3, y=2, z=-3>
	pos= <x=2, y=0, z=4>, vel= <x=1, y=-1, z=-1>

Energía total: 179