PART 1
Number of outputs with number 1, 4, 7 or 8 = 539

----------------------------------------------

PART 2
Pattern-sum correspondences:
	[('acdefg', 0), ('ad', 1), ('bcdeg', 2), ('abcde', 3), ('abdf', 4), ('abcef', 5), ('abcefg', 6), ('acd', 7), ('abcdefg', 8), ('abcdef', 9)]	Signal: 0794
	[('acdefg', 0), ('de', 1), ('abcdg', 2), ('abcde', 3), ('bdef', 4), ('abcef', 5), ('abcefg', 6), ('ade', 7), ('abcdefg', 8), ('abcdef', 9)]	Signal: 6101
	[('abcdfg', 0), ('af', 1), ('bdefg', 2), ('adefg', 3), ('acef', 4), ('acdeg', 5), ('abcdeg', 6), ('adf', 7), ('abcdefg', 8), ('acdefg', 9)]	Signal: 9188
	[('bcdefg', 0), ('df', 1), ('abcdg', 2), ('abcdf', 3), ('adef', 4), ('abcef', 5), ('abcefg', 6), ('bdf', 7), ('abcdefg', 8), ('abcdef', 9)]	Signal: 1647
	[('abcdef', 0), ('bc', 1), ('abdfg', 2), ('abcfg', 3), ('bceg', 4), ('acefg', 5), ('acdefg', 6), ('abc', 7), ('abcdefg', 8), ('abcefg', 9)]	Signal: 6189
	[('abcefg', 0), ('cf', 1), ('abdef', 2), ('acdef', 3), ('cdfg', 4), ('acdeg', 5), ('abcdeg', 6), ('cef', 7), ('abcdefg', 8), ('acdefg', 9)]	Signal: 7714
	[('abcefg', 0), ('cf', 1), ('bdefg', 2), ('cdefg', 3), ('acdf', 4), ('acdeg', 5), ('abcdeg', 6), ('cef', 7), ('abcdefg', 8), ('acdefg', 9)]	Signal: 5393
	[('abcdeg', 0), ('ac', 1), ('abdef', 2), ('abcef', 3), ('acfg', 4), ('bcefg', 5), ('bcdefg', 6), ('ace', 7), ('abcdefg', 8), ('abcefg', 9)]	Signal: 1124
	[('bcdefg', 0), ('cd', 1), ('abdef', 2), ('abcde', 3), ('acdg', 4), ('abceg', 5), ('abcefg', 6), ('bcd', 7), ('abcdefg', 8), ('abcdeg', 9)]	Signal: 4511
	[('bcdefg', 0), ('bg', 1), ('acdeg', 2), ('abcdg', 3), ('abfg', 4), ('abcdf', 5), ('abcdef', 6), ('bdg', 7), ('abcdefg', 8), ('abcdfg', 9)]	Signal: 8107
	[('abcdef', 0), ('ac', 1), ('bcefg', 2), ('abcfg', 3), ('acdg', 4), ('abdfg', 5), ('abdefg', 6), ('acf', 7), ('abcdefg', 8), ('abcdfg', 9)]	Signal: 1428
	[('abcdeg', 0), ('ag', 1), ('cdefg', 2), ('adefg', 3), ('abfg', 4), ('abdef', 5), ('abcdef', 6), ('adg', 7), ('abcdefg', 8), ('abdefg', 9)]	Signal: 3734
	[('abcdef', 0), ('ab', 1), ('acefg', 2), ('abceg', 3), ('abdg', 4), ('bcdeg', 5), ('bcdefg', 6), ('abc', 7), ('abcdefg', 8), ('abcdeg', 9)]	Signal: 8384
	[('abcdef', 0), ('df', 1), ('abcdg', 2), ('acdfg', 3), ('defg', 4), ('acefg', 5), ('abcefg', 6), ('adf', 7), ('abcdefg', 8), ('acdefg', 9)]	Signal: 6274
	[('acdefg', 0), ('ag', 1), ('bcdfg', 2), ('abdfg', 3), ('abeg', 4), ('abdef', 5), ('abcdef', 6), ('adg', 7), ('abcdefg', 8), ('abdefg', 9)]	Signal: 5797
	[('abdefg', 0), ('fg', 1), ('abcef', 2), ('bcefg', 3), ('cdfg', 4), ('bcdeg', 5), ('abcdeg', 6), ('bfg', 7), ('abcdefg', 8), ('bcdefg', 9)]	Signal: 1117
	[('abcdfg', 0), ('bg', 1), ('abdef', 2), ('abefg', 3), ('bceg', 4), ('acefg', 5), ('acdefg', 6), ('abg', 7), ('abcdefg', 8), ('abcefg', 9)]	Signal: 0785
	[('abcefg', 0), ('bc', 1), ('cdefg', 2), ('bcdeg', 3), ('abcd', 4), ('abdeg', 5), ('abdefg', 6), ('bcg', 7), ('abcdefg', 8), ('abcdeg', 9)]	Signal: 3185
	[('abcdfg', 0), ('ab', 1), ('bcefg', 2), ('abceg', 3), ('abde', 4), ('acdeg', 5), ('acdefg', 6), ('abg', 7), ('abcdefg', 8), ('abcdeg', 9)]	Signal: 6860
	[('abcefg', 0), ('ab', 1), ('acdeg', 2), ('abcdg', 3), ('abdf', 4), ('bcdfg', 5), ('bcdefg', 6), ('abc', 7), ('abcdefg', 8), ('abcdfg', 9)]	Signal: 7987
	[('abcdef', 0), ('bc', 1), ('acdeg', 2), ('abcdg', 3), ('bcfg', 4), ('abdfg', 5), ('abdefg', 6), ('abc', 7), ('abcdefg', 8), ('abcdfg', 9)]	Signal: 1877
	[('abdefg', 0), ('fg', 1), ('acdef', 2), ('cdefg', 3), ('bcfg', 4), ('bcdeg', 5), ('abcdeg', 6), ('efg', 7), ('abcdefg', 8), ('bcdefg', 9)]	Signal: 8777
	[('abcdeg', 0), ('bd', 1), ('abefg', 2), ('abdef', 3), ('bcdf', 4), ('acdef', 5), ('acdefg', 6), ('abd', 7), ('abcdefg', 8), ('abcdef', 9)]	Signal: 3481
	[('abcdef', 0), ('ce', 1), ('adefg', 2), ('cdefg', 3), ('bceg', 4), ('bcdfg', 5), ('abcdfg', 6), ('cef', 7), ('abcdefg', 8), ('bcdefg', 9)]	Signal: 7913
	[('abcdfg', 0), ('bg', 1), ('acdeg', 2), ('abdeg', 3), ('befg', 4), ('abdef', 5), ('abcdef', 6), ('bdg', 7), ('abcdefg', 8), ('abdefg', 9)]	Signal: 7010
	[('abdefg', 0), ('af', 1), ('bcdef', 2), ('abcef', 3), ('acfg', 4), ('abceg', 5), ('abcdeg', 6), ('aef', 7), ('abcdefg', 8), ('abcefg', 9)]	Signal: 1813
	[('bcdefg', 0), ('ce', 1), ('adefg', 2), ('acdeg', 3), ('abce', 4), ('abcdg', 5), ('abcdfg', 6), ('ceg', 7), ('abcdefg', 8), ('abcdeg', 9)]	Signal: 5487
	[('abdefg', 0), ('ab', 1), ('bcefg', 2), ('abcfg', 3), ('abcd', 4), ('acdfg', 5), ('acdefg', 6), ('abg', 7), ('abcdefg', 8), ('abcdfg', 9)]	Signal: 3316
	[('acdefg', 0), ('dg', 1), ('abefg', 2), ('bdefg', 3), ('bcdg', 4), ('bcdef', 5), ('abcdef', 6), ('dfg', 7), ('abcdefg', 8), ('bcdefg', 9)]	Signal: 8341
	[('abcdef', 0), ('bc', 1), ('acdeg', 2), ('abcdg', 3), ('bcfg', 4), ('abdfg', 5), ('abdefg', 6), ('bcd', 7), ('abcdefg', 8), ('abcdfg', 9)]	Signal: 8144
	[('bcdefg', 0), ('de', 1), ('abceg', 2), ('abdeg', 3), ('adef', 4), ('abdfg', 5), ('abcdfg', 6), ('bde', 7), ('abcdefg', 8), ('abdefg', 9)]	Signal: 3443
	[('acdefg', 0), ('ae', 1), ('abdfg', 2), ('abefg', 3), ('abce', 4), ('bcefg', 5), ('bcdefg', 6), ('aef', 7), ('abcdefg', 8), ('abcefg', 9)]	Signal: 7641
	[('abdefg', 0), ('bd', 1), ('acdef', 2), ('bcdef', 3), ('bcdg', 4), ('bcefg', 5), ('abcefg', 6), ('bde', 7), ('abcdefg', 8), ('bcdefg', 9)]	Signal: 7888
	[('abcdef', 0), ('ae', 1), ('bcefg', 2), ('acefg', 3), ('adeg', 4), ('acdfg', 5), ('abcdfg', 6), ('ace', 7), ('abcdefg', 8), ('acdefg', 9)]	Signal: 8730
	[('abcdef', 0), ('cd', 1), ('abdfg', 2), ('abcdg', 3), ('cdeg', 4), ('abceg', 5), ('abcefg', 6), ('acd', 7), ('abcdefg', 8), ('abcdeg', 9)]	Signal: 9744
	[('bcdefg', 0), ('dg', 1), ('acdef', 2), ('acdeg', 3), ('abdg', 4), ('abceg', 5), ('abcefg', 6), ('cdg', 7), ('abcdefg', 8), ('abcdeg', 9)]	Signal: 8488
	[('abcdeg', 0), ('cg', 1), ('abdfg', 2), ('abcfg', 3), ('cefg', 4), ('abcef', 5), ('abcdef', 6), ('bcg', 7), ('abcdefg', 8), ('abcefg', 9)]	Signal: 3147
	[('acdefg', 0), ('ce', 1), ('bdefg', 2), ('bcdef', 3), ('abce', 4), ('abcdf', 5), ('abcdfg', 6), ('cef', 7), ('abcdefg', 8), ('abcdef', 9)]	Signal: 4211
	[('abcefg', 0), ('ef', 1), ('acdfg', 2), ('acdef', 3), ('bdef', 4), ('abcde', 5), ('abcdeg', 6), ('aef', 7), ('abcdefg', 8), ('abcdef', 9)]	Signal: 4411
	[('bcdefg', 0), ('bg', 1), ('acdeg', 2), ('abceg', 3), ('abfg', 4), ('abcef', 5), ('abcdef', 6), ('bcg', 7), ('abcdefg', 8), ('abcefg', 9)]	Signal: 4004
	[('abcdef', 0), ('bf', 1), ('bcdeg', 2), ('bcefg', 3), ('abfg', 4), ('acefg', 5), ('acdefg', 6), ('bef', 7), ('abcdefg', 8), ('abcefg', 9)]	Signal: 7917
	[('abcdef', 0), ('df', 1), ('abefg', 2), ('bdefg', 3), ('cdfg', 4), ('bcdeg', 5), ('abcdeg', 6), ('def', 7), ('abcdefg', 8), ('bcdefg', 9)]	Signal: 7441
	[('abcdef', 0), ('ce', 1), ('abcfg', 2), ('abceg', 3), ('cdeg', 4), ('abdeg', 5), ('abdefg', 6), ('ace', 7), ('abcdefg', 8), ('abcdeg', 9)]	Signal: 0837
	[('abcefg', 0), ('ae', 1), ('cdefg', 2), ('adefg', 3), ('abde', 4), ('abdfg', 5), ('abcdfg', 6), ('aef', 7), ('abcdefg', 8), ('abdefg', 9)]	Signal: 1747
	[('abcdfg', 0), ('dg', 1), ('abcde', 2), ('bcdeg', 3), ('defg', 4), ('bcefg', 5), ('abcefg', 6), ('cdg', 7), ('abcdefg', 8), ('bcdefg', 9)]	Signal: 8825
	[('abcdfg', 0), ('df', 1), ('acefg', 2), ('cdefg', 3), ('bdef', 4), ('bcdeg', 5), ('abcdeg', 6), ('dfg', 7), ('abcdefg', 8), ('bcdefg', 9)]	Signal: 7838
	[('abcdfg', 0), ('bg', 1), ('cdefg', 2), ('bcefg', 3), ('abeg', 4), ('abcef', 5), ('abcdef', 6), ('bcg', 7), ('abcdefg', 8), ('abcefg', 9)]	Signal: 0184
	[('abcdef', 0), ('de', 1), ('bcdfg', 2), ('bdefg', 3), ('adeg', 4), ('abefg', 5), ('abcefg', 6), ('bde', 7), ('abcdefg', 8), ('abdefg', 9)]	Signal: 6863
	[('abcdfg', 0), ('df', 1), ('abcef', 2), ('acdef', 3), ('defg', 4), ('acdeg', 5), ('abcdeg', 6), ('cdf', 7), ('abcdefg', 8), ('acdefg', 9)]	Signal: 6984
	[('bcdefg', 0), ('be', 1), ('abcfg', 2), ('abceg', 3), ('abde', 4), ('acdeg', 5), ('acdefg', 6), ('beg', 7), ('abcdefg', 8), ('abcdeg', 9)]	Signal: 4815
	[('acdefg', 0), ('cf', 1), ('abcdg', 2), ('abcfg', 3), ('bcef', 4), ('abefg', 5), ('abdefg', 6), ('cfg', 7), ('abcdefg', 8), ('abcefg', 9)]	Signal: 4877
	[('abcefg', 0), ('af', 1), ('cdefg', 2), ('acdef', 3), ('abdf', 4), ('abcde', 5), ('abcdeg', 6), ('aef', 7), ('abcdefg', 8), ('abcdef', 9)]	Signal: 8133
	[('acdefg', 0), ('ac', 1), ('abdef', 2), ('abcef', 3), ('abcg', 4), ('bcefg', 5), ('bcdefg', 6), ('acf', 7), ('abcdefg', 8), ('abcefg', 9)]	Signal: 8241
	[('acdefg', 0), ('fg', 1), ('abcdf', 2), ('abdfg', 3), ('befg', 4), ('abdeg', 5), ('abcdeg', 6), ('afg', 7), ('abcdefg', 8), ('abdefg', 9)]	Signal: 9804
	[('bcdefg', 0), ('cd', 1), ('abdeg', 2), ('abcdg', 3), ('acdf', 4), ('abcfg', 5), ('abcefg', 6), ('bcd', 7), ('abcdefg', 8), ('abcdfg', 9)]	Signal: 2447
	[('abcefg', 0), ('cg', 1), ('abcdf', 2), ('bcdfg', 3), ('cdeg', 4), ('bdefg', 5), ('abdefg', 6), ('bcg', 7), ('abcdefg', 8), ('bcdefg', 9)]	Signal: 7814
	[('bcdefg', 0), ('be', 1), ('adefg', 2), ('abdeg', 3), ('abce', 4), ('abcdg', 5), ('abcdfg', 6), ('bde', 7), ('abcdefg', 8), ('abcdeg', 9)]	Signal: 2432
	[('bcdefg', 0), ('cg', 1), ('abcef', 2), ('acefg', 3), ('acdg', 4), ('adefg', 5), ('abdefg', 6), ('ceg', 7), ('abcdefg', 8), ('acdefg', 9)]	Signal: 8887
	[('abcdef', 0), ('ef', 1), ('bcdeg', 2), ('bdefg', 3), ('aefg', 4), ('abdfg', 5), ('abcdfg', 6), ('bef', 7), ('abcdefg', 8), ('abdefg', 9)]	Signal: 3447
	[('abcefg', 0), ('cg', 1), ('acdef', 2), ('acdfg', 3), ('bcdg', 4), ('abdfg', 5), ('abdefg', 6), ('cfg', 7), ('abcdefg', 8), ('abcdfg', 9)]	Signal: 1148
	[('abcefg', 0), ('ce', 1), ('bdefg', 2), ('bcdef', 3), ('acde', 4), ('abcdf', 5), ('abcdfg', 6), ('bce', 7), ('abcdefg', 8), ('abcdef', 9)]	Signal: 7414
	[('abcdef', 0), ('af', 1), ('abdeg', 2), ('adefg', 3), ('acfg', 4), ('cdefg', 5), ('bcdefg', 6), ('adf', 7), ('abcdefg', 8), ('acdefg', 9)]	Signal: 8731
	[('abcefg', 0), ('be', 1), ('bcdfg', 2), ('bdefg', 3), ('abde', 4), ('adefg', 5), ('acdefg', 6), ('bef', 7), ('abcdefg', 8), ('abdefg', 9)]	Signal: 1795
	[('abdefg', 0), ('af', 1), ('abceg', 2), ('abcfg', 3), ('acdf', 4), ('bcdfg', 5), ('bcdefg', 6), ('abf', 7), ('abcdefg', 8), ('abcdfg', 9)]	Signal: 9914
	[('abcdfg', 0), ('ag', 1), ('abdef', 2), ('abefg', 3), ('aceg', 4), ('bcefg', 5), ('bcdefg', 6), ('afg', 7), ('abcdefg', 8), ('abcefg', 9)]	Signal: 4678
	[('abdefg', 0), ('df', 1), ('abcdg', 2), ('abcdf', 3), ('cdef', 4), ('abcef', 5), ('abcefg', 6), ('bdf', 7), ('abcdefg', 8), ('abcdef', 9)]	Signal: 4837
	[('abcdeg', 0), ('bd', 1), ('cdefg', 2), ('bcdef', 3), ('abdf', 4), ('abcef', 5), ('abcefg', 6), ('bcd', 7), ('abcdefg', 8), ('abcdef', 9)]	Signal: 7602
	[('abcdfg', 0), ('fg', 1), ('acdef', 2), ('acefg', 3), ('befg', 4), ('abceg', 5), ('abcdeg', 6), ('afg', 7), ('abcdefg', 8), ('abcefg', 9)]	Signal: 1911
	[('acdefg', 0), ('af', 1), ('abceg', 2), ('abcfg', 3), ('abdf', 4), ('bcdfg', 5), ('bcdefg', 6), ('afg', 7), ('abcdefg', 8), ('abcdfg', 9)]	Signal: 8888
	[('acdefg', 0), ('dg', 1), ('abcdf', 2), ('abdfg', 3), ('bdeg', 4), ('abefg', 5), ('abcefg', 6), ('dfg', 7), ('abcdefg', 8), ('abdefg', 9)]	Signal: 5443
	[('bcdefg', 0), ('fg', 1), ('abceg', 2), ('abcfg', 3), ('adfg', 4), ('abcdf', 5), ('abcdef', 6), ('bfg', 7), ('abcdefg', 8), ('abcdfg', 9)]	Signal: 6418
	[('acdefg', 0), ('eg', 1), ('abcfg', 2), ('bcefg', 3), ('bdeg', 4), ('bcdef', 5), ('abcdef', 6), ('ceg', 7), ('abcdefg', 8), ('bcdefg', 9)]	Signal: 8864
	[('abcdfg', 0), ('ac', 1), ('adefg', 2), ('acdef', 3), ('abce', 4), ('bcdef', 5), ('bcdefg', 6), ('acd', 7), ('abcdefg', 8), ('abcdef', 9)]	Signal: 4081
	[('bcdefg', 0), ('eg', 1), ('abcde', 2), ('abceg', 3), ('aefg', 4), ('abcfg', 5), ('abcdfg', 6), ('beg', 7), ('abcdefg', 8), ('abcefg', 9)]	Signal: 8877
	[('abcdeg', 0), ('cg', 1), ('abdfg', 2), ('acdfg', 3), ('cefg', 4), ('acdef', 5), ('abcdef', 6), ('acg', 7), ('abcdefg', 8), ('acdefg', 9)]	Signal: 0594
	[('abcdeg', 0), ('ad', 1), ('bdefg', 2), ('adefg', 3), ('acdf', 4), ('acefg', 5), ('abcefg', 6), ('adg', 7), ('abcdefg', 8), ('acdefg', 9)]	Signal: 4687
	[('abdefg', 0), ('de', 1), ('bcefg', 2), ('bcdef', 3), ('acde', 4), ('abcdf', 5), ('abcdfg', 6), ('def', 7), ('abcdefg', 8), ('abcdef', 9)]	Signal: 6900
	[('acdefg', 0), ('dg', 1), ('bcefg', 2), ('bcdeg', 3), ('abdg', 4), ('abcde', 5), ('abcdef', 6), ('deg', 7), ('abcdefg', 8), ('abcdeg', 9)]	Signal: 7478
	[('abcdef', 0), ('ef', 1), ('bcdeg', 2), ('bcefg', 3), ('aefg', 4), ('abcfg', 5), ('abcdfg', 6), ('cef', 7), ('abcdefg', 8), ('abcefg', 9)]	Signal: 6776
	[('bcdefg', 0), ('df', 1), ('abcef', 2), ('abcdf', 3), ('adfg', 4), ('abcdg', 5), ('abcdeg', 6), ('cdf', 7), ('abcdefg', 8), ('abcdfg', 9)]	Signal: 1838
	[('bcdefg', 0), ('be', 1), ('acdef', 2), ('abdef', 3), ('abeg', 4), ('abdfg', 5), ('abcdfg', 6), ('bde', 7), ('abcdefg', 8), ('abdefg', 9)]	Signal: 8087
	[('abcefg', 0), ('bf', 1), ('adefg', 2), ('abdfg', 3), ('bcdf', 4), ('abcdg', 5), ('abcdeg', 6), ('bfg', 7), ('abcdefg', 8), ('abcdfg', 9)]	Signal: 8454
	[('abcdfg', 0), ('ag', 1), ('abcde', 2), ('abceg', 3), ('aefg', 4), ('bcefg', 5), ('bcdefg', 6), ('acg', 7), ('abcdefg', 8), ('abcefg', 9)]	Signal: 4186
	[('acdefg', 0), ('ef', 1), ('abcde', 2), ('abcef', 3), ('befg', 4), ('abcfg', 5), ('abcdfg', 6), ('aef', 7), ('abcdefg', 8), ('abcefg', 9)]	Signal: 7898
	[('acdefg', 0), ('de', 1), ('abefg', 2), ('bdefg', 3), ('bcde', 4), ('bcdfg', 5), ('abcdfg', 6), ('def', 7), ('abcdefg', 8), ('bcdefg', 9)]	Signal: 8414
	[('abdefg', 0), ('eg', 1), ('abcde', 2), ('abceg', 3), ('cefg', 4), ('abcfg', 5), ('abcdfg', 6), ('beg', 7), ('abcdefg', 8), ('abcefg', 9)]	Signal: 0581
	[('bcdefg', 0), ('dg', 1), ('abdef', 2), ('adefg', 3), ('acdg', 4), ('acefg', 5), ('abcefg', 6), ('deg', 7), ('abcdefg', 8), ('acdefg', 9)]	Signal: 8014
	[('abcdeg', 0), ('ac', 1), ('adefg', 2), ('acdfg', 3), ('abcf', 4), ('bcdfg', 5), ('bcdefg', 6), ('acg', 7), ('abcdefg', 8), ('abcdfg', 9)]	Signal: 8752
	[('abcefg', 0), ('bc', 1), ('acdfg', 2), ('abcdg', 3), ('bcde', 4), ('abdeg', 5), ('abdefg', 6), ('abc', 7), ('abcdefg', 8), ('abcdeg', 9)]	Signal: 3334
	[('abcdeg', 0), ('cg', 1), ('bcdef', 2), ('bcefg', 3), ('acfg', 4), ('abefg', 5), ('abdefg', 6), ('ceg', 7), ('abcdefg', 8), ('abcefg', 9)]	Signal: 7025
	[('abcefg', 0), ('be', 1), ('cdefg', 2), ('bcdef', 3), ('abde', 4), ('abcdf', 5), ('abcdfg', 6), ('bef', 7), ('abcdefg', 8), ('abcdef', 9)]	Signal: 3716
	[('acdefg', 0), ('ad', 1), ('bcdfg', 2), ('abcdf', 3), ('abde', 4), ('abcef', 5), ('abcefg', 6), ('adf', 7), ('abcdefg', 8), ('abcdef', 9)]	Signal: 1171
	[('acdefg', 0), ('de', 1), ('abdfg', 2), ('bdefg', 3), ('bcde', 4), ('bcefg', 5), ('abcefg', 6), ('deg', 7), ('abcdefg', 8), ('bcdefg', 9)]	Signal: 7945
	[('abcdeg', 0), ('ce', 1), ('abefg', 2), ('acefg', 3), ('cdef', 4), ('acdfg', 5), ('abcdfg', 6), ('ceg', 7), ('abcdefg', 8), ('acdefg', 9)]	Signal: 7487
	[('abcdef', 0), ('ad', 1), ('cdefg', 2), ('acdfg', 3), ('abdg', 4), ('abcfg', 5), ('abcefg', 6), ('acd', 7), ('abcdefg', 8), ('abcdfg', 9)]	Signal: 8754
	[('acdefg', 0), ('ef', 1), ('bcdeg', 2), ('bdefg', 3), ('abef', 4), ('abdfg', 5), ('abcdfg', 6), ('def', 7), ('abcdefg', 8), ('abdefg', 9)]	Signal: 8742
	[('acdefg', 0), ('cg', 1), ('abcef', 2), ('abceg', 3), ('bcdg', 4), ('abdeg', 5), ('abdefg', 6), ('acg', 7), ('abcdefg', 8), ('abcdeg', 9)]	Signal: 7410
	[('acdefg', 0), ('df', 1), ('abcdg', 2), ('bcdfg', 3), ('bdef', 4), ('bcefg', 5), ('abcefg', 6), ('dfg', 7), ('abcdefg', 8), ('bcdefg', 9)]	Signal: 1230
	[('bcdefg', 0), ('fg', 1), ('abdeg', 2), ('abdfg', 3), ('acfg', 4), ('abcdf', 5), ('abcdef', 6), ('dfg', 7), ('abcdefg', 8), ('abcdfg', 9)]	Signal: 1101
	[('abcdfg', 0), ('dg', 1), ('bcefg', 2), ('cdefg', 3), ('adeg', 4), ('acdef', 5), ('abcdef', 6), ('dfg', 7), ('abcdefg', 8), ('acdefg', 9)]	Signal: 1899
	[('abcefg', 0), ('bf', 1), ('abcde', 2), ('abdef', 3), ('bdfg', 4), ('adefg', 5), ('acdefg', 6), ('bef', 7), ('abcdefg', 8), ('abdefg', 9)]	Signal: 4136
	[('acdefg', 0), ('df', 1), ('abcdg', 2), ('abdfg', 3), ('bdef', 4), ('abefg', 5), ('abcefg', 6), ('dfg', 7), ('abcdefg', 8), ('abdefg', 9)]	Signal: 7727
	[('abcdeg', 0), ('ac', 1), ('adefg', 2), ('acdef', 3), ('abcf', 4), ('bcdef', 5), ('bcdefg', 6), ('acd', 7), ('abcdefg', 8), ('abcdef', 9)]	Signal: 4447
	[('abcdef', 0), ('cd', 1), ('acefg', 2), ('cdefg', 3), ('bcdg', 4), ('bdefg', 5), ('abdefg', 6), ('cde', 7), ('abcdefg', 8), ('bcdefg', 9)]	Signal: 4371
	[('abcefg', 0), ('cg', 1), ('bdefg', 2), ('bcdfg', 3), ('acdg', 4), ('abcdf', 5), ('abcdef', 6), ('cfg', 7), ('abcdefg', 8), ('abcdfg', 9)]	Signal: 2917
	[('abdefg', 0), ('bd', 1), ('bcefg', 2), ('bcdfg', 3), ('abcd', 4), ('acdfg', 5), ('acdefg', 6), ('bdf', 7), ('abcdefg', 8), ('abcdfg', 9)]	Signal: 1646
	[('abcdef', 0), ('af', 1), ('bdefg', 2), ('abdfg', 3), ('acfg', 4), ('abcdg', 5), ('abcdeg', 6), ('abf', 7), ('abcdefg', 8), ('abcdfg', 9)]	Signal: 8498
	[('abcdfg', 0), ('df', 1), ('abcde', 2), ('acdef', 3), ('defg', 4), ('acefg', 5), ('abcefg', 6), ('adf', 7), ('abcdefg', 8), ('acdefg', 9)]	Signal: 0892
	[('abcdfg', 0), ('bd', 1), ('abceg', 2), ('abcde', 3), ('bdef', 4), ('acdef', 5), ('acdefg', 6), ('bcd', 7), ('abcdefg', 8), ('abcdef', 9)]	Signal: 4440
	[('abdefg', 0), ('dg', 1), ('abceg', 2), ('bcdeg', 3), ('cdfg', 4), ('bcdef', 5), ('abcdef', 6), ('deg', 7), ('abcdefg', 8), ('bcdefg', 9)]	Signal: 1777
	[('abcdef', 0), ('cf', 1), ('bcdeg', 2), ('bcefg', 3), ('acfg', 4), ('abefg', 5), ('abdefg', 6), ('bcf', 7), ('abcdefg', 8), ('abcefg', 9)]	Signal: 8201
	[('abdefg', 0), ('af', 1), ('bcdfg', 2), ('acdfg', 3), ('acef', 4), ('acdeg', 5), ('abcdeg', 6), ('afg', 7), ('abcdefg', 8), ('acdefg', 9)]	Signal: 1128
	[('abcdef', 0), ('ef', 1), ('acdfg', 2), ('adefg', 3), ('befg', 4), ('abdeg', 5), ('abcdeg', 6), ('def', 7), ('abcdefg', 8), ('abdefg', 9)]	Signal: 4322
	[('abdefg', 0), ('dg', 1), ('abceg', 2), ('acdeg', 3), ('cdfg', 4), ('acdef', 5), ('abcdef', 6), ('adg', 7), ('abcdefg', 8), ('acdefg', 9)]	Signal: 3745
	[('abcdfg', 0), ('cg', 1), ('acdef', 2), ('acefg', 3), ('bceg', 4), ('abefg', 5), ('abdefg', 6), ('cfg', 7), ('abcdefg', 8), ('abcefg', 9)]	Signal: 6446
	[('abcdfg', 0), ('ab', 1), ('bcefg', 2), ('abcef', 3), ('abde', 4), ('acdef', 5), ('acdefg', 6), ('abf', 7), ('abcdefg', 8), ('abcdef', 9)]	Signal: 1165
	[('acdefg', 0), ('ac', 1), ('abdeg', 2), ('abcde', 3), ('abcf', 4), ('bcdef', 5), ('bcdefg', 6), ('acd', 7), ('abcdefg', 8), ('abcdef', 9)]	Signal: 9747
	[('abcdef', 0), ('bd', 1), ('abceg', 2), ('abcdg', 3), ('bdfg', 4), ('acdfg', 5), ('acdefg', 6), ('abd', 7), ('abcdefg', 8), ('abcdfg', 9)]	Signal: 0300
	[('abcefg', 0), ('ac', 1), ('abdef', 2), ('abcde', 3), ('acdg', 4), ('bcdeg', 5), ('bcdefg', 6), ('ace', 7), ('abcdefg', 8), ('abcdeg', 9)]	Signal: 4377
	[('acdefg', 0), ('cg', 1), ('abcdf', 2), ('abcfg', 3), ('bceg', 4), ('abefg', 5), ('abdefg', 6), ('cfg', 7), ('abcdefg', 8), ('abcefg', 9)]	Signal: 5541
	[('bcdefg', 0), ('cg', 1), ('abcef', 2), ('acefg', 3), ('acdg', 4), ('adefg', 5), ('abdefg', 6), ('ceg', 7), ('abcdefg', 8), ('acdefg', 9)]	Signal: 7880
	[('acdefg', 0), ('ad', 1), ('bcdef', 2), ('abdef', 3), ('abdg', 4), ('abefg', 5), ('abcefg', 6), ('adf', 7), ('abcdefg', 8), ('abdefg', 9)]	Signal: 4449
	[('abcdef', 0), ('df', 1), ('abcfg', 2), ('acdfg', 3), ('defg', 4), ('acdeg', 5), ('abcdeg', 6), ('cdf', 7), ('abcdefg', 8), ('acdefg', 9)]	Signal: 1441
	[('abcefg', 0), ('be', 1), ('abcdg', 2), ('bcdeg', 3), ('bdef', 4), ('cdefg', 5), ('acdefg', 6), ('bce', 7), ('abcdefg', 8), ('bcdefg', 9)]	Signal: 8474
	[('abdefg', 0), ('dg', 1), ('abcdf', 2), ('bcdfg', 3), ('cdeg', 4), ('bcefg', 5), ('abcefg', 6), ('dfg', 7), ('abcdefg', 8), ('bcdefg', 9)]	Signal: 8776
	[('acdefg', 0), ('ad', 1), ('abefg', 2), ('abdef', 3), ('abcd', 4), ('bcdef', 5), ('bcdefg', 6), ('ade', 7), ('abcdefg', 8), ('abcdef', 9)]	Signal: 8473
	[('bcdefg', 0), ('df', 1), ('abcde', 2), ('abcdf', 3), ('adfg', 4), ('abcfg', 5), ('abcefg', 6), ('cdf', 7), ('abcdefg', 8), ('abcdfg', 9)]	Signal: 4827
	[('abcdef', 0), ('ad', 1), ('abcfg', 2), ('abdfg', 3), ('adeg', 4), ('bdefg', 5), ('bcdefg', 6), ('abd', 7), ('abcdefg', 8), ('abdefg', 9)]	Signal: 3136
	[('bcdefg', 0), ('bc', 1), ('abefg', 2), ('abcef', 3), ('abcd', 4), ('acdef', 5), ('acdefg', 6), ('bcf', 7), ('abcdefg', 8), ('abcdef', 9)]	Signal: 2711
	[('acdefg', 0), ('ae', 1), ('bcdeg', 2), ('abcde', 3), ('abef', 4), ('abcdf', 5), ('abcdfg', 6), ('ace', 7), ('abcdefg', 8), ('abcdef', 9)]	Signal: 1984
	[('abcdfg', 0), ('fg', 1), ('abdef', 2), ('bdefg', 3), ('cefg', 4), ('bcdeg', 5), ('abcdeg', 6), ('dfg', 7), ('abcdefg', 8), ('bcdefg', 9)]	Signal: 8477
	[('abcefg', 0), ('eg', 1), ('abdfg', 2), ('adefg', 3), ('cdeg', 4), ('acdef', 5), ('abcdef', 6), ('efg', 7), ('abcdefg', 8), ('acdefg', 9)]	Signal: 4430
	[('abdefg', 0), ('fg', 1), ('abceg', 2), ('acefg', 3), ('cdfg', 4), ('acdef', 5), ('abcdef', 6), ('afg', 7), ('abcdefg', 8), ('acdefg', 9)]	Signal: 1788
	[('bcdefg', 0), ('df', 1), ('abefg', 2), ('abdfg', 3), ('acdf', 4), ('abcdg', 5), ('abcdeg', 6), ('dfg', 7), ('abcdefg', 8), ('abcdfg', 9)]	Signal: 2747
	[('bcdefg', 0), ('cd', 1), ('acefg', 2), ('acdfg', 3), ('abcd', 4), ('abdfg', 5), ('abdefg', 6), ('cdf', 7), ('abcdefg', 8), ('abcdfg', 9)]	Signal: 7687
	[('acdefg', 0), ('ag', 1), ('abcdf', 2), ('abcdg', 3), ('abeg', 4), ('bcdeg', 5), ('bcdefg', 6), ('adg', 7), ('abcdefg', 8), ('abcdeg', 9)]	Signal: 3914
	[('acdefg', 0), ('ef', 1), ('abcfg', 2), ('bcefg', 3), ('bdef', 4), ('bcdeg', 5), ('abcdeg', 6), ('efg', 7), ('abcdefg', 8), ('bcdefg', 9)]	Signal: 7587
	[('bcdefg', 0), ('eg', 1), ('abcfg', 2), ('abefg', 3), ('adeg', 4), ('abdef', 5), ('abcdef', 6), ('efg', 7), ('abcdefg', 8), ('abdefg', 9)]	Signal: 4730
	[('abcdfg', 0), ('bf', 1), ('abcde', 2), ('abcef', 3), ('befg', 4), ('acefg', 5), ('acdefg', 6), ('bcf', 7), ('abcdefg', 8), ('abcefg', 9)]	Signal: 4416
	[('abcdeg', 0), ('ac', 1), ('abefg', 2), ('abcef', 3), ('acdf', 4), ('bcdef', 5), ('bcdefg', 6), ('abc', 7), ('abcdefg', 8), ('abcdef', 9)]	Signal: 8876
	[('acdefg', 0), ('dg', 1), ('bcefg', 2), ('bcdfg', 3), ('abdg', 4), ('abcdf', 5), ('abcdef', 6), ('dfg', 7), ('abcdefg', 8), ('abcdfg', 9)]	Signal: 5527
	[('abcdeg', 0), ('cd', 1), ('abcfg', 2), ('acdfg', 3), ('cdef', 4), ('adefg', 5), ('abdefg', 6), ('cdg', 7), ('abcdefg', 8), ('acdefg', 9)]	Signal: 4787
	[('abdefg', 0), ('df', 1), ('acefg', 2), ('acdef', 3), ('bcdf', 4), ('abcde', 5), ('abcdeg', 6), ('def', 7), ('abcdefg', 8), ('abcdef', 9)]	Signal: 4814
	[('bcdefg', 0), ('df', 1), ('acefg', 2), ('adefg', 3), ('abdf', 4), ('abdeg', 5), ('abcdeg', 6), ('dfg', 7), ('abcdefg', 8), ('abdefg', 9)]	Signal: 1918
	[('bcdefg', 0), ('ce', 1), ('abcfg', 2), ('acefg', 3), ('acde', 4), ('adefg', 5), ('abdefg', 6), ('cef', 7), ('abcdefg', 8), ('acdefg', 9)]	Signal: 7087
	[('acdefg', 0), ('ac', 1), ('abdfg', 2), ('abcdf', 3), ('abce', 4), ('bcdef', 5), ('bcdefg', 6), ('acd', 7), ('abcdefg', 8), ('abcdef', 9)]	Signal: 4787
	[('abdefg', 0), ('bf', 1), ('bcdeg', 2), ('bcdfg', 3), ('abcf', 4), ('acdfg', 5), ('acdefg', 6), ('bfg', 7), ('abcdefg', 8), ('abcdfg', 9)]	Signal: 6587
	[('abcdfg', 0), ('ab', 1), ('adefg', 2), ('abdef', 3), ('abce', 4), ('bcdef', 5), ('bcdefg', 6), ('abd', 7), ('abcdefg', 8), ('abcdef', 9)]	Signal: 4858
	[('abcdef', 0), ('ce', 1), ('abcfg', 2), ('bcefg', 3), ('cdeg', 4), ('bdefg', 5), ('abdefg', 6), ('bce', 7), ('abcdefg', 8), ('bcdefg', 9)]	Signal: 1048
	[('abcdef', 0), ('bd', 1), ('abcfg', 2), ('bcdfg', 3), ('bdeg', 4), ('cdefg', 5), ('acdefg', 6), ('bdf', 7), ('abcdefg', 8), ('bcdefg', 9)]	Signal: 0065
	[('abcdeg', 0), ('ac', 1), ('abdef', 2), ('acdef', 3), ('acfg', 4), ('cdefg', 5), ('bcdefg', 6), ('acd', 7), ('abcdefg', 8), ('acdefg', 9)]	Signal: 7842
	[('abdefg', 0), ('de', 1), ('abcdg', 2), ('bcdeg', 3), ('cdef', 4), ('bcefg', 5), ('abcefg', 6), ('bde', 7), ('abcdefg', 8), ('bcdefg', 9)]	Signal: 6241
	[('abcdfg', 0), ('dg', 1), ('abdef', 2), ('adefg', 3), ('cdeg', 4), ('acefg', 5), ('abcefg', 6), ('dfg', 7), ('abcdefg', 8), ('acdefg', 9)]	Signal: 7742
	[('bcdefg', 0), ('eg', 1), ('acdef', 2), ('adefg', 3), ('abeg', 4), ('abdfg', 5), ('abcdfg', 6), ('efg', 7), ('abcdefg', 8), ('abdefg', 9)]	Signal: 4483
	[('bcdefg', 0), ('bg', 1), ('acefg', 2), ('abcfg', 3), ('abdg', 4), ('abcdf', 5), ('abcdef', 6), ('bcg', 7), ('abcdefg', 8), ('abcdfg', 9)]	Signal: 8787
	[('bcdefg', 0), ('bf', 1), ('abdeg', 2), ('abdfg', 3), ('abcf', 4), ('acdfg', 5), ('acdefg', 6), ('bdf', 7), ('abcdefg', 8), ('abcdfg', 9)]	Signal: 4324
	[('abcdeg', 0), ('cg', 1), ('adefg', 2), ('cdefg', 3), ('bcfg', 4), ('bcdef', 5), ('abcdef', 6), ('cdg', 7), ('abcdefg', 8), ('bcdefg', 9)]	Signal: 3186
	[('abcdeg', 0), ('ac', 1), ('abdfg', 2), ('abcfg', 3), ('acef', 4), ('bcefg', 5), ('bcdefg', 6), ('abc', 7), ('abcdefg', 8), ('abcefg', 9)]	Signal: 8084
	[('abcefg', 0), ('ag', 1), ('cdefg', 2), ('acdeg', 3), ('abdg', 4), ('abcde', 5), ('abcdef', 6), ('acg', 7), ('abcdefg', 8), ('abcdeg', 9)]	Signal: 4764
	[('abcdfg', 0), ('cd', 1), ('abcef', 2), ('acdef', 3), ('cdeg', 4), ('adefg', 5), ('abdefg', 6), ('cdf', 7), ('abcdefg', 8), ('acdefg', 9)]	Signal: 7544
	[('bcdefg', 0), ('bc', 1), ('acdef', 2), ('abcde', 3), ('abcg', 4), ('abdeg', 5), ('abdefg', 6), ('bcd', 7), ('abcdefg', 8), ('abcdeg', 9)]	Signal: 7957
	[('abcdfg', 0), ('ad', 1), ('bcdeg', 2), ('acdeg', 3), ('adef', 4), ('acefg', 5), ('abcefg', 6), ('acd', 7), ('abcdefg', 8), ('acdefg', 9)]	Signal: 8181
	[('bcdefg', 0), ('cg', 1), ('acdef', 2), ('acdeg', 3), ('abcg', 4), ('abdeg', 5), ('abdefg', 6), ('ceg', 7), ('abcdefg', 8), ('abcdeg', 9)]	Signal: 1177
	[('abcefg', 0), ('ac', 1), ('cdefg', 2), ('acdeg', 3), ('abcd', 4), ('abdeg', 5), ('abdefg', 6), ('ace', 7), ('abcdefg', 8), ('abcdeg', 9)]	Signal: 8944
	[('abcdeg', 0), ('ac', 1), ('abdfg', 2), ('acdfg', 3), ('acef', 4), ('cdefg', 5), ('bcdefg', 6), ('acd', 7), ('abcdefg', 8), ('acdefg', 9)]	Signal: 7183
	[('acdefg', 0), ('af', 1), ('abcde', 2), ('abcdf', 3), ('abfg', 4), ('bcdfg', 5), ('bcdefg', 6), ('adf', 7), ('abcdefg', 8), ('abcdfg', 9)]	Signal: 8616
	[('acdefg', 0), ('dg', 1), ('abceg', 2), ('abcdg', 3), ('bdfg', 4), ('abcdf', 5), ('abcdef', 6), ('adg', 7), ('abcdefg', 8), ('abcdfg', 9)]	Signal: 2414
	[('bcdefg', 0), ('cd', 1), ('abceg', 2), ('acdeg', 3), ('acdf', 4), ('adefg', 5), ('abdefg', 6), ('cde', 7), ('abcdefg', 8), ('acdefg', 9)]	Signal: 8900
	[('acdefg', 0), ('ef', 1), ('abcfg', 2), ('abefg', 3), ('bdef', 4), ('abdeg', 5), ('abcdeg', 6), ('aef', 7), ('abcdefg', 8), ('abdefg', 9)]	Signal: 8876
	[('abcefg', 0), ('bc', 1), ('abdeg', 2), ('abcdg', 3), ('bcdf', 4), ('acdfg', 5), ('acdefg', 6), ('bcg', 7), ('abcdefg', 8), ('abcdfg', 9)]	Signal: 3787
	[('abcdfg', 0), ('cg', 1), ('bdefg', 2), ('cdefg', 3), ('aceg', 4), ('acdef', 5), ('abcdef', 6), ('cdg', 7), ('abcdefg', 8), ('acdefg', 9)]	Signal: 8111
	[('abcefg', 0), ('bg', 1), ('acdfg', 2), ('abcdg', 3), ('bdeg', 4), ('abcde', 5), ('abcdef', 6), ('abg', 7), ('abcdefg', 8), ('abcdeg', 9)]	Signal: 4741
	[('acdefg', 0), ('ad', 1), ('abcef', 2), ('abdef', 3), ('abdg', 4), ('bdefg', 5), ('bcdefg', 6), ('adf', 7), ('abcdefg', 8), ('abdefg', 9)]	Signal: 6126
	[('abcdef', 0), ('bf', 1), ('bcdeg', 2), ('bdefg', 3), ('abfg', 4), ('adefg', 5), ('acdefg', 6), ('bef', 7), ('abcdefg', 8), ('abdefg', 9)]	Signal: 5028
	[('abdefg', 0), ('fg', 1), ('abcef', 2), ('bcefg', 3), ('cdfg', 4), ('bcdeg', 5), ('abcdeg', 6), ('bfg', 7), ('abcdefg', 8), ('bcdefg', 9)]	Signal: 8485
	[('bcdefg', 0), ('ce', 1), ('abdeg', 2), ('abceg', 3), ('acef', 4), ('abcfg', 5), ('abcdfg', 6), ('bce', 7), ('abcdefg', 8), ('abcefg', 9)]	Signal: 1495
	[('bcdefg', 0), ('cf', 1), ('abcdg', 2), ('acdfg', 3), ('acef', 4), ('adefg', 5), ('abdefg', 6), ('cdf', 7), ('abcdefg', 8), ('acdefg', 9)]	Signal: 9715
	[('abcdef', 0), ('be', 1), ('cdefg', 2), ('bcefg', 3), ('abeg', 4), ('abcfg', 5), ('abcdfg', 6), ('bef', 7), ('abcdefg', 8), ('abcefg', 9)]	Signal: 8153
	[('abcdef', 0), ('df', 1), ('abcdg', 2), ('bcdfg', 3), ('defg', 4), ('bcefg', 5), ('abcefg', 6), ('bdf', 7), ('abcdefg', 8), ('bcdefg', 9)]	Signal: 8071
	[('abdefg', 0), ('df', 1), ('acefg', 2), ('acdfg', 3), ('bcdf', 4), ('abcdg', 5), ('abcdeg', 6), ('dfg', 7), ('abcdefg', 8), ('abcdfg', 9)]	Signal: 7777
	[('abcdfg', 0), ('fg', 1), ('acdeg', 2), ('adefg', 3), ('befg', 4), ('abdef', 5), ('abcdef', 6), ('afg', 7), ('abcdefg', 8), ('abdefg', 9)]	Signal: 9814
	[('abcdfg', 0), ('af', 1), ('abcde', 2), ('abcef', 3), ('aefg', 4), ('bcefg', 5), ('bcdefg', 6), ('acf', 7), ('abcdefg', 8), ('abcefg', 9)]	Signal: 4139
	[('abdefg', 0), ('dg', 1), ('abcdf', 2), ('bcdfg', 3), ('cdeg', 4), ('bcefg', 5), ('abcefg', 6), ('bdg', 7), ('abcdefg', 8), ('bcdefg', 9)]	Signal: 1485
	[('abcefg', 0), ('ce', 1), ('bcdfg', 2), ('bcdef', 3), ('acde', 4), ('abdef', 5), ('abdefg', 6), ('bce', 7), ('abcdefg', 8), ('abcdef', 9)]	Signal: 1431
	[('acdefg', 0), ('ag', 1), ('bcefg', 2), ('abefg', 3), ('abdg', 4), ('abdef', 5), ('abcdef', 6), ('afg', 7), ('abcdefg', 8), ('abdefg', 9)]	Signal: 3086
	[('abcdfg', 0), ('bc', 1), ('acefg', 2), ('abceg', 3), ('bcde', 4), ('abdeg', 5), ('abdefg', 6), ('abc', 7), ('abcdefg', 8), ('abcdeg', 9)]	Signal: 4772
	[('abcdeg', 0), ('ad', 1), ('abcef', 2), ('acdef', 3), ('adfg', 4), ('cdefg', 5), ('bcdefg', 6), ('acd', 7), ('abcdefg', 8), ('acdefg', 9)]	Signal: 8072
	[('abcdef', 0), ('cf', 1), ('abefg', 2), ('acefg', 3), ('cdfg', 4), ('acdeg', 5), ('abcdeg', 6), ('cef', 7), ('abcdefg', 8), ('acdefg', 9)]	Signal: 2788
	[('bcdefg', 0), ('eg', 1), ('abcdg', 2), ('abceg', 3), ('aefg', 4), ('abcef', 5), ('abcdef', 6), ('ceg', 7), ('abcdefg', 8), ('abcefg', 9)]	Signal: 4354
	[('bcdefg', 0), ('dg', 1), ('abceg', 2), ('acdeg', 3), ('adfg', 4), ('acdef', 5), ('abcdef', 6), ('cdg', 7), ('abcdefg', 8), ('acdefg', 9)]	Signal: 0184
	[('abdefg', 0), ('de', 1), ('abceg', 2), ('abcde', 3), ('cdef', 4), ('abcdf', 5), ('abcdfg', 6), ('bde', 7), ('abcdefg', 8), ('abcdef', 9)]	Signal: 2748
	[('abdefg', 0), ('be', 1), ('acefg', 2), ('abceg', 3), ('bcde', 4), ('abcdg', 5), ('abcdfg', 6), ('abe', 7), ('abcdefg', 8), ('abcdeg', 9)]	Signal: 1725
	[('acdefg', 0), ('de', 1), ('abefg', 2), ('abdef', 3), ('bcde', 4), ('abcdf', 5), ('abcdfg', 6), ('ade', 7), ('abcdefg', 8), ('abcdef', 9)]	Signal: 8717
	[('abcdfg', 0), ('cg', 1), ('bcdef', 2), ('cdefg', 3), ('aceg', 4), ('adefg', 5), ('abdefg', 6), ('cfg', 7), ('abcdefg', 8), ('acdefg', 9)]	Signal: 4413
	[('bcdefg', 0), ('fg', 1), ('abcef', 2), ('acefg', 3), ('adfg', 4), ('acdeg', 5), ('abcdeg', 6), ('cfg', 7), ('abcdefg', 8), ('acdefg', 9)]	Signal: 7845
	[('abcefg', 0), ('bf', 1), ('acdef', 2), ('bcdef', 3), ('bdfg', 4), ('bcdeg', 5), ('abcdeg', 6), ('bcf', 7), ('abcdefg', 8), ('bcdefg', 9)]	Signal: 7757
	[('bcdefg', 0), ('cf', 1), ('abceg', 2), ('abcef', 3), ('acdf', 4), ('abdef', 5), ('abdefg', 6), ('cef', 7), ('abcdefg', 8), ('abcdef', 9)]	Signal: 0420
	[('abcdfg', 0), ('cg', 1), ('bdefg', 2), ('bcdeg', 3), ('aceg', 4), ('abcde', 5), ('abcdef', 6), ('cdg', 7), ('abcdefg', 8), ('abcdeg', 9)]	Signal: 7471
	[('acdefg', 0), ('cg', 1), ('abcde', 2), ('abcdg', 3), ('bcfg', 4), ('abdfg', 5), ('abdefg', 6), ('acg', 7), ('abcdefg', 8), ('abcdfg', 9)]	Signal: 8784
	[('bcdefg', 0), ('cd', 1), ('abcef', 2), ('abcdf', 3), ('acdg', 4), ('abdfg', 5), ('abdefg', 6), ('cdf', 7), ('abcdefg', 8), ('abcdfg', 9)]	Signal: 6971

Sum of signals = 1084606
