PART 1
(9 * 3 + 4) * (7 + (2 + 3 + 6 * 2) + 3) * 4 * 5 = 19840
(8 + 4 + 9 + (7 * 9 + 4 + 6 + 9) * 3) + 6 + 5 + ((8 * 2) + 2 * 9) * 5 = 2410
5 * 6 * 8 * (9 + 7 * 8 * 9) + 6 + 2 = 276488
9 * 9 + (4 * (6 * 7 * 7 + 4 * 6) * 5 + 6 * (2 * 5)) * (8 + 7 + 6 + 2 * 7) + 5 = 57596306
5 + (7 + 3 * 7 + 9 * (7 + 7 + 4 + 3 * 3)) + 8 * 4 = 19960
(6 + 2 + 5 + 4) * 2 * 9 * 2 * 8 = 4896
7 + 8 + ((4 + 6 + 6) * 6 + 9 + 3 * 8 + 9) + 5 = 893
3 + ((6 * 6 * 7 * 6) * 6 + 6 * 4) + (2 + 5 * 6 + 6 + (2 * 4) + 6) * 9 = 327393
(2 * (4 * 9 * 3) * 8 + 6 + (7 + 2 + 6)) * 6 * (5 * 4 + 8 + 7 + (7 + 2 * 3)) = 650628
8 * ((7 + 4 + 9) * 5 + 6 + (4 + 9 + 8 * 3 * 8 + 3) * 5 * (5 + 8 + 7 + 3 * 7 * 4)) = 15790880
6 * 5 * 5 + (8 * 5 * 8 * 5 + 7) + ((2 + 2 * 6 * 3) * 4) * 6 = 12270
2 + 2 * 9 + 8 * (3 * 7 * 7 * (2 + 5) * 3 + 2) = 135916
6 + 2 = 8
9 * 2 + ((6 * 7 * 7 * 2) + 8) + (7 * (4 * 6 + 7) * 2 * 2 * 9) + 4 * 8 = 67440
(7 * 9 + 9 * 2 * 4 * 9) + 4 * 2 * 9 + 6 = 93390
6 * 3 + 7 + 9 + 9 + ((6 + 6 + 7 * 5) * 6 * 8 * 5) = 22843
((8 * 8 * 6 + 6 * 4) + 3 + 3 + (3 * 5 + 3 * 5 + 4 + 7)) * 8 + (6 + 7 * 2 + 2) + (9 + 9) = 13382
7 + 8 + 3 * 5 + (5 * 5 + 6 + 6) * (9 * 6) = 6858
5 + 5 + 2 = 12
((3 + 3) * 2 + (5 + 8 * 2 + 4 * 3)) * 8 = 816
((5 + 6 + 5 * 8 + 4) + 9 + (5 + 5)) * (7 * 2 + (8 + 7)) + 9 = 4388
9 * (9 * 8) + (3 * 2 * (9 + 2 * 9 * 5) * 4 * 2) + 5 = 24413
4 * 4 + (2 + 5 + 5 * (3 + 6 * 4 + 7)) * (2 * 2) + 6 = 2134
6 + 2 = 8
6 + 5 + (4 + 8) + 5 = 28
6 * (4 * 6) + (4 * 5 + 4 + 5 + 9) + 7 * (2 + 7 + 9) = 3402
9 * (3 * (5 + 9 * 4 * 5 + 3 * 9)) + ((4 * 4 * 3 * 6) * (9 * 8 * 3) * 9 * 9) + 3 = 5107620
5 + (6 * (3 + 9 + 7 * 6 + 2) * (2 + 4 * 2 * 4 * 6) * 9 + 3) + 6 + 8 + 5 * 3 = 5412177
8 + 9 * (8 + (3 + 2 + 4) * 4 + 3 * 4 * 5) = 24140
9 + 5 + 8 + 9 * (8 + (4 * 2 * 9 + 8 + 7) * (8 + 6 * 3) * 7 * 7) = 6060810
6 * ((9 + 2) * (7 + 8 + 5 + 9 * 7) * 4) * 4 * ((7 + 7 + 4 * 5 * 2) + 2) + 9 = 39014985
(4 + 9 * 8) * (6 + (7 * 6) * 9 + 8 * 2 * 7) + 4 + 9 + 3 * (6 + 8 + (8 * 4 + 7 * 3) * 8) = 671407488
(5 * 9 * 2 * 7 * 8 + 6) + (5 + 5) = 5056
6 + 7 * 9 + 3 = 120
((7 + 8 * 3 * 7 + 5) * 7 * 5 + 6 * 6 + 5) + 9 + 4 = 67254
(5 * 2 * 4 * 9 * 2 + (8 + 6 * 7 + 6)) + ((4 * 4 * 6 * 9 + 7) + 9 * 7) = 6984
(3 + (5 * 8 + 4 + 4 * 7)) * 7 + 8 + (7 + (3 * 5 * 4 + 6 + 9)) + ((7 + 2 + 7 * 9 + 6 * 8) + 3 + 3 + (2 * 9 * 7) + 4 + (6 + 3 * 5)) * 9 = 34596
5 * 4 + ((6 + 8 * 5 * 6) * 8) + 7 + 7 = 3394
5 * (4 * (2 * 9 * 7 * 7) * 5) + ((6 * 2 * 9 + 2) * 3 * 2 + 7 + 3) + 9 + 8 = 88887
(7 + 3 * 3 * 6 * 2 * 3) * 6 + 3 * ((3 * 4 * 3 * 9 * 7) + 9 + 8) * 9 = 133322895
((4 + 8 * 9) + 5 * 4 * 2 * 8 * 4) * (6 + 2 * (9 + 5) * 9 * 7 + 8) = 204347392
9 + 8 + (3 * 3 * (9 + 2 + 8 * 7 * 9)) = 10790
(5 * 8 * (7 * 2 + 8)) + 2 * 8 + 8 + 6 * 5 = 35350
2 + (2 * 9 * 5 + 4) * (5 + 9 * 3 * 4) * 4 + 2 = 64514
8 * 2 * (7 * 7 * 4 + 5 + 9 + 4) = 3424
4 * 9 + 2 * 8 = 304
6 + 2 + ((5 + 3 * 5 + 7 + 9) + 4 * 6 + 6) * 5 = 1870
(8 * 3 * 7) + (4 * 5 + 8 * 7 + 6) = 370
3 * 7 * ((3 + 3 * 5 + 9 + 7) + 9 * 2 + (4 + 3)) = 2457
(4 + 2 * 2 + 3 * 2 + 2) * 4 + 2 * 4 + 6 + 3 = 529
((9 * 7 * 7 + 8) * (2 * 5 + 2 + 3) * 2 * 4 * 7) * 9 + 5 + 5 = 3394450
4 + 9 * 2 + 5 + (3 + 5 + (4 + 3 * 3 * 7 * 5 * 8) + 9 * 2 * 2) * (4 + (2 * 6) + 7 * 5 * 7 + 2) = 19060533
6 + 2 * 4 * (6 + 8) * (4 + 2) * 3 = 8064
3 + ((8 + 8 + 6) * 5) + 9 + 7 + ((7 * 2 * 9 + 5 * 3 + 5) + 3 + (2 * 5) + 3 + 5) = 548
4 + 2 * 6 + 6 + 6 = 48
(5 * (4 * 9 * 8 + 5 * 8) * 6 * 9 + 3) * ((2 * 7 * 3 + 3 * 4 * 3) + 9 + 8 + 8) + 4 = 357578899
4 * 4 + 9 * 9 + (2 * (6 * 5 + 9 + 7 * 3) + (2 * 8 + 3 + 2 + 3)) = 525
6 * 4 + 5 * (6 * (6 * 7 + 2 * 6 + 4 * 7)) * 4 + ((5 * 9 * 8 * 9 * 5 * 5) * 5) = 1710696
3 + (5 * 4 + (3 + 6 * 2 + 8 + 7 * 8) + 3 + (9 + 8 * 6)) * (5 + 6 * (8 * 9 + 4 * 9 + 5) * 7 * 5) + 5 = 103983885
9 + 2 + 9 + (3 + 9) + (4 * 4 + 7 * 5) + 5 = 152
5 + 6 = 11
6 + (7 + 2 * 6 * 9 * 7 + 5) * 9 + (4 * 5 * 8) + 2 * 3 = 92637
8 + 7 * (9 + (9 + 3 * 3 * 7) * (5 + 6 * 3 * 7 + 8 * 2)) * 7 = 13099590
(5 * 7 + 5 + 3 + 6) * 8 = 392
5 + ((9 + 5) + 9 + 4 * (5 * 4 * 7 + 3) * 3) = 11588
5 * 8 * 7 + 8 * ((8 + 9 + 3 * 6 * 5) * 4 * 9 + 4) = 6221952
8 * (6 + (6 + 9 * 7 * 8 * 7) + 7 * 2) + ((2 * 9) * 7) + 4 = 94418
6 + ((4 + 5 + 6 + 7) * 7) = 160
8 * (5 * 6 * 4 * 8 + 6 * 6) + 2 * 9 = 417330
7 + 3 + 2 * (6 + 8) = 168
9 * ((4 + 4 * 9 + 6 * 8 * 7) + 9 + 2 + 6 * (4 * 9 + 7 + 6) * 3) * 5 + 7 = 29006782
((2 + 3 * 2 * 9 + 6) + 4 + 8 * 2 * 5 + 8) * 5 + 5 + (9 * 6) + 9 + (3 * 2 * 8) = 5556
4 + (6 + 2) * 9 + (5 + 4 * (8 * 3 + 7 + 6) * 4) * ((7 + 2 + 3) * 6 + 9 * (6 + 7 * 2)) = 3032640
6 + 2 + ((2 * 4 * 8) * 2 * 4 * 7 + 9) * (7 + 8 + (6 + 7 * 9 + 9 * 7) + 4) * 8 = 25956008
9 * 9 + 7 + 9 * (9 * 4) * 9 = 31428
(7 * 3 + (3 * 7 + 4 * 4 * 8) * 2 * 2 * (3 * 3)) + 8 = 29564
9 * 6 + 3 * (2 * 5 * 7 * 7 + 7) * 8 + (2 + 4) = 226638
(8 * 9) + 8 * 6 = 480
(3 * 2 + 6 + (7 * 8 * 5 * 4)) + 5 * 6 = 6822
4 + 3 + (9 + 3 + (2 * 9 * 6) + 7) * 8 + 3 * 8 = 8600
9 + 6 * 8 + 4 + 9 * (9 * (8 * 4 + 9) + 3) = 49476
5 + 4 * 6 * (8 * (2 + 9 + 6) * (6 * 3 + 2) + 6) * (8 * 8 * 3 * (6 * 9) * 3 + (4 + 4 + 2 * 2 * 6)) + 6 = 4596297702
4 + (6 + 6 * (4 * 7 * 7) + 5) * 5 + 6 * (7 + 2 * 4 * 2 + 9 + 9) = 1062990
((8 + 7) * (7 + 5 * 9) + (9 + 2 * 6 * 2) + 6 * 7) * (3 + 3 * 2 + 3 + 7) * 4 + 7 * 7 = 7580545
(6 + 9 * 7 * 4 + 7) * 6 + 7 + 5 + 3 + 8 = 2585
9 + 2 + (9 * (8 * 9 * 2 * 6 + 2 + 5)) + 6 + 4 + 8 = 7868
6 + 4 * ((2 * 9) * 6 * 5) + 2 * 9 = 48618
(6 + 8 * 2 + (5 + 2 * 7 * 7) * 5 + 4) * (2 * 3 + 8 * (9 + 6 * 4 + 3 + 6 + 4) * (2 + 5 * 8 * 2 + 4)) = 220388168
3 + (9 * (2 * 7 * 6) * 9 + 7 + 3) + (7 * (5 * 6 + 7) + 3 * (5 * 7 * 5 * 4) * 8 + 6) * 4 * 5 + 9 = 29480469
(6 + 6 + 4) + 3 * 4 + 3 = 79
9 * (2 * 7 + 9 + (4 + 2) * 5) + (2 + 5 + (7 + 6)) * 8 = 10600
2 * (6 * 6 * 9 + 8) + 4 * 2 = 1336
((4 * 3) + 8) + 5 + 5 = 30
5 + 8 * 7 + 6 + 6 * ((9 * 2 * 5 + 4 * 7) + 8 + 6 + 5 + (3 + 7)) = 70761
8 + (8 * 8 * 8 * (3 * 7 * 8) * 4) * 8 + 5 * 8 * 3 = 66061944
(8 * 3 * 8) * 4 * 3 * 3 * 6 = 41472
5 + 6 * (9 + (5 + 6 + 8 + 3 * 4) * (6 * 3 + 3 + 4 * 6 + 2)) = 162184
3 * (2 * (5 * 9) * 5 + 8 + 5 * 6) * 8 + (8 + 5 + 7 * (6 + 5 + 9 * 2 * 9) + 2 * (3 * 2 * 2 + 9 * 4)) = 671640
(2 * 8 + 5 + 7 + (8 + 2 + 7 * 5 * 5 + 4) * 2) + 5 * ((8 * 7 + 5) * 3 * 4 + (4 * 7 * 6) * (7 + 6 + 4 + 7 * 7) + (8 * 7 + 2 * 2 + 9 + 3)) + ((4 + 8) + 9) = 139070453
3 * (8 + (2 + 9) + 2 * 8 + (9 * 4 * 9)) * 2 * 3 * 4 = 35424
(4 + (9 * 4) + 5) * 8 * (3 + 7 * 3 * 7 + 4) * 7 * 2 = 1078560
2 * 4 * (2 * 8 + 9 + 7 + (8 * 3 * 6 + 3 + 5) + 9) + (5 * 8 * 8 + (4 * 5 * 2 + 4 * 2 + 5) * 4) + 2 * 6 = 19188
7 + 8 + ((5 + 7 + 2 + 9 * 4 * 3) * 4) + 7 + 6 + 8 = 1140
((4 + 4 * 4 * 9 * 6 + 9) * (7 + 9) * 2 + 8) * 8 * 6 + 9 = 2668425
(2 * (6 + 7 * 3 + 6 * 7) + 4 * 2 + (3 + 8 + 9) * 8) * 8 + 8 + 8 + (2 + 8 * 5 * 9) = 82898
(7 + 5 + (7 + 9 + 5) + 2) * 4 + 9 = 149
3 * 6 + 8 + 2 * 7 = 196
6 + 2 + ((7 * 6 + 3 + 4) * 8 * (2 + 6 * 5) * 6) + 4 * 2 = 188184
(4 * 8) + 7 * 3 + 3 * 7 + 5 = 845
5 + 6 + 3 + 7 * (2 * 7) + (5 + (3 + 4 + 3 + 4 + 7) + 8) = 328
2 + ((4 + 7 * 6) + 8 + 9 * 6 * 9) = 4484
(6 * 2) * (7 + 5 * (7 * 6 + 7 + 3 + 8 + 7) + 2 + 5 + 8) + 6 = 9834
(3 * 2 * 8 + 7) + (5 * 4 * 9 + 6) + 4 * 3 + 4 = 739
8 + (8 + 2 * 3 + 2 + 2) = 42
(7 + 8 * 5) * (3 * (9 + 5 + 6 + 9 + 3 + 9) * 3) + 8 + 7 * (5 + 9 + 3 * 2 + 4 + 5) + 4 = 1190674
7 * ((6 * 7 * 2 * 9 + 8) + 8 * 6 * 8 * 5) * 2 + 3 + 8 * 3 = 7781793
(4 + (5 * 7 + 3 + 4 + 9)) * 7 = 385
7 * 5 * 2 * (4 + 4 + 6 + 3 * 7) + (8 * (6 + 2 + 8 * 9 + 6) * 3 * 6 + 3 + (4 + 5 + 9)) * 7 = 209657
3 * 4 + 2 = 14
((6 + 9 + 5 + 4 + 9 * 7) * 9 + 8 + (9 * 2 * 6 * 4 * 7 * 3)) + (8 + 6 + 7 + 4) * 9 * (8 * 5) + 7 = 4026247
(9 * 8 + 4) + (3 * 4 + (9 * 5 * 3 * 4) * 9) = 5044
(7 + 8 * 3 + 6 * (4 + 5 + 7 * 8 + 9) + 4) * 3 = 20973
((7 * 4) + (6 * 7 * 6) * 7 + 9 * 3) + 2 * (4 + 8) + (4 * 5 + 8 + 8 + 5) * (4 + 9) * 5 = 4611685
(2 + 3 + 7) * 6 + 8 + (4 + 7 * 6 * (3 + 4 + 4 + 7 * 6) * 8 + 3) * 4 = 228428
6 * (8 * 3 + 4 * (6 + 9 * 2 + 3 + 8 * 5) * 8 + 6) = 275556
8 + ((2 * 8 + 5 * 5 * 5 * 3) * 9 + 5) + 9 = 14197
(8 + 4 * 9 * 8) + 5 * 5 * (7 + 7 + 2 * 9 + 8 * 6) + 6 * (6 * 6 + 6 + 3 + 9 * 8) = 1711863072
5 * 9 + (5 + (9 * 5 + 7) + (2 + 2 * 7) * 4) * (9 * 9 + 5 * 4) + 9 = 132449
7 + 7 * (2 * 9 * 6 + 3 + 5) = 1624
2 + (8 * 9 * 7 * (4 * 9 + 9 * 4 + 5) + 4 * 4) + 5 + 2 + 8 = 372993
(2 + (4 + 9 + 4 * 7 * 3) + 4 + 8) + (2 + 4 * 5 * (3 + 4) + 8 * 5) = 1461
2 + ((7 * 8 + 6 * 6) * 4 + 6 + 7 * 6 * 9) + ((7 + 9 * 5 * 5) + 4 * 9 + 6 + 7) * ((6 + 9 + 4 * 7 * 2) * 7 + 9 * (7 + 2 + 3 * 3 + 5) * 5) = 32489026275
(3 * 8 + 2 * 2 + (3 * 7 + 8 * 5 * 6) + 6) + 4 + 5 = 937
8 + 5 * 8 + 7 * 2 = 222
(3 + (6 * 9 * 8 + 4 + 8) * 4 + 2) + 8 = 1798
(7 + 7) + 5 * (9 * 2 + 9) + ((4 * 3 * 3 * 4 + 4 * 9) * 8 * 8 + (3 * 9 + 7 + 8) * 3 + 9) = 256392
(6 + (5 + 7 * 5) * 8 * 9) * 6 + 3 = 28515
3 + 2 * (5 * 8) + 5 + 6 = 211
7 * 4 + 7 + 7 * 4 * (4 + 9 * 6 * 5) = 65520
3 + 4 + (6 * 9) * (6 + (5 * 5 + 6 * 8) + 9 * (7 * 3 + 6)) + 8 = 433169
4 + 4 * 6 * ((4 * 3 * 2) * 4 + 3 + (7 + 8 + 7 * 6 * 9 * 3)) * (5 + 8) = 2285712
(6 + 7 * 8 + 3 + 9) * 5 * 3 * 3 = 5220
8 + 5 + 3 * 8 * 2 + 9 = 265
(9 * (5 + 8 + 4 + 4 + 9 + 4) * 2 + 7 * (6 * 4 + 7 + 4 + 8)) + 9 + 5 = 26631
7 + 7 * 3 + 8 * ((5 + 3 * 4 * 9) * 4 * 6 * 8) = 2764800
2 + 5 + 8 + (3 + 3 * 4 + 8) = 47
5 + 4 * 3 * 9 + ((5 * 2 * 2) * 5 + 4 + (4 * 2)) = 355
(3 * 7 + 2) * 3 = 69
8 + 7 * 3 + 9 + 9 * 5 = 315
2 + (2 * 6 + 3 + (4 + 3 + 4 + 2 + 7 * 9)) + 8 + 2 * 7 * 9 = 13041
(4 * 4 + 4 + 7) * 8 + 5 = 221
2 * (5 * (8 * 5 * 2 * 6 * 8) * 6 * 3 + 8 * 8) = 5529728
8 + 3 * 9 + 5 * 9 * (5 * 7 + 6 + 5 * 3 + 7) = 135720
2 + (3 + 7) * 8 * 9 = 864
7 + 9 + 6 = 22
4 + (6 + 7 + 8 + 4 * 5) + 2 * 6 * 8 * 2 = 12576
(9 + 3 * 7 * 3) * 8 + (9 + 5 * 2 * 8 + 3 * 4) * 8 + 2 * 6 = 140364
4 + 2 * 3 * 6 * ((3 * 5 * 3) * 2 + 6 + 5 * 4) = 43632
3 + 9 * (7 * (8 + 7) * 9 * 7 + 7) = 79464
6 + 3 * 6 + 4 * (7 * 7 + 2 * 9 + 4 + 2) + (6 + 6 + 6 + 7) = 26995
(5 * 4) * 6 * (5 + 4 + 5 + 3 * (8 * 6) * 5) * 7 = 3427200
(8 * 4) + 2 * (2 * 2 * (9 * 9 + 8) + 8 * 9 + 6) * 7 = 781116
3 + 5 * (4 + 9 + 3) + 9 * ((5 * 2 * 4 + 2) + 6 + 7 + 7 + 5) = 9179
(3 + (9 + 7 * 3 + 6 * 6)) + 9 * 7 * 4 + (9 * 4 * 9 + 7 * 7 * 7) = 25627
(3 * 7) + 4 = 25
4 + (2 + 5 * 5) + 6 + 2 * 8 + 9 = 385
8 * (6 * (7 * 3) + 8 + 5 + 8 + (8 * 2 + 6 + 9 + 4 * 3)) = 2016
7 * 8 * (5 * (2 * 6 * 9) * 3 * 6 * (6 + 8 + 5)) = 10342080
(5 + 9 * 4 * 7 * 7 + 8) + 4 = 2756
((8 * 9 * 6 + 4 * 6 + 3) * 6 + 2 * (4 + 8) * 7) + (4 + 4) + (7 + 7 * 7 * (4 + 5 + 2)) = 1321230
(4 + (8 + 4 * 4 * 2 + 4) + 7 + 6 * 2 + 6) * 9 + 3 * 3 * (9 * 9) = 525609
(9 * 5) * 6 + ((5 + 3) + 9 + 4) = 291
7 + ((8 * 9 * 5 + 2 + 2 * 7) * 9 * 3 * 7 * 2) * 6 * 2 + 6 * (9 * 4 * 2 + (2 + 7 + 5) * 4 + 7) = 4056794118
8 + (5 * 4 * 7 + 2) * 6 + (6 * 3) * 4 = 3672
7 + (9 + 9 * 4 + 3) * 8 * (9 + (6 + 9 + 2 + 6 + 8) * 9 * 7 * (2 * 8 * 5 * 8)) * (4 + 7 + 8 + 2) = 22217932800
6 + 3 * 5 * 8 + ((9 + 5 + 6) * 9 * (3 + 7 * 8 + 6) * (2 * 9 + 5)) + (7 + 6) = 356413
5 * (9 + 7) + 2 * 4 + 3 = 331
7 + 2 * (5 + 6 + 9 + 4 * (7 + 6 * 5 * 6 + 8) * 4) * 6 + 4 = 2063236
6 * 8 * 8 * 4 + 8 * (2 * (9 * 4 * 7 + 9) * 5) = 4029840
8 * 4 + (4 + 7 * 3 + 5 + 8) + 4 * 7 + ((4 * 9 + 3 * 8) * 5 * 6 + 7 + 5 * 4) = 38062
(9 * 3 + 3) + 9 + ((9 + 9 + 6 + 8) * 9 + 7) * 4 + 9 * ((8 + 7 + 8 * 2 + 8) * 5 + 8 + 3 * (3 + 5 + 2 * 6) * 8) = 181413600
(8 * 4 * 3) + (4 * 3 * 8 + (5 * 9) * 3 * 9) + 9 + (4 * 2) + 9 + 4 = 3933
2 * 5 + (9 + (5 + 2 * 2 * 7 * 3 * 9)) = 2665
(4 * 2 + 8) + (4 + 5 + 3 + 9 + (9 * 2 * 4) * (2 * 6 + 6)) = 1690
9 * 5 + 2 * ((3 * 3 + 3 + 9 * 7 + 9) * 3 * 3 + 6) + 7 = 66277
8 + (5 + 4 + 9) + ((6 + 9 * 6) * 8 + 3 + 6 * 8 * 6) * ((6 + 4) * (3 + 5 * 7 * 9 * 4 + 3) + (2 * 4)) + 4 = 707293568
5 + 7 + (5 + 2 + (5 + 6 * 2) * 7) + 4 * 4 = 876
(7 * 8 * 8) * (3 * (2 * 3 * 4 + 3 + 5 + 6) + 2 + 9 + (7 + 5 + 7 * 9) + 9) + 2 = 136642
2 * 8 + ((4 + 9 + 6 + 8 * 2 * 9) * 9 * (5 * 7 + 7 * 4 + 3 + 9) * 3 + 2 * 8) * (3 + 7 * 7 * 5 * 3) * 9 * 8 = 1428515827200
6 * 8 * (5 * 7 + 3 * 2 * 3 + 4) + 7 + (4 + 2 * 8 * 8) + ((9 * 4 + 5) * (7 + 6 + 2 * 4)) = 13987
4 + 9 + (9 + 5 + 3 * 8) * 5 * 9 = 6705
5 + 2 + ((6 + 8 + 3 * 7) * 6 * 5 + 8 + 3 * 9) + 6 = 32242
3 + (7 + (3 * 6 * 7) + 9 * 2 * 2 + (9 * 4)) * 8 * 8 * 6 = 233088
((5 + 9 + 8 + 6) + 4 + (3 * 4 + 8) * (2 + 5 * 2 * 6)) + 9 + 8 * 2 = 8770
8 * 9 + 2 = 74
(3 * (3 * 5 * 2 * 3 * 3) * 3 * 7) * 3 * 6 * 5 + 8 = 1530908
6 * 8 + 6 + 9 * 9 * (7 * 2 * 5 * 3 * 4) = 476280
(8 + 2 + 4 * 3 + (4 * 6 + 7 * 2)) + (6 + 8) + 8 = 126
9 + 4 = 13
((4 + 8) + 8 * (4 * 5 + 8 + 2 + 8 * 9) + 7 * (3 * 7 * 4 * 8) + 4) * 6 * 7 * (2 * 3 + 6) = 2318998752
6 + (4 + 5 * 9) * 6 + 9 = 531
(4 * (5 * 3 * 3 * 7 * 2 + 7) + 4) + 4 * 8 * 4 * 3 = 245376
8 + (9 + 8 + 9) * 5 = 170
9 + 8 + 8 + 9 * (8 * 3) = 816
(6 + 8 * 5 * (5 + 7 * 8 + 4 + 3) * 6 + 4) * (2 * 4 * 5) + 7 * 8 + (9 * 6) = 13844590
((9 + 2 + 5 + 5 + 5) + (9 + 6 + 7) * (7 + 5 + 9 + 5 * 6)) * (4 + (7 + 8 + 9 + 7) * (7 + 7 + 6 * 4 + 2) + 5 + 5 + 6) * 3 = 64831104
7 * (6 + 8 * 6 * (5 + 6 + 5 * 4) * (9 * 2 * 6 * 4 + 8)) * 2 + 9 = 33116169
(7 * 3 * 3 * 9 * 4) + 9 * (9 * (8 * 8 + 2 * 8 + 3 + 6) * 5 + (4 + 3 * 3 * 4 + 5 * 8)) + 9 * 4 = 226579752
(7 + 3 + 4) * (2 + (4 * 7 + 5 * 3 * 7) * 4 * (3 + 5) + 8 * (8 * 9 + 2 + 7)) = 25229232
7 + (8 * 7 * 2 + (7 + 6 + 8) * 3 * 3) + (4 * (7 * 7 + 4 * 7 * 4) + 7 * 5 + (6 * 6 + 4)) = 30959
5 + 3 + 4 + (2 + 4 * 5 * 2 + 8) = 80
(3 + 3 + 2 + 9 * 4) + 7 + (2 * 8 * 7 * 3 + (3 + 9 + 9 * 2)) + 7 * (9 * 7) + 2 = 28982
7 * 5 * (4 * 8 * 4 * (7 + 6 * 5 * 5 + 7 * 9)) + 9 = 13386249
(2 * 5 + 2 + (6 + 3 + 4)) + 2 + ((6 + 8 + 9) * 4) + 2 = 121
8 * (2 * 9 + 3 + 2) + 9 = 193
(5 + (5 + 9 * 5 + 5 * 4 * 9) * 7) + (8 * 8 * 9 + 8 * 3) + 3 + 6 * 5 = 103480
8 + (7 * (7 + 9) + 3) = 123
(7 + 4 * 5 + (8 + 2 + 7) * 7 + 8) + (9 * (9 * 8 + 7 + 9 * 4)) * (4 + 9 * 5) + 2 = 239202
(7 * 5 + 6 * 5 * (2 * 4 * 3 + 4 + 7)) * 5 * (7 * (7 + 3 * 4) * 9) = 90405000
4 * (6 + 9 * 3) + 9 + 5 * 9 = 1746
(9 + 3 + 8 * 7 * 2 * 6) * (8 + 7 + 2 + 7 + 6) + (5 * 6 * 6 + 3) + 2 + 9 = 50594
5 * 5 + 6 + (3 * 7 + 6) = 58
2 * 7 + (5 * (5 + 8 + 9 * 5 + 3) + (3 * 2) * 3 + 7 * 2) + 2 + 5 + 3 = 3464
(9 * 5 * (4 * 9 * 6) + 3 * 8) * 2 * 8 * 4 * ((3 * 7 * 9 + 5) + 6 * 7) = 6969446400
5 * 9 + ((9 + 4 + 5 * 7) + 4 * 3 + 6 * (2 * 2)) + 7 + 2 = 1638
2 * (6 + 2) * ((6 + 3 * 8 * 3 + 7) * 7 * 5 + (9 + 2 + 3 * 9 * 8 * 8) * 7) + (9 * 9 + 8 * 7 + (9 * 3 * 8) + 9) = 1778176
4 + 2 * 2 * 5 + 5 * 4 = 260
4 + 4 * 8 * 7 + 3 = 451
9 + (3 + 8 * (4 * 2 + 3 + 4) + 5 + 8) * 8 + 4 * 7 * (4 + 3 * 9 * 4) = 2646000
6 + (3 + 2 * 2 + 3 + 7 * 8) * 4 * 8 + 2 = 5314
(7 * 4 + 5 * 2 * (5 * 8 + 3 + 6 * 2)) + (7 * 2) * 9 * (7 + 7 + 5) * (8 + 2 * 9) * 6 = 598547880
3 + 9 * (7 + 2 * 6 + 2 + 5) * 4 = 2928
9 + (8 * 2 + (8 + 8 + 8)) * 8 + 7 = 399
6 * 7 * 7 * 4 = 1176
2 * (2 + (4 + 7 * 7 + 6 * 8)) + 4 = 1336
(9 + 8 + (5 + 9 + 4 + 9 * 6 + 3)) * 4 = 728
6 + ((9 + 2 + 4 * 2 + 9) * 7 * 3 + 5 * 6 * 6) + 7 * 4 * 9 = 1068372
(5 + (5 + 9 + 6 + 7)) * 5 + 4 + 6 = 170
(5 * 8 * 6 + 8 + 7) * 2 + 7 + 8 + 5 = 530
(7 * 5 + 6 + 5 * (6 + 4 * 9)) + 4 * 8 + 3 = 33155
4 * 9 * (8 * 5 * 3 * 9 * (4 * 2 * 3 * 4) * 3) * ((5 + 5 * 3) + 9 * 4 + (9 + 6) * 2 * 6) = 22977146880
7 * ((3 + 8 * 3 * 6 * 8 * 6) + (8 * 3 * 7 + 4 * 2 * 5) * 5 * 8 * (7 + 9 * 4 + 6 * 2 * 8) * 4) + 7 + 7 = 14079385614
(7 * (7 + 4 + 4 * 5 * 5 + 2) * 2 + 5 * 6) + 2 * 5 + 3 = 158503
(2 + 7) * 6 * (3 + (9 * 4 + 8 * 8 + 5) + (2 + 7 * 5 * 5) * 5 + (3 * 6) * 2) + (8 + 5 * 9 + 9 + 8) = 317978
6 * 5 * 3 + 7 * (4 + 2 + 7 + 9) = 2134
(9 + 6 + (2 + 2 + 5 + 6 * 5 * 8)) + 7 * 2 = 1244
((7 + 7 * 9) + (5 + 8 * 2 + 4 * 7 * 7) + 7 * 3) * (8 + 2) + 7 = 48097
3 + 6 * (8 * 7 * 3 * 7) + (5 + 4 * 3) + 6 = 10617
(7 + 7) + 9 + (5 * (5 + 9 * 3 + 3 * 2 + 3) * 4 * (8 * 7) * 2 * (7 * 9 * 6 + 4 * 6 + 2)) + 6 = 477886109
((6 * 2 * 6 + 3 * 8) + (9 + 8 + 9 + 2 + 3 + 5) * 7 * 9) + 8 + 6 * 3 + 6 + 7 = 120259
((9 * 8 + 2) * 8 + 6 * (4 + 8 + 4 * 9 * 9) + 9) * 7 * 5 = 27125595
8 + 6 + (4 + (6 + 6 + 3 + 9)) + 3 * 3 + 4 = 139
8 + (3 + 5 * 9 + 3) * 9 + 8 + 8 + 7 = 770
5 + (3 * 4 + (8 + 4 + 3 + 4) * 8 + 7) = 260
(9 * (6 * 7 * 9 + 5) * (7 + 6 * 2 * 4 + 2 + 8)) + 4 + 8 = 392970
3 * 5 * (9 + 2 * (9 * 6 * 7 + 9) + 2) * 7 + 6 = 447201
4 + (3 * 7) = 25
(3 + 7 * 9) * 6 * 6 + 3 + 3 + (2 + (9 * 4 + 6 + 7 + 9)) = 3306
(4 * 2 * (9 + 5 * 9 + 5 * 9 + 9) + 8) * 7 * 7 * 3 + (9 * 4 * 7) = 1398516
3 * (4 * 5) + 9 + ((7 * 8 * 4 * 8) + 7 * 3) = 5466
8 + 9 + 4 * 4 * ((5 + 3 * 6) * 5) * 6 = 120960
9 + 8 + (9 * 9 + 4) + 5 = 107
9 * ((8 * 7 * 2 + 4 + 8) * 9 + 5 + (2 + 4 + 6 * 7 * 3 + 3) + (7 * 9 * 2 + 7 * 9) * 3) + (6 * (9 + 7 * 3 + 7 + 6) + 6 + 6) = 69849
4 * ((5 * 7 * 9 * 9 * 4) + 2 + (5 * 5) * 2 * 7 * 9) * 4 * 7 + 2 + 9 = 160411115
9 + (7 + 5) + 4 + (3 + 2 * 4) * 8 + 7 = 367
(8 * 7 + 7 + 6 + 7 * 6) * 5 + 7 + 5 = 2292
9 + 5 * 5 * (3 + 8 * 4 + 8 + 4 * 5) + 3 + 4 = 19607
4 * 5 * 6 + 6 + (7 * 7 + 6 + 4 + 4 * 3) = 315
(4 * 2 + 9) + (4 * 3 + 9) * 9 + 8 = 350
9 * 6 + ((7 + 2 + 6) + (2 + 2 * 3)) * 6 = 486
((5 + 6 + 6 * 6) + 8 + (3 * 8 * 3 * 3 * 6) * 4) * (2 + 6 * 7 * 6 * (3 + 5)) * 6 * 2 = 181407744
(5 * 3) + (2 + 9) + 2 = 28
4 * 8 + 6 = 38
2 + 6 + 2 + 4 = 14
5 * 8 * (9 * 2 * 8) + 8 + 9 + 4 = 5781
5 * (4 + 7 * (5 * 7 * 6 * 5 * 8) + (6 + 3 * 6 + 3 + 7) * (7 * 5 * 8) * 4) = 517798400
5 * 9 + 5 + 5 * (9 * 2 + 4 + 9 * 7 + 4) * 7 = 85085
5 + (4 + 7 + (9 + 7 + 5) + 9 * 6 * 3) * 5 * 3 + 5 = 11150
(7 * 8 * 7) + 6 + 2 * 4 + 6 + 4 = 1610
(2 + (4 + 4 + 6) + 9 + 5 * (2 * 7 * 3) * 2) + 7 + ((9 + 5) + (5 * 3 + 8 + 5 * 6 + 8) * 2 + 7) * 9 * 3 = 78678
(2 * (9 * 5) + 9 + 4) + 8 * 7 + 8 + 8 + 8 = 801
2 + 3 * 3 + (7 * (9 + 5) + (8 + 6 + 8 + 2) * 7 * 2 + (7 + 8 + 9 * 3)) + 5 + 9 = 1809
5 + 4 + (7 * 3 * (2 * 6 + 2 * 3) + 3) * 7 = 6258
9 + (3 + (7 * 3) + 7 + 3) + 5 + (7 * 3 + 7) = 76
7 + 4 * 2 + 4 + (8 + 3 + 7) * 5 = 220
9 * 4 + (6 + 9 + 3) = 54
2 + 3 + 7 + 7 + 8 + ((4 * 7 + 9 + 8 + 6 * 3) * 3 * 7 * 9 * 6 * 7) = 1214541
(7 * 9 * 4 * 2) + (3 + (5 + 2 + 4 + 6 * 8 * 5) + 5 + 5) + 4 = 1201
(6 * 2 + 8 + 3) * ((8 * 3 * 9 * 2 * 7) * 4 + 9 + 6) * 6 + 8 = 1671326
(3 * 5 * 8 * 4 + (2 * 5) + 2) + 5 * 8 * 5 * 3 * 4 = 238560
4 + (9 + 7 * (6 + 3 + 9 + 7)) = 404
(9 * 2 + 3 + 7) * 7 * (8 * 2 * 7) * 3 + 4 = 65860
6 * (8 * 2 * 8 + 8 + 9 + (4 * 7 * 4 + 9 + 5 + 5)) * 4 = 6624
5 * (2 * 4) * 6 = 240
4 + 4 * 4 + 6 + ((5 + 3 + 2 * 2 + 4) * 3 * 2 * (7 + 7 + 8 + 6 + 3) + 2) = 4504
7 * 6 * 8 + (9 * 9 + 3 + 9 + 3 * 7) + 3 = 1011
8 * (2 * 8 * (2 * 4 + 6 * 4 * 8)) * (9 * 3 + 8 * 3 * 8 * (6 + 8 + 6 * 7 + 3)) * 6 * 6 * 7 = 1735816642560
(3 + (7 * 7 * 4 + 2 * 4 + 7)) + 6 * 5 + 9 + 4 = 4053
(2 + 2 * 3) + (3 * 3 + 2 * 3 * 5 + 9) + 8 * (8 + 9 * (9 + 9 + 2 * 9) + 9 + (6 + 3 * 7) * 5) * 4 = 12152160
4 * 8 * 3 + 5 * (6 * (5 * 4 + 9 + 4 * 6 * 3)) + 9 = 359973
4 * ((7 + 4 * 8) * 2) * 6 * 6 + (7 * 4) * 2 = 50744
7 + 3 * 3 + 6 = 36
2 * (3 + (6 + 5) + (3 * 2 + 6) + 4) + 6 * 7 * (5 * 2 + 3 + 9 * 9) = 91476
(7 * 5 * (8 + 4 + 6 + 3 * 5)) + 2 * 9 = 33093
3 * 4 * 7 * (7 + (5 + 7)) + 9 = 1605
9 * ((9 + 7) + 3) = 171
5 + ((6 * 2 + 8) * 7) = 145
7 + 2 * (6 + 6 + 6 + 3) * 2 = 378
(9 + 3 * (4 + 8 + 5 + 5 + 7 * 9)) * ((7 * 5 * 9 * 2 * 6) + 5 + 6 * 3 + 9) * 8 + 7 * (5 + 6) = 3137061389
3 + ((8 + 5 * 9 * 6 + 6) * 2 * 5 + 9 * (8 * 5 * 8 + 4 + 9 * 2) * 8) * 8 + 7 = 302161567
3 + 2 * 3 + ((9 + 3) * 9) = 123
8 * (2 + (6 + 2 * 8)) * 2 * 7 + 8 = 7400
(4 + 9 * (8 + 4 * 2 + 9 * 6 + 8) * 6 + (8 * 9) + 3) * 6 = 96858
3 * (3 * 9 * 5 * 6 + 2 + 4) * 9 * (8 * 4 * 7 * 7 * 8 * 3) * 5 = 4145541120
8 * 2 + (7 + 4 + 5 + 2 * 4 * 8) + (2 * 4 + 7 + 4) * 4 = 2444
(7 + 9 + 9 * 6) * 6 + 9 * 8 = 7272
5 + 8 + 3 * 3 + (6 + (9 * 8 + 8 * 5) + (3 * 5 * 4)) = 514
(2 * 9 + 3 * 9 * 8) * (6 + 6 * 8) * 9 * 4 = 5225472
2 * (8 * 9 + 4) = 152
2 + 5 * (5 * 4 * 9 * 3 * 8 * 3) * 8 = 725760
9 * 9 * (7 * 3 * 4) * 8 * 8 = 435456
4 + (9 + 8 + 6 + 8) * 9 + (6 + 6 + 9 * 5) + 9 + (8 + 4 * (5 + 6 + 3 * 6 + 6) + 5 * (8 * 3 * 8 * 3 * 7 * 2)) = 8749869
(5 * 8 * 7 * 5 * 2 + 4) * 6 + 8 * ((4 * 5 * 9 + 3 + 2) * 4 + 4) = 12523008
2 * 9 + (9 * 7 * 8 * 6 * 7 * 9) + 4 + (7 + (3 + 9 * 5 + 5 + 2) + (6 * 3 + 2 + 7 * 7)) * 7 = 1335579
7 * 3 * 7 + (2 * 2 * 4) * 5 = 815
(2 + 8 * 6 * 3 * (6 * 5 + 9 + 3 * 8 + 8) + (3 + 6 + 9 + 4 * 3 * 6)) + 4 + (3 * 4 + 2 + (5 * 3 * 7 + 5 + 9)) * ((2 + 3 + 6 + 6 * 4 * 2) + 4 * 9 + 7 * (6 + 2)) + (6 + (8 * 7 + 2 + 2) + 8) * (7 + (9 + 3 + 9)) = 17724663096
7 * 4 * (7 + 5 * 3 + (9 * 2 * 5 * 2) + 9 + 2) * (5 + 4 * (8 + 8 * 6) + 2) = 5504296
7 * (9 * (7 + 4 * 3 + 8 + 3) + 8 + 8) + 9 = 2893
((8 + 6 + 4) + (9 + 6 * 7 + 4) + (6 + 9 * 5 + 4) + 3) + 5 + 9 + (9 + 9 * 7) * 3 + 2 = 1049
8 + 4 + (9 * 9 + 2 * 8 + 4) + 5 * 4 = 2740
9 * (3 * (7 + 8 * 7 * 8) + 5 * 7 * (5 * 6 + 7 * 4 + 6)) + 9 = 24497559
(8 + 3 * 6 + 8 + 8) * 5 * 3 = 1230
((5 + 7 + 4 + 2 * 6) + (6 * 4 + 6 * 3 + 8) * 5 + 8 + 8 * (5 * 6 + 2)) + (2 * 4 + 9 * 7 * 6 * (9 * 6 + 6 * 8)) * 6 * 9 + 3 = 20314371
((3 * 7) * 7 * 2 * 8 + 2 * (2 + 6 + 7 * 3 + 2 * 5)) + (6 * 3) * (4 * 5 + 4 + 9) + 6 + (9 * 7 * 5 + 5 * 9) + 3 = 18258753
6 + 4 + 5 + 8 + (2 * (2 * 2 + 8) * 9 * 7) + 6 = 1541
5 * 4 + 7 + (2 + 6 * 3 + (2 * 2 * 2)) = 59
(8 * 3 + (2 * 6 * 4 * 2 * 9) + 5 + 9 * 8) * 5 + 7 = 36087
5 * 5 * (3 + 4 * 3) + ((7 * 3 + 5 + 8) + 2) + 6 = 567
((9 * 5) + 4) * 6 + 4 * ((5 * 2 * 9) + 5 + 3) + 6 + 3 = 29213
9 * (2 + 4 + 4 * (5 * 9 * 3 + 4 * 5 + 8) * (3 * 7) * 6) + 6 = 7972026
(3 + 2 * 5 + 5) * (9 * 3 + 5 * 7) + 3 * 9 = 60507
6 * ((7 + 9 + 9 * 2 * 4) * 8) + 9 + (6 * 8) * 3 = 28971
4 + 9 * 8 + (3 * 4 * 4 * 7 * (7 * 6 + 7 * 2 * 7 + 8)) = 233288
(7 + 7) + 7 * ((7 + 3 * 4 + 8 + 8 + 6) + 9 + 2 * 6 * 9 + 2) = 82824
9 + 7 + 9 * 9 + 5 + 5 = 235
8 + 2 + 3 + 2 + 6 = 21
8 + (4 * (3 * 2) + 9 + 6) = 47
9 * 8 * 2 + (6 + 6 * 9) + 8 * 8 = 2080
7 + 4 * 2 * 5 + 4 + 7 = 121
5 * 8 * 4 * 2 * (6 + 5 + 2) = 4160
3 * 5 * (3 + 9 * 2) * (3 + 5) = 2880
3 * 6 * 7 * (2 + 8 * (8 + 6 + 3 * 9 + 9 * 5) * 3 + 8 * (6 + 3 * 5 + 8 + 4)) * (9 + 5 + 9) * 5 = 20076706440
5 * 3 = 15
(3 * 2 + 7 + 8) * 2 = 42
((7 + 8 * 4) + 6 + 9 * (6 + 5 + 4 + 9 + 7 * 6) + 9 + 5) + 5 * 4 = 55876
3 * 9 * 6 * 4 * ((4 + 8 + 6) + (4 + 6 * 2 + 9 + 7 * 2) + 7 * 2 + (5 + 9 * 2 + 2)) = 145152
(8 + 6 + 5) * 4 * 8 = 608
7 * 4 + 8 + (4 + 9 + 3 + 5 + 2 + 6) + (7 + 2 * 5 * 7) + 3 = 383
6 + 7 * 4 + (8 * 3 + 8 * (7 * 5 + 3 * 4 * 5) * 9 * 2) * 2 + 3 = 875627
9 + 6 * (6 * (4 + 7)) + 4 * 7 = 6958
(4 + 5 + 8) * 8 + (8 * 7 + 9 * 5) * 9 = 4149
5 * 3 * (9 * 9 + 5 * 6 * 7 + 6) + 7 + 5 = 54282
7 + 3 * 7 * ((4 + 6 * 4 + 8) + 5 + 9 + 7 * 5) = 24150
9 * (8 + 9 + 3 * 5 * (4 + 6 * 4 + 7 + 7) + (3 * 8 * 2 + 2 + 8)) * 8 + 8 * (3 * 9) + 6 = 10610574
2 + (7 * 9 * 3) + (5 * 8 * 8 * (2 + 2 * 2 * 6 * 7 + 6)) * (9 * 6 + 2) = 6139336
8 * (4 + (8 + 3 * 4 * 2 * 5) * (8 * 2) + (2 + 2 + 7 * 6 + 3 * 2) + (2 * 7)) * 7 = 406336
3 * 7 * 3 + 4 + (2 + (6 * 3) + (2 + 5 + 8 + 3 * 3) + 2 + (4 * 7 + 2)) * 4 = 692
(7 * 7 + 5 * 8) * 3 + 2 + 9 + (2 * 8 * 4 + 7 + 4 * 8) * (7 + 8 * 5) = 143025
2 * ((7 * 5 * 4) * (4 + 7 * 9 + 3 + 3 * 6) + (5 + 5 + 9 + 7 * 8) * (5 * 2 * 8 + 4 * 6) + (5 + 4 + 3 * 9 * 4 + 9)) * 6 * 8 * 5 = 21387875040
(8 + 2) * 3 + 8 * ((5 * 9 * 7 * 7) * 7) + 8 = 586538
(3 + 7 + 9 + 7) * 9 * (2 + 5 * 8 * 9) + (5 * 5 + 9) + (5 + (4 * 4 * 7 * 9) + 4 * (2 * 2 + 5)) = 127123
3 + (4 + 8 + 3 + 4 + 7 + 6) + 4 + 3 * 4 + ((5 * 6) + 2 * 5 * 2 + 8 * 3) = 1152

Sum of all results = 3348222486398

----------------------------

PART 2
(9 * 3 + 4) * (7 + (2 + 3 + 6 * 2) + 3) * 4 * 5 = 40320
(8 + 4 + 9 + (7 * 9 + 4 + 6 + 9) * 3) + 6 + 5 + ((8 * 2) + 2 * 9) * 5 = 4120
5 * 6 * 8 * (9 + 7 * 8 * 9) + 6 + 2 = 278400
9 * 9 + (4 * (6 * 7 * 7 + 4 * 6) * 5 + 6 * (2 * 5)) * (8 + 7 + 6 + 2 * 7) + 5 = 1822215366
5 + (7 + 3 * 7 + 9 * (7 + 7 + 4 + 3 * 3)) + 8 * 4 = 40372
(6 + 2 + 5 + 4) * 2 * 9 * 2 * 8 = 4896
7 + 8 + ((4 + 6 + 6) * 6 + 9 + 3 * 8 + 9) + 5 = 4916
3 + ((6 * 6 * 7 * 6) * 6 + 6 * 4) + (2 + 5 * 6 + 6 + (2 * 4) + 6) * 9 = 654849
(2 * (4 * 9 * 3) * 8 + 6 + (7 + 2 + 6)) * 6 * (5 * 4 + 8 + 7 + (7 + 2 * 3)) = 8644320
8 * ((7 + 4 + 9) * 5 + 6 + (4 + 9 + 8 * 3 * 8 + 3) * 5 * (5 + 8 + 7 + 3 * 7 * 4)) = 362700800
6 * 5 * 5 + (8 * 5 * 8 * 5 + 7) + ((2 + 2 * 6 * 3) * 4) * 6 = 743940
2 + 2 * 9 + 8 * (3 * 7 * 7 * (2 + 5) * 3 + 2) = 349860
6 + 2 = 8
9 * 2 + ((6 * 7 * 7 * 2) + 8) + (7 * (4 * 6 + 7) * 2 * 2 * 9) + 4 * 8 = 986832
(7 * 9 + 9 * 2 * 4 * 9) + 4 * 2 * 9 + 6 = 272280
6 * 3 + 7 + 9 + 9 + ((6 + 6 + 7 * 5) * 6 * 8 * 5) = 136968
((8 * 8 * 6 + 6 * 4) + 3 + 3 + (3 * 5 + 3 * 5 + 4 + 7)) * 8 + (6 + 7 * 2 + 2) + (9 + 9) = 270036
7 + 8 + 3 * 5 + (5 * 5 + 6 + 6) * (9 * 6) = 87480
5 + 5 + 2 = 12
((3 + 3) * 2 + (5 + 8 * 2 + 4 * 3)) * 8 = 11328
((5 + 6 + 5 * 8 + 4) + 9 + (5 + 5)) * (7 * 2 + (8 + 7)) + 9 = 27008
9 * (9 * 8) + (3 * 2 * (9 + 2 * 9 * 5) * 4 * 2) + 5 = 214533
4 * 4 + (2 + 5 + 5 * (3 + 6 * 4 + 7)) * (2 * 2) + 6 = 47680
6 + 2 = 8
6 + 5 + (4 + 8) + 5 = 28
6 * (4 * 6) + (4 * 5 + 4 + 5 + 9) + 7 * (2 + 7 + 9) = 13284
9 * (3 * (5 + 9 * 4 * 5 + 3 * 9)) + ((4 * 4 * 3 * 6) * (9 * 8 * 3) * 9 * 9) + 3 = 45458523
5 + (6 * (3 + 9 + 7 * 6 + 2) * (2 + 4 * 2 * 4 * 6) * 9 + 3) + 6 + 8 + 5 * 3 = 9455688
8 + 9 * (8 + (3 + 2 + 4) * 4 + 3 * 4 * 5) = 40460
9 + 5 + 8 + 9 * (8 + (4 * 2 * 9 + 8 + 7) * (8 + 6 * 3) * 7 * 7) = 12759600
6 * ((9 + 2) * (7 + 8 + 5 + 9 * 7) * 4) * 4 * ((7 + 7 + 4 * 5 * 2) + 2) + 9 = 40944288
(4 + 9 * 8) * (6 + (7 * 6) * 9 + 8 * 2 * 7) + 4 + 9 + 3 * (6 + 8 + (8 * 4 + 7 * 3) * 8) = 2646026240
(5 * 9 * 2 * 7 * 8 + 6) + (5 + 5) = 8830
6 + 7 * 9 + 3 = 156
((7 + 8 * 3 * 7 + 5) * 7 * 5 + 6 * 6 + 5) + 9 + 4 = 457393
(5 * 2 * 4 * 9 * 2 + (8 + 6 * 7 + 6)) + ((4 * 4 * 6 * 9 + 7) + 9 * 7) = 77055
(3 + (5 * 8 + 4 + 4 * 7)) * 7 + 8 + (7 + (3 * 5 * 4 + 6 + 9)) + ((7 + 2 + 7 * 9 + 6 * 8) + 3 + 3 + (2 * 9 * 7) + 4 + (6 + 3 * 5)) * 9 = 12201336
5 * 4 + ((6 + 8 * 5 * 6) * 8) + 7 + 7 = 16890
5 * (4 * (2 * 9 * 7 * 7) * 5) + ((6 * 2 * 9 + 2) * 3 * 2 + 7 + 3) + 9 + 8 = 112045
(7 + 3 * 3 * 6 * 2 * 3) * 6 + 3 * ((3 * 4 * 3 * 9 * 7) + 9 + 8) * 9 = 199891800
((4 + 8 * 9) + 5 * 4 * 2 * 8 * 4) * (6 + 2 * (9 + 5) * 9 * 7 + 8) = 437391360
9 + 8 + (3 * 3 * (9 + 2 + 8 * 7 * 9)) = 10790
(5 * 8 * (7 * 2 + 8)) + 2 * 8 + 8 + 6 * 5 = 308220
2 + (2 * 9 * 5 + 4) * (5 + 9 * 3 * 4) * 4 + 2 = 165312
8 * 2 * (7 * 7 * 4 + 5 + 9 + 4) = 17248
4 * 9 + 2 * 8 = 352
6 + 2 + ((5 + 3 * 5 + 7 + 9) + 4 * 6 + 6) * 5 = 10360
(8 * 3 * 7) + (4 * 5 + 8 * 7 + 6) = 844
3 * 7 * ((3 + 3 * 5 + 9 + 7) + 9 * 2 + (4 + 3)) = 25515
(4 + 2 * 2 + 3 * 2 + 2) * 4 + 2 * 4 + 6 + 3 = 9360
((9 * 7 * 7 + 8) * (2 * 5 + 2 + 3) * 2 * 4 * 7) * 9 + 5 + 5 = 20109600
4 + 9 * 2 + 5 + (3 + 5 + (4 + 3 * 3 * 7 * 5 * 8) + 9 * 2 * 2) * (4 + (2 * 6) + 7 * 5 * 7 + 2) = 317470725
6 + 2 * 4 * (6 + 8) * (4 + 2) * 3 = 8064
3 + ((8 + 8 + 6) * 5) + 9 + 7 + ((7 * 2 * 9 + 5 * 3 + 5) + 3 + (2 * 5) + 3 + 5) = 1718
4 + 2 * 6 + 6 + 6 = 108
(5 * (4 * 9 * 8 + 5 * 8) * 6 * 9 + 3) * ((2 * 7 * 3 + 3 * 4 * 3) + 9 + 8 + 8) + 4 = 1397710080
4 * 4 + 9 * 9 + (2 * (6 * 5 + 9 + 7 * 3) + (2 * 8 + 3 + 2 + 3)) = 43108
6 * 4 + 5 * (6 * (6 * 7 + 2 * 6 + 4 * 7)) * 4 + ((5 * 9 * 8 * 9 * 5 * 5) * 5) = 496016498880
3 + (5 * 4 + (3 + 6 * 2 + 8 + 7 * 8) + 3 + (9 + 8 * 6)) * (5 + 6 * (8 * 9 + 4 * 9 + 5) * 7 * 5) + 5 = 3737847420
9 + 2 + 9 + (3 + 9) + (4 * 4 + 7 * 5) + 5 = 257
5 + 6 = 11
6 + (7 + 2 * 6 * 9 * 7 + 5) * 9 + (4 * 5 * 8) + 2 * 3 = 2994894
8 + 7 * (9 + (9 + 3 * 3 * 7) * (5 + 6 * 3 * 7 + 8 * 2)) * 7 = 27130950
(5 * 7 + 5 + 3 + 6) * 8 = 840
5 + ((9 + 5) + 9 + 4 * (5 * 4 * 7 + 3) * 3) = 16205
5 * 8 * 7 + 8 * ((8 + 9 + 3 * 6 * 5) * 4 * 9 + 4) = 18720000
8 * (6 + (6 + 9 * 7 * 8 * 7) + 7 * 2) + ((2 * 9) * 7) + 4 = 95328
6 + ((4 + 5 + 6 + 7) * 7) = 160
8 * (5 * 6 * 4 * 8 + 6 * 6) + 2 * 9 = 725904
7 + 3 + 2 * (6 + 8) = 168
9 * ((4 + 4 * 9 + 6 * 8 * 7) + 9 + 2 + 6 * (4 * 9 + 7 + 6) * 3) * 5 + 7 = 192085344
((2 + 3 * 2 * 9 + 6) + 4 + 8 * 2 * 5 + 8) * 5 + 5 + (9 * 6) + 9 + (3 * 2 * 8) = 509652
4 + (6 + 2) * 9 + (5 + 4 * (8 * 3 + 7 + 6) * 4) * ((7 + 2 + 3) * 6 + 9 * (6 + 7 * 2)) = 259290720
6 + 2 + ((2 * 4 * 8) * 2 * 4 * 7 + 9) * (7 + 8 + (6 + 7 * 9 + 9 * 7) + 4) * 8 = 108699200
9 * 9 + 7 + 9 * (9 * 4) * 9 = 72900
(7 * 3 + (3 * 7 + 4 * 4 * 8) * 2 * 2 * (3 * 3)) + 8 = 266876
9 * 6 + 3 * (2 * 5 * 7 * 7 + 7) * 8 + (2 + 4) = 1111320
(8 * 9) + 8 * 6 = 480
(3 * 2 + 6 + (7 * 8 * 5 * 4)) + 5 * 6 = 20334
4 + 3 + (9 + 3 + (2 * 9 * 6) + 7) * 8 + 3 * 8 = 11792
9 + 6 * 8 + 4 + 9 * (9 * (8 * 4 + 9) + 3) = 303345
5 + 4 * 6 * (8 * (2 + 9 + 6) * (6 * 3 + 2) + 6) * (8 * 8 * 3 * (6 * 9) * 3 + (4 + 4 + 2 * 2 * 6)) + 6 = 337160983680
4 + (6 + 6 * (4 * 7 * 7) + 5) * 5 + 6 * (7 + 2 * 4 * 2 + 9 + 9) = 19134720
((8 + 7) * (7 + 5 * 9) + (9 + 2 * 6 * 2) + 6 * 7) * (3 + 3 * 2 + 3 + 7) * 4 + 7 * 7 = 143201520
(6 + 9 * 7 * 4 + 7) * 6 + 7 + 5 + 3 + 8 = 33495
9 + 2 + (9 * (8 * 9 * 2 * 6 + 2 + 5)) + 6 + 4 + 8 = 16877
6 + 4 * ((2 * 9) * 6 * 5) + 2 * 9 = 48780
(6 + 8 * 2 + (5 + 2 * 7 * 7) * 5 + 4) * (2 * 3 + 8 * (9 + 6 * 4 + 3 + 6 + 4) * (2 + 5 * 8 * 2 + 4)) = 81939211200
3 + (9 * (2 * 7 * 6) * 9 + 7 + 3) + (7 * (5 * 6 + 7) + 3 * (5 * 7 * 5 * 4) * 8 + 6) * 4 * 5 + 9 = 262033352
(6 + 6 + 4) + 3 * 4 + 3 = 133
9 * (2 * 7 + 9 + (4 + 2) * 5) + (2 + 5 + (7 + 6)) * 8 = 17280
2 * (6 * 6 * 9 + 8) + 4 * 2 = 2464
((4 * 3) + 8) + 5 + 5 = 30
5 + 8 * 7 + 6 + 6 * ((9 * 2 * 5 + 4 * 7) + 8 + 6 + 5 + (3 + 7)) = 287261
8 + (8 * 8 * 8 * (3 * 7 * 8) * 4) * 8 + 5 * 8 * 3 = 107350464
(8 * 3 * 8) * 4 * 3 * 3 * 6 = 41472
5 + 6 * (9 + (5 + 6 + 8 + 3 * 4) * (6 * 3 + 3 + 4 * 6 + 2)) = 512160
3 * (2 * (5 * 9) * 5 + 8 + 5 * 6) * 8 + (8 + 5 + 7 * (6 + 5 + 9 * 2 * 9) + 2 * (3 * 2 * 2 + 9 * 4)) = 55735490880
(2 * 8 + 5 + 7 + (8 + 2 + 7 * 5 * 5 + 4) * 2) + 5 * ((8 * 7 + 5) * 3 * 4 + (4 * 7 * 6) * (7 + 6 + 4 + 7 * 7) + (8 * 7 + 2 * 2 + 9 + 3)) + ((4 + 8) + 9) = 183209952765
3 * (8 + (2 + 9) + 2 * 8 + (9 * 4 * 9)) * 2 * 3 * 4 = 501984
(4 + (9 * 4) + 5) * 8 * (3 + 7 * 3 * 7 + 4) * 7 * 2 = 1663200
2 * 4 * (2 * 8 + 9 + 7 + (8 * 3 * 6 + 3 + 5) + 9) + (5 * 8 * 8 + (4 * 5 * 2 + 4 * 2 + 5) * 4) + 2 * 6 = 6548160
7 + 8 + ((5 + 7 + 2 + 9 * 4 * 3) * 4) + 7 + 6 + 8 = 1140
((4 + 4 * 4 * 9 * 6 + 9) * (7 + 9) * 2 + 8) * 8 * 6 + 9 = 82944000
(2 * (6 + 7 * 3 + 6 * 7) + 4 * 2 + (3 + 8 + 9) * 8) * 8 + 8 + 8 + (2 + 8 * 5 * 9) = 137315904
(7 + 5 + (7 + 9 + 5) + 2) * 4 + 9 = 455
3 * 6 + 8 + 2 * 7 = 336
6 + 2 + ((7 * 6 + 3 + 4) * 8 * (2 + 6 * 5) * 6) + 4 * 2 = 349464
(4 * 8) + 7 * 3 + 3 * 7 + 5 = 2808
5 + 6 + 3 + 7 * (2 * 7) + (5 + (3 + 4 + 3 + 4 + 7) + 8) = 1008
2 + ((4 + 7 * 6) + 8 + 9 * 6 * 9) = 4484
(6 * 2) * (7 + 5 * (7 * 6 + 7 + 3 + 8 + 7) + 2 + 5 + 8) + 6 = 33480
(3 * 2 * 8 + 7) + (5 * 4 * 9 + 6) + 4 * 3 + 4 = 2758
8 + (8 + 2 * 3 + 2 + 2) = 78
(7 + 8 * 5) * (3 * (9 + 5 + 6 + 9 + 3 + 9) * 3) + 8 + 7 * (5 + 9 + 3 * 2 + 4 + 5) + 4 = 5500800
7 * ((6 * 7 * 2 * 9 + 8) + 8 * 6 * 8 * 5) * 2 + 3 + 8 * 3 = 94086720
(4 + (5 * 7 + 3 + 4 + 9)) * 7 = 833
7 * 5 * 2 * (4 + 4 + 6 + 3 * 7) + (8 * (6 + 2 + 8 * 9 + 6) * 3 * 6 + 3 + (4 + 5 + 9)) * 7 = 76263110
3 * 4 + 2 = 18
((6 + 9 + 5 + 4 + 9 * 7) * 9 + 8 + (9 * 2 * 6 * 4 * 7 * 3)) + (8 + 6 + 7 + 4) * 9 * (8 * 5) + 7 = 888124032
(9 * 8 + 4) + (3 * 4 + (9 * 5 * 3 * 4) * 9) = 14796
(7 + 8 * 3 + 6 * (4 + 5 + 7 * 8 + 9) + 4) * 3 = 111780
((7 * 4) + (6 * 7 * 6) * 7 + 9 * 3) + 2 * (4 + 8) + (4 * 5 + 8 + 8 + 5) * (4 + 9) * 5 = 101352680
(2 + 3 + 7) * 6 + 8 + (4 + 7 * 6 * (3 + 4 + 4 + 7 * 6) * 8 + 3) * 4 = 3764256
6 * (8 * 3 + 4 * (6 + 9 * 2 + 3 + 8 * 5) * 8 + 6) = 4586400
8 + ((2 * 8 + 5 * 5 * 5 * 3) * 9 + 5) + 9 = 27317
(8 + 4 * 9 * 8) + 5 * 5 * (7 + 7 + 2 * 9 + 8 * 6) + 6 * (6 * 6 + 6 + 3 + 9 * 8) = 8198910720
5 * 9 + (5 + (9 * 5 + 7) + (2 + 2 * 7) * 4) * (9 * 9 + 5 * 4) + 9 = 1469745
7 + 7 * (2 * 9 * 6 + 3 + 5) = 3528
2 + (8 * 9 * 7 * (4 * 9 + 9 * 4 + 5) + 4 * 4) + 5 + 2 + 8 = 1314449
(2 + (4 + 9 + 4 * 7 * 3) + 4 + 8) + (2 + 4 * 5 * (3 + 4) + 8 * 5) = 2621
2 + ((7 * 8 + 6 * 6) * 4 + 6 + 7 * 6 * 9) + ((7 + 9 * 5 * 5) + 4 * 9 + 6 + 7) * ((6 + 9 + 4 * 7 * 2) * 7 + 9 * (7 + 2 + 3 * 3 + 5) * 5) = 1120875141120
(3 * 8 + 2 * 2 + (3 * 7 + 8 * 5 * 6) + 6) + 4 + 5 = 40749
8 + 5 * 8 + 7 * 2 = 390
(3 + (6 * 9 * 8 + 4 + 8) * 4 + 2) + 8 = 6506
(7 + 7) + 5 * (9 * 2 + 9) + ((4 * 3 * 3 * 4 + 4 * 9) * 8 * 8 + (3 * 9 + 7 + 8) * 3 + 9) = 378226521
(6 + (5 + 7 * 5) * 8 * 9) * 6 + 3 = 42768
3 + 2 * (5 * 8) + 5 + 6 = 255
7 * 4 + 7 + 7 * 4 * (4 + 9 * 6 * 5) = 196560
3 + 4 + (6 * 9) * (6 + (5 * 5 + 6 * 8) + 9 * (7 * 3 + 6)) + 8 = 1749053
4 + 4 * 6 * ((4 * 3 * 2) * 4 + 3 + (7 + 8 + 7 * 6 * 9 * 3)) * (5 + 8) = 53479296
(6 + 7 * 8 + 3 + 9) * 5 * 3 * 3 = 11700
8 + 5 + 3 * 8 * 2 + 9 = 1408
(9 * (5 + 8 + 4 + 4 + 9 + 4) * 2 + 7 * (6 * 4 + 7 + 4 + 8)) + 9 + 5 = 380066
7 + 7 * 3 + 8 * ((5 + 3 * 4 * 9) * 4 * 6 * 8) = 8515584
2 + 5 + 8 + (3 + 3 * 4 + 8) = 87
5 + 4 * 3 * 9 + ((5 * 2 * 2) * 5 + 4 + (4 * 2)) = 9423
(3 * 7 + 2) * 3 = 81
8 + 7 * 3 + 9 + 9 * 5 = 1575
2 + (2 * 6 + 3 + (4 + 3 + 4 + 2 + 7 * 9)) + 8 + 2 * 7 * 9 = 24570
(4 * 4 + 4 + 7) * 8 + 5 = 780
2 * (5 * (8 * 5 * 2 * 6 * 8) * 6 * 3 + 8 * 8) = 20275200
8 + 3 * 9 + 5 * 9 * (5 * 7 + 6 + 5 * 3 + 7) = 1247400
2 + (3 + 7) * 8 * 9 = 864
7 + 9 + 6 = 22
4 + (6 + 7 + 8 + 4 * 5) + 2 * 6 * 8 * 2 = 12576
(9 + 3 * 7 * 3) * 8 + (9 + 5 * 2 * 8 + 3 * 4) * 8 + 2 * 6 = 18748800
4 + 2 * 3 * 6 * ((3 * 5 * 3) * 2 + 6 + 5 * 4) = 252720
3 + 9 * (7 * (8 + 7) * 9 * 7 + 7) = 158760
6 + 3 * 6 + 4 * (7 * 7 + 2 * 9 + 4 + 2) + (6 + 6 + 6 + 7) = 87300
(5 * 4) * 6 * (5 + 4 + 5 + 3 * (8 * 6) * 5) * 7 = 3427200
(8 * 4) + 2 * (2 * 2 * (9 * 9 + 8) + 8 * 9 + 6) * 7 = 2299080
3 + 5 * (4 + 9 + 3) + 9 * ((5 * 2 * 4 + 2) + 6 + 7 + 7 + 5) = 17000
(3 + (9 + 7 * 3 + 6 * 6)) + 9 * 7 * 4 + (9 * 4 * 9 + 7 * 7 * 7) = 173094096
(3 * 7) + 4 = 25
4 + (2 + 5 * 5) + 6 + 2 * 8 + 9 = 799
8 * (6 * (7 * 3) + 8 + 5 + 8 + (8 * 2 + 6 + 9 + 4 * 3)) = 26208
7 * 8 * (5 * (2 * 6 * 9) * 3 * 6 * (6 + 8 + 5)) = 10342080
(5 + 9 * 4 * 7 * 7 + 8) + 4 = 5884
((8 * 9 * 6 + 4 * 6 + 3) * 6 + 2 * (4 + 8) * 7) + (4 + 4) + (7 + 7 * 7 * (4 + 5 + 2)) = 4355646
(4 + (8 + 4 * 4 * 2 + 4) + 7 + 6 * 2 + 6) * 9 + 3 * 3 * (9 * 9) = 7115040
(9 * 5) * 6 + ((5 + 3) + 9 + 4) = 1215
7 + ((8 * 9 * 5 + 2 + 2 * 7) * 9 * 3 * 7 * 2) * 6 * 2 + 6 * (9 * 4 * 2 + (2 + 7 + 5) * 4 + 7) = 521462430720
8 + (5 * 4 * 7 + 2) * 6 + (6 * 3) * 4 = 18048
7 + (9 + 9 * 4 + 3) * 8 * (9 + (6 + 9 + 2 + 6 + 8) * 9 * 7 * (2 * 8 * 5 * 8)) * (4 + 7 + 8 + 2) = 36036403200
6 + 3 * 5 * 8 + ((9 + 5 + 6) * 9 * (3 + 7 * 8 + 6) * (2 * 9 + 5)) + (7 + 6) = 31752945
5 * (9 + 7) + 2 * 4 + 3 = 630
7 + 2 * (5 + 6 + 9 + 4 * (7 + 6 * 5 * 6 + 8) * 4) * 6 + 4 = 7862400
6 * 8 * 8 * 4 + 8 * (2 * (9 * 4 * 7 + 9) * 5) = 26542080
8 * 4 + (4 + 7 * 3 + 5 + 8) + 4 * 7 + ((4 * 9 + 3 * 8) * 5 * 6 + 7 + 5 * 4) = 203499584
(9 * 3 + 3) + 9 + ((9 + 9 + 6 + 8) * 9 + 7) * 4 + 9 * ((8 + 7 + 8 * 2 + 8) * 5 + 8 + 3 * (3 + 5 + 2 * 6) * 8) = 13203840000
(8 * 4 * 3) + (4 * 3 * 8 + (5 * 9) * 3 * 9) + 9 + (4 * 2) + 9 + 4 = 17298
2 * 5 + (9 + (5 + 2 * 2 * 7 * 3 * 9)) = 5320
(4 * 2 + 8) + (4 + 5 + 3 + 9 + (9 * 2 * 4) * (2 * 6 + 6)) = 2272
9 * 5 + 2 * ((3 * 3 + 3 + 9 * 7 + 9) * 3 * 3 + 6) + 7 = 1225161
8 + (5 + 4 + 9) + ((6 + 9 * 6) * 8 + 3 + 6 * 8 * 6) * ((6 + 4) * (3 + 5 * 7 * 9 * 4 + 3) + (2 * 4)) + 4 = 2598051624
5 + 7 + (5 + 2 + (5 + 6 * 2) * 7) + 4 * 4 = 876
(7 * 8 * 8) * (3 * (2 * 3 * 4 + 3 + 5 + 6) + 2 + 9 + (7 + 5 + 7 * 9) + 9) + 2 = 402752
2 * 8 + ((4 + 9 + 6 + 8 * 2 * 9) * 9 * (5 * 7 + 7 * 4 + 3 + 9) * 3 + 2 * 8) * (3 + 7 * 7 * 5 * 3) * 9 * 8 = 29628427449600
6 * 8 * (5 * 7 + 3 * 2 * 3 + 4) + 7 + (4 + 2 * 8 * 8) + ((9 * 4 + 5) * (7 + 6 + 2 * 4)) = 285648
4 + 9 + (9 + 5 + 3 * 8) * 5 * 9 = 6705
5 + 2 + ((6 + 8 + 3 * 7) * 6 * 5 + 8 + 3 * 9) + 6 = 102829
3 + (7 + (3 * 6 * 7) + 9 * 2 * 2 + (9 * 4)) * 8 * 8 * 6 = 4145280
((5 + 9 + 8 + 6) + 4 + (3 * 4 + 8) * (2 + 5 * 2 * 6)) + 9 + 8 * 2 = 11458
8 * 9 + 2 = 88
(3 * (3 * 5 * 2 * 3 * 3) * 3 * 7) * 3 * 6 * 5 + 8 = 3980340
6 * 8 + 6 + 9 * 9 * (7 * 2 * 5 * 3 * 4) = 1043280
(8 + 2 + 4 * 3 + (4 * 6 + 7 * 2)) + (6 + 8) + 8 = 1520
9 + 4 = 13
((4 + 8) + 8 * (4 * 5 + 8 + 2 + 8 * 9) + 7 * (3 * 7 * 4 * 8) + 4) * 6 * 7 * (2 * 3 + 6) = 8534635200
6 + (4 + 5 * 9) * 6 + 9 = 1305
(4 * (5 * 3 * 3 * 7 * 2 + 7) + 4) + 4 * 8 * 4 * 3 = 1090560
8 + (9 + 8 + 9) * 5 = 170
9 + 8 + 8 + 9 * (8 * 3) = 816
(6 + 8 * 5 * (5 + 7 * 8 + 4 + 3) * 6 + 4) * (2 * 4 * 5) + 7 * 8 + (9 * 6) = 367164000
((9 + 2 + 5 + 5 + 5) + (9 + 6 + 7) * (7 + 5 + 9 + 5 * 6)) * (4 + (7 + 8 + 9 + 7) * (7 + 7 + 6 * 4 + 2) + 5 + 5 + 6) * 3 = 106928640
7 * (6 + 8 * 6 * (5 + 6 + 5 * 4) * (9 * 2 * 6 * 4 + 8)) * 2 + 9 = 536481792
(7 * 3 * 3 * 9 * 4) + 9 * (9 * (8 * 8 + 2 * 8 + 3 + 6) * 5 + (4 + 3 * 3 * 4 + 5 * 8)) + 9 * 4 = 169118154612
(7 + 3 + 4) * (2 + (4 * 7 + 5 * 3 * 7) * 4 * (3 + 5) + 8 * (8 * 9 + 2 + 7)) = 130314240
7 + (8 * 7 * 2 + (7 + 6 + 8) * 3 * 3) + (4 * (7 * 7 + 4 * 7 * 4) + 7 * 5 + (6 * 6 + 4)) = 573979
5 + 3 + 4 + (2 + 4 * 5 * 2 + 8) = 312
(3 + 3 + 2 + 9 * 4) + 7 + (2 * 8 * 7 * 3 + (3 + 9 + 9 * 2)) + 7 * (9 * 7) + 2 = 332930
7 * 5 * (4 * 8 * 4 * (7 + 6 * 5 * 5 + 7 * 9)) + 9 = 31449915
(2 * 5 + 2 + (6 + 3 + 4)) + 2 + ((6 + 8 + 9) * 4) + 2 = 136
8 * (2 * 9 + 3 + 2) + 9 = 296
(5 + (5 + 9 * 5 + 5 * 4 * 9) * 7) + (8 * 8 * 9 + 8 * 3) + 3 + 6 * 5 = 192940
8 + (7 * (7 + 9) + 3) = 141
(7 + 4 * 5 + (8 + 2 + 7) * 7 + 8) + (9 * (9 * 8 + 7 + 9 * 4)) * (4 + 9 * 5) + 2 = 764202
(7 * 5 + 6 * 5 * (2 * 4 * 3 + 4 + 7)) * 5 * (7 * (7 + 3 * 4) * 9) = 543312000
4 * (6 + 9 * 3) + 9 + 5 * 9 = 2124
(9 + 3 + 8 * 7 * 2 * 6) * (8 + 7 + 2 + 7 + 6) + (5 * 6 * 6 + 3) + 2 + 9 = 522480
5 * 5 + 6 + (3 * 7 + 6) = 250
2 * 7 + (5 * (5 + 8 + 9 * 5 + 3) + (3 * 2) * 3 + 7 * 2) + 2 + 5 + 3 = 36434
(9 * 5 * (4 * 9 * 6) + 3 * 8) * 2 * 8 * 4 * ((3 * 7 * 9 + 5) + 6 * 7) = 10596096000
5 * 9 + ((9 + 4 + 5 * 7) + 4 * 3 + 6 * (2 * 2)) + 7 + 2 = 23490
2 * (6 + 2) * ((6 + 3 * 8 * 3 + 7) * 7 * 5 + (9 + 2 + 3 * 9 * 8 * 8) * 7) + (9 * 9 + 8 * 7 + (9 * 3 * 8) + 9) = 4555357056
4 + 2 * 2 * 5 + 5 * 4 = 480
4 + 4 * 8 * 7 + 3 = 640
9 + (3 + 8 * (4 * 2 + 3 + 4) + 5 + 8) * 8 + 4 * 7 * (4 + 3 * 9 * 4) = 11600064
6 + (3 + 2 * 2 + 3 + 7 * 8) * 4 * 8 + 2 = 19440
(7 * 4 + 5 * 2 * (5 * 8 + 3 + 6 * 2)) + (7 * 2) * 9 * (7 + 7 + 5) * (8 + 2 * 9) * 6 = 1979215560
3 + 9 * (7 + 2 * 6 + 2 + 5) * 4 = 5616
9 + (8 * 2 + (8 + 8 + 8)) * 8 + 7 = 3255
6 * 7 * 7 * 4 = 1176
2 * (2 + (4 + 7 * 7 + 6 * 8)) + 4 = 2300
(9 + 8 + (5 + 9 + 4 + 9 * 6 + 3)) * 4 = 1040
6 + ((9 + 2 + 4 * 2 + 9) * 7 * 3 + 5 * 6 * 6) + 7 * 4 * 9 = 11975508
(5 + (5 + 9 + 6 + 7)) * 5 + 4 + 6 = 480
(5 * 8 * 6 + 8 + 7) * 2 + 7 + 8 + 5 = 18480
(7 * 5 + 6 + 5 * (6 + 4 * 9)) + 4 * 8 + 3 = 110924
4 * 9 * (8 * 5 * 3 * 9 * (4 * 2 * 3 * 4) * 3) * ((5 + 5 * 3) + 9 * 4 + (9 + 6) * 2 * 6) = 99567636480
7 * ((3 + 8 * 3 * 6 * 8 * 6) + (8 * 3 * 7 + 4 * 2 * 5) * 5 * 8 * (7 + 9 * 4 + 6 * 2 * 8) * 4) + 7 + 7 = 34819276898
(7 * (7 + 4 + 4 * 5 * 5 + 2) * 2 + 5 * 6) + 2 * 5 + 3 = 1234816
(2 + 7) * 6 * (3 + (9 * 4 + 8 * 8 + 5) + (2 + 7 * 5 * 5) * 5 + (3 * 6) * 2) + (8 + 5 * 9 + 9 + 8) = 4072140
6 * 5 * 3 + 7 * (4 + 2 + 7 + 9) = 6600
(9 + 6 + (2 + 2 + 5 + 6 * 5 * 8)) + 7 * 2 = 1244
((7 + 7 * 9) + (5 + 8 * 2 + 4 * 7 * 7) + 7 * 3) * (8 + 2) + 7 = 201705
3 + 6 * (8 * 7 * 3 * 7) + (5 + 4 * 3) + 6 = 10881
(7 + 7) + 9 + (5 * (5 + 9 * 3 + 3 * 2 + 3) * 4 * (8 * 7) * 2 * (7 * 9 * 6 + 4 * 6 + 2)) + 6 = 4741632029
((6 * 2 * 6 + 3 * 8) + (9 + 8 + 9 + 2 + 3 + 5) * 7 * 9) + 8 + 6 * 3 + 6 + 7 = 907424
((9 * 8 + 2) * 8 + 6 * (4 + 8 + 4 * 9 * 9) + 9) * 7 * 5 = 57550500
8 + 6 + (4 + (6 + 6 + 3 + 9)) + 3 * 3 + 4 = 315
8 + (3 + 5 * 9 + 3) * 9 + 8 + 8 + 7 = 3328
5 + (3 * 4 + (8 + 4 + 3 + 4) * 8 + 7) = 1040
(9 * (6 * 7 * 9 + 5) * (7 + 6 * 2 * 4 + 2 + 8)) + 4 + 8 = 1926300
3 * 5 * (9 + 2 * (9 * 6 * 7 + 9) + 2) * 7 + 6 = 1857570
4 + (3 * 7) = 25
(3 + 7 * 9) * 6 * 6 + 3 + 3 + (2 + (9 * 4 + 6 + 7 + 9)) = 133920
(4 * 2 * (9 + 5 * 9 + 5 * 9 + 9) + 8) * 7 * 7 * 3 + (9 * 4 * 7) = 353458560
3 * (4 * 5) + 9 + ((7 * 8 * 4 * 8) + 7 * 3) = 16278
8 + 9 + 4 * 4 * ((5 + 3 * 6) * 5) * 6 = 120960
9 + 8 + (9 * 9 + 4) + 5 = 139
9 * ((8 * 7 * 2 + 4 + 8) * 9 + 5 + (2 + 4 + 6 * 7 * 3 + 3) + (7 * 9 * 2 + 7 * 9) * 3) + (6 * (9 + 7 * 3 + 7 + 6) + 6 + 6) = 118999800
4 * ((5 * 7 * 9 * 9 * 4) + 2 + (5 * 5) * 2 * 7 * 9) * 4 * 7 + 2 + 9 = 412485696
9 + (7 + 5) + 4 + (3 + 2 * 4) * 8 + 7 = 675
(8 * 7 + 7 + 6 + 7 * 6) * 5 + 7 + 5 = 22032
9 + 5 * 5 * (3 + 8 * 4 + 8 + 4 * 5) + 3 + 4 = 62090
4 * 5 * 6 + 6 + (7 * 7 + 6 + 4 + 4 * 3) = 9060
(4 * 2 + 9) + (4 * 3 + 9) * 9 + 8 = 1564
9 * 6 + ((7 + 2 + 6) + (2 + 2 * 3)) * 6 = 1782
((5 + 6 + 6 * 6) + 8 + (3 * 8 * 3 * 3 * 6) * 4) * (2 + 6 * 7 * 6 * (3 + 5)) * 6 * 2 = 181407744
(5 * 3) + (2 + 9) + 2 = 28
4 * 8 + 6 = 56
2 + 6 + 2 + 4 = 14
5 * 8 * (9 * 2 * 8) + 8 + 9 + 4 = 6600
5 * (4 + 7 * (5 * 7 * 6 * 5 * 8) + (6 + 3 * 6 + 3 + 7) * (7 * 5 * 8) * 4) = 526310400
5 * 9 + 5 + 5 * (9 * 2 + 4 + 9 * 7 + 4) * 7 = 987525
5 + (4 + 7 + (9 + 7 + 5) + 9 * 6 * 3) * 5 * 3 + 5 = 29720
(7 * 8 * 7) + 6 + 2 * 4 + 6 + 4 = 5600
(2 + (4 + 4 + 6) + 9 + 5 * (2 * 7 * 3) * 2) + 7 + ((9 + 5) + (5 * 3 + 8 + 5 * 6 + 8) * 2 + 7) * 9 * 3 = 343791
(2 * (9 * 5) + 9 + 4) + 8 * 7 + 8 + 8 + 8 = 3844
2 + 3 * 3 + (7 * (9 + 5) + (8 + 6 + 8 + 2) * 7 * 2 + (7 + 8 + 9 * 3)) + 5 + 9 = 689025
5 + 4 + (7 * 3 * (2 * 6 + 2 * 3) + 3) * 7 = 7560
9 + (3 + (7 * 3) + 7 + 3) + 5 + (7 * 3 + 7) = 118
7 + 4 * 2 + 4 + (8 + 3 + 7) * 5 = 1320
9 * 4 + (6 + 9 + 3) = 198
2 + 3 + 7 + 7 + 8 + ((4 * 7 + 9 + 8 + 6 * 3) * 3 * 7 * 9 * 6 * 7) = 2857707
(7 * 9 * 4 * 2) + (3 + (5 + 2 + 4 + 6 * 8 * 5) + 5 + 5) + 4 = 1201
(6 * 2 + 8 + 3) * ((8 * 3 * 9 * 2 * 7) * 4 + 9 + 6) * 6 + 8 = 62741952
(3 * 5 * 8 * 4 + (2 * 5) + 2) + 5 * 8 * 5 * 3 * 4 = 924000
4 + (9 + 7 * (6 + 3 + 9 + 7)) = 404
(9 * 2 + 3 + 7) * 7 * (8 * 2 * 7) * 3 + 4 = 592704
6 * (8 * 2 * 8 + 8 + 9 + (4 * 7 * 4 + 9 + 5 + 5)) * 4 = 256896
5 * (2 * 4) * 6 = 240
4 + 4 * 4 + 6 + ((5 + 3 + 2 * 2 + 4) * 3 * 2 * (7 + 7 + 8 + 6 + 3) + 2) = 95120
7 * 6 * 8 + (9 * 9 + 3 + 9 + 3 * 7) + 3 = 63966
8 * (2 * 8 * (2 * 4 + 6 * 4 * 8)) * (9 * 3 + 8 * 3 * 8 * (6 + 8 + 6 * 7 + 3)) * 6 * 6 * 7 = 9809952768000
(3 + (7 * 7 * 4 + 2 * 4 + 7)) + 6 * 5 + 9 + 4 = 58374
(2 + 2 * 3) + (3 * 3 + 2 * 3 * 5 + 9) + 8 * (8 + 9 * (9 + 9 + 2 * 9) + 9 + (6 + 3 * 7) * 5) * 4 = 55692000
4 * 8 * 3 + 5 * (6 * (5 * 4 + 9 + 4 * 6 * 3)) + 9 = 2352384
4 * ((7 + 4 * 8) * 2) * 6 * 6 + (7 * 4) * 2 = 287232
7 + 3 * 3 + 6 = 90
2 * (3 + (6 + 5) + (3 * 2 + 6) + 4) + 6 * 7 * (5 * 2 + 3 + 9 * 9) = 423360
(7 * 5 * (8 + 4 + 6 + 3 * 5)) + 2 * 9 = 33093
3 * 4 * 7 * (7 + (5 + 7)) + 9 = 2352
9 * ((9 + 7) + 3) = 171
5 + ((6 * 2 + 8) * 7) = 425
7 + 2 * (6 + 6 + 6 + 3) * 2 = 378
(9 + 3 * (4 + 8 + 5 + 5 + 7 * 9)) * ((7 * 5 * 9 * 2 * 6) + 5 + 6 * 3 + 9) * 8 + 7 * (5 + 6) = 23509355760
3 + ((8 + 5 * 9 * 6 + 6) * 2 * 5 + 9 * (8 * 5 * 8 + 4 + 9 * 2) * 8) * 8 + 7 = 7925299245
3 + 2 * 3 + ((9 + 3) * 9) = 555
8 * (2 + (6 + 2 * 8)) * 2 * 7 + 8 = 15840
(4 + 9 * (8 + 4 * 2 + 9 * 6 + 8) * 6 + (8 * 9) + 3) * 6 = 11675664
3 * (3 * 9 * 5 * 6 + 2 + 4) * 9 * (8 * 4 * 7 * 7 * 8 * 3) * 5 = 8230118400
8 * 2 + (7 + 4 + 5 + 2 * 4 * 8) + (2 * 4 + 7 + 4) * 4 = 19456
(7 + 9 + 9 * 6) * 6 + 9 * 8 = 18000
5 + 8 + 3 * 3 + (6 + (9 * 8 + 8 * 5) + (3 * 5 * 4)) = 12624
(2 * 9 + 3 * 9 * 8) * (6 + 6 * 8) * 9 * 4 = 5971968
2 * (8 * 9 + 4) = 208
2 + 5 * (5 * 4 * 9 * 3 * 8 * 3) * 8 = 725760
9 * 9 * (7 * 3 * 4) * 8 * 8 = 435456
4 + (9 + 8 + 6 + 8) * 9 + (6 + 6 + 9 * 5) + 9 + (8 + 4 * (5 + 6 + 3 * 6 + 6) + 5 * (8 * 3 * 8 * 3 * 7 * 2)) = 585934545
(5 * 8 * 7 * 5 * 2 + 4) * 6 + 8 * ((4 * 5 * 9 + 3 + 2) * 4 + 4) = 263424000
2 * 9 + (9 * 7 * 8 * 6 * 7 * 9) + 4 + (7 + (3 + 9 * 5 + 5 + 2) + (6 * 3 + 2 + 7 * 7)) * 7 = 2676520
7 * 3 * 7 + (2 * 2 * 4) * 5 = 2415
(2 + 8 * 6 * 3 * (6 * 5 + 9 + 3 * 8 + 8) + (3 + 6 + 9 + 4 * 3 * 6)) + 4 + (3 * 4 + 2 + (5 * 3 * 7 + 5 + 9)) * ((2 + 3 + 6 + 6 * 4 * 2) + 4 * 9 + 7 * (6 + 2)) + (6 + (8 * 7 + 2 + 2) + 8) * (7 + (9 + 3 + 9)) = 184692988312
7 * 4 * (7 + 5 * 3 + (9 * 2 * 5 * 2) + 9 + 2) * (5 + 4 * (8 + 8 * 6) + 2) = 57492288
7 * (9 * (7 + 4 * 3 + 8 + 3) + 8 + 8) + 9 = 10773
((8 + 6 + 4) + (9 + 6 * 7 + 4) + (6 + 9 * 5 + 4) + 3) + 5 + 9 + (9 + 9 * 7) * 3 + 2 = 2305
8 + 4 + (9 * 9 + 2 * 8 + 4) + 5 * 4 = 4820
9 * (3 * (7 + 8 * 7 * 8) + 5 * 7 * (5 * 6 + 7 * 4 + 6)) + 9 = 103808331
(8 + 3 * 6 + 8 + 8) * 5 * 3 = 3630
((5 + 7 + 4 + 2 * 6) + (6 * 4 + 6 * 3 + 8) * 5 + 8 + 8 * (5 * 6 + 2)) + (2 * 4 + 9 * 7 * 6 * (9 * 6 + 6 * 8)) * 6 * 9 + 3 = 114379776
((3 * 7) * 7 * 2 * 8 + 2 * (2 + 6 + 7 * 3 + 2 * 5)) + (6 * 3) * (4 * 5 + 4 + 9) + 6 + (9 * 7 * 5 + 5 * 9) + 3 = 6340581018
6 + 4 + 5 + 8 + (2 * (2 * 2 + 8) * 9 * 7) + 6 = 2549
5 * 4 + 7 + (2 + 6 * 3 + (2 * 2 * 2)) = 495
(8 * 3 + (2 * 6 * 4 * 2 * 9) + 5 + 9 * 8) * 5 + 7 = 676608
5 * 5 * (3 + 4 * 3) + ((7 * 3 + 5 + 8) + 2) + 6 = 3525
((9 * 5) + 4) * 6 + 4 * ((5 * 2 * 9) + 5 + 3) + 6 + 3 = 52430
9 * (2 + 4 + 4 * (5 * 9 * 3 + 4 * 5 + 8) * (3 * 7) * 6) + 6 = 46437354
(3 + 2 * 5 + 5) * (9 * 3 + 5 * 7) + 3 * 9 = 228150
6 * ((7 + 9 + 9 * 2 * 4) * 8) + 9 + (6 * 8) * 3 = 29826
4 + 9 * 8 + (3 * 4 * 4 * 7 * (7 * 6 + 7 * 2 * 7 + 8)) = 11924744
(7 + 7) + 7 * ((7 + 3 * 4 + 8 + 8 + 6) + 9 + 2 * 6 * 9 + 2) = 375606
9 + 7 + 9 * 9 + 5 + 5 = 475
8 + 2 + 3 + 2 + 6 = 21
8 + (4 * (3 * 2) + 9 + 6) = 92
9 * 8 * 2 + (6 + 6 * 9) + 8 * 8 = 67968
7 + 4 * 2 * 5 + 4 + 7 = 352
5 * 8 * 4 * 2 * (6 + 5 + 2) = 4160
3 * 5 * (3 + 9 * 2) * (3 + 5) = 2880
3 * 6 * 7 * (2 + 8 * (8 + 6 + 3 * 9 + 9 * 5) * 3 + 8 * (6 + 3 * 5 + 8 + 4)) * (9 + 5 + 9) * 5 = 373116051000
5 * 3 = 15
(3 * 2 + 7 + 8) * 2 = 102
((7 + 8 * 4) + 6 + 9 * (6 + 5 + 4 + 9 + 7 * 6) + 9 + 5) + 5 * 4 = 60020
3 * 9 * 6 * 4 * ((4 + 8 + 6) + (4 + 6 * 2 + 9 + 7 * 2) + 7 * 2 + (5 + 9 * 2 + 2)) = 14469840
(8 + 6 + 5) * 4 * 8 = 608
7 * 4 + 8 + (4 + 9 + 3 + 5 + 2 + 6) + (7 + 2 * 5 * 7) + 3 = 2513
6 + 7 * 4 + (8 * 3 + 8 * (7 * 5 + 3 * 4 * 5) * 9 * 2) * 2 + 3 = 115315460
9 + 6 * (6 * (4 + 7)) + 4 * 7 = 7350
(4 + 5 + 8) * 8 + (8 * 7 + 9 * 5) * 9 = 99144
5 * 3 * (9 * 9 + 5 * 6 * 7 + 6) + 7 + 5 = 147600
7 + 3 * 7 * ((4 + 6 * 4 + 8) + 5 + 9 + 7 * 5) = 49350
9 * (8 + 9 + 3 * 5 * (4 + 6 * 4 + 7 + 7) + (3 * 8 * 2 + 2 + 8)) * 8 + 8 * (3 * 9) + 6 = 222393600
2 + (7 * 9 * 3) + (5 * 8 * 8 * (2 + 2 * 2 * 6 * 7 + 6)) * (9 * 6 + 2) = 14390712
8 * (4 + (8 + 3 * 4 * 2 * 5) * (8 * 2) + (2 + 2 + 7 * 6 + 3 * 2) + (2 * 7)) * 7 = 5668992
3 * 7 * 3 + 4 + (2 + (6 * 3) + (2 + 5 + 8 + 3 * 3) + 2 + (4 * 7 + 2)) * 4 = 9996
(7 * 7 + 5 * 8) * 3 + 2 + 9 + (2 * 8 * 4 + 7 + 4 * 8) * (7 + 8 * 5) = 97473600
2 * ((7 * 5 * 4) * (4 + 7 * 9 + 3 + 3 * 6) + (5 + 5 + 9 + 7 * 8) * (5 * 2 * 8 + 4 * 6) + (5 + 4 + 3 * 9 * 4 + 9)) * 6 * 8 * 5 = 170993894400
(8 + 2) * 3 + 8 * ((5 * 9 * 7 * 7) * 7) + 8 = 1698730
(3 + 7 + 9 + 7) * 9 * (2 + 5 * 8 * 9) + (5 * 5 + 9) + (5 + (4 * 4 * 7 * 9) + 4 * (2 * 2 + 5)) = 3466008
3 + (4 + 8 + 3 + 4 + 7 + 6) + 4 + 3 * 4 + ((5 * 6) + 2 * 5 * 2 + 8 * 3) = 201768

Sum of all results = 43423343619505
