Centro: (11, 13)
Orden de impacto de los asteroides:
	1: (11, 12)
	2: (12, 1)
	3: (12, 2)
	4: (12, 4)
	5: (12, 5)
	6: (12, 6)
	7: (13, 0)
	8: (13, 1)
	9: (13, 2)
	10: (13, 3)
	11: (14, 0)
	12: (14, 1)
	13: (14, 2)
	14: (13, 6)
	15: (14, 3)
	16: (15, 0)
	17: (14, 4)
	18: (15, 2)
	19: (14, 5)
	20: (16, 0)
	21: (15, 3)
	22: (14, 6)
	23: (15, 4)
	24: (16, 2)
	25: (17, 0)
	26: (17, 1)
	27: (18, 0)
	28: (17, 2)
	29: (16, 4)
	30: (15, 6)
	31: (18, 1)
	32: (14, 8)
	33: (19, 0)
	34: (16, 5)
	35: (13, 10)
	36: (18, 3)
	37: (16, 6)
	38: (19, 2)
	39: (17, 5)
	40: (18, 4)
	41: (15, 8)
	42: (16, 7)
	43: (17, 6)
	44: (18, 5)
	45: (19, 4)
	46: (19, 5)
	47: (19, 6)
	48: (18, 7)
	49: (17, 8)
	50: (16, 9)
	51: (19, 7)
	52: (18, 8)
	53: (17, 9)
	54: (19, 8)
	55: (16, 10)
	56: (17, 10)
	57: (18, 10)
	58: (16, 11)
	59: (19, 10)
	60: (14, 12)
	61: (19, 11)
	62: (17, 12)
	63: (18, 12)
	64: (19, 12)
	65: (16, 13)
	66: (19, 14)
	67: (18, 14)
	68: (17, 14)
	69: (16, 14)
	70: (19, 15)
	71: (18, 15)
	72: (14, 14)
	73: (19, 16)
	74: (16, 15)
	75: (18, 16)
	76: (19, 17)
	77: (18, 17)
	78: (16, 16)
	79: (19, 18)
	80: (17, 17)
	81: (18, 18)
	82: (19, 19)
	83: (17, 18)
	84: (18, 19)
	85: (15, 17)
	86: (15, 18)
	87: (14, 17)
	88: (15, 19)
	89: (14, 18)
	90: (13, 17)
	91: (13, 18)
	92: (13, 19)
	93: (12, 17)
	94: (12, 18)
	95: (12, 19)
	96: (11, 17)
	97: (10, 19)
	98: (10, 18)
	99: (10, 17)
	100: (10, 16)
	101: (9, 18)
	102: (10, 15)
	103: (8, 18)
	104: (7, 19)
	105: (8, 17)
	106: (7, 18)
	107: (10, 14)
	108: (4, 19)
	109: (6, 17)
	110: (7, 16)
	111: (4, 18)
	112: (8, 15)
	113: (1, 19)
	114: (2, 18)
	115: (0, 19)
	116: (9, 14)
	117: (0, 18)
	118: (4, 16)
	119: (6, 15)
	120: (8, 14)
	121: (4, 15)
	122: (7, 14)
	123: (2, 15)
	124: (6, 14)
	125: (5, 14)
	126: (4, 14)
	127: (3, 14)
	128: (2, 14)
	129: (0, 14)
	130: (10, 13)
	131: (1, 12)
	132: (2, 12)
	133: (3, 12)
	134: (4, 12)
	135: (5, 12)
	136: (0, 11)
	137: (1, 11)
	138: (2, 11)
	139: (3, 11)
	140: (8, 12)
	141: (0, 9)
	142: (3, 10)
	143: (6, 11)
	144: (4, 10)
	145: (2, 9)
	146: (0, 8)
	147: (5, 10)
	148: (0, 7)
	149: (4, 9)
	150: (6, 10)
	151: (3, 8)
	152: (0, 6)
	153: (8, 11)
	154: (1, 6)
	155: (4, 8)
	156: (7, 10)
	157: (2, 6)
	158: (6, 9)
	159: (0, 4)
	160: (5, 8)
	161: (4, 7)
	162: (3, 6)
	163: (2, 5)
	164: (1, 4)
	165: (10, 12)
	166: (0, 1)
	167: (1, 2)
	168: (2, 3)
	169: (3, 4)
	170: (4, 5)
	171: (5, 6)
	172: (1, 1)
	173: (7, 8)
	174: (4, 4)
	175: (1, 0)
	176: (5, 5)
	177: (3, 2)
	178: (6, 6)
	179: (3, 1)
	180: (4, 2)
	181: (6, 5)
	182: (8, 8)
	183: (4, 1)
	184: (7, 6)
	185: (6, 4)
	186: (5, 2)
	187: (4, 0)
	188: (10, 11)
	189: (5, 0)
	190: (6, 2)
	191: (7, 4)
	192: (8, 6)
	193: (6, 1)
	194: (9, 8)
	195: (7, 2)
	196: (10, 10)
	197: (7, 0)
	198: (8, 3)
	199: (9, 6)
	200: (8, 2)
	201: (10, 9)
	202: (8, 0)
	203: (9, 4)
	204: (10, 8)
	205: (10, 7)
	206: (9, 0)
	207: (10, 6)
	208: (10, 3)
	209: (10, 2)
	210: (10, 1)
	211: (11, 11)
	212: (12, 7)
	213: (12, 8)
	214: (13, 5)
	215: (13, 8)
	216: (16, 3)
	217: (14, 9)
	218: (18, 6)
	219: (15, 10)
	220: (15, 11)
	221: (15, 12)
	222: (15, 13)
	223: (15, 14)
	224: (17, 16)
	225: (14, 15)
	226: (15, 16)
	227: (13, 15)
	228: (12, 15)
	229: (12, 16)
	230: (11, 16)
	231: (9, 19)
	232: (9, 17)
	233: (9, 15)
	234: (5, 17)
	235: (5, 16)
	236: (1, 17)
	237: (3, 15)
	238: (1, 15)
	239: (9, 13)
	240: (5, 11)
	241: (1, 9)
	242: (3, 9)
	243: (2, 7)
	244: (3, 7)
	245: (9, 11)
	246: (3, 3)
	247: (5, 3)
	248: (9, 9)
	249: (7, 3)
	250: (7, 1)
	251: (9, 5)
	252: (9, 3)
	253: (9, 1)
	254: (11, 10)
	255: (15, 5)
	256: (16, 8)
	257: (13, 12)
	258: (14, 13)
	259: (13, 14)
	260: (11, 14)
	261: (8, 19)
	262: (8, 16)
	263: (2, 19)
	264: (3, 17)
	265: (8, 13)
	266: (2, 10)
	267: (1, 8)
	268: (7, 9)
	269: (6, 3)
	270: (8, 1)
	271: (11, 9)
	272: (14, 7)
	273: (15, 9)
	274: (13, 13)
	275: (7, 17)
	276: (7, 13)
	277: (6, 8)
	278: (5, 1)
	279: (11, 8)
	280: (14, 10)
	281: (12, 13)
	282: (6, 18)
	283: (5, 13)
	284: (5, 7)
	285: (11, 7)
	286: (12, 12)
	287: (1, 13)
	288: (4, 6)
	289: (11, 6)
	290: (5, 19)
	291: (0, 13)
	292: (3, 5)
	293: (11, 5)
	294: (2, 4)
	295: (11, 4)
	296: (1, 3)
	297: (11, 3)
	298: (11, 2)
	299: (11, 1)

