Asteroides y puntos a los que llegan:
(2, 7): 31
(3, 2): 32
(1, 3): 30
(8, 2): 27
(7, 3): 31
(1, 7): 28
(4, 7): 32
(1, 4): 32
(6, 0): 30
(8, 9): 31
(6, 2): 29
(1, 9): 27
(8, 7): 30
(4, 2): 28
(8, 0): 30
(5, 1): 27
(2, 5): 32
(0, 8): 30
(5, 8): 33
(5, 3): 28
(0, 1): 32
(6, 9): 30
(9, 5): 31
(3, 3): 30
(3, 1): 29
(4, 4): 30
(8, 8): 29
(6, 3): 29
(0, 6): 29
(1, 8): 32
(7, 5): 30
(9, 9): 25
(7, 2): 29
(3, 6): 30
(2, 2): 27
(7, 7): 30
(8, 6): 30
(7, 9): 32
(5, 2): 32
(9, 7): 28

Asteroide con mayor numero de puntos: (5, 8) - 33