PART 1
Frames neighbors:
	{ 1487 : 2551 2663 3319 3467 }
	{ 2551 : 2153 1487 3557 3191 }
	{ 3319 : 3557 3671 3637 1487 }
	{ 3467 : 3191 3623 1487 1451 }
	{ 3671 : 3319 None 3011 2663 }
	{ 2153 : 3049 2551 1867 1693 }
	{ 1867 : 3739 3557 1931 2153 }
	{ 1451 : 3943 2591 3467 1663 }
	{ 3943 : 1361 1451 3191 3911 }
	{ 3191 : 1693 3467 2551 3943 }
	{ 2663 : 1487 None 3671 3623 }
	{ 3049 : 2557 2153 3739 1699 }
	{ 1693 : 1699 3191 2153 1361 }
	{ 1663 : 3911 1327 1451 None }
	{ 2591 : 1451 None 3623 1327 }
	{ 3739 : 3463 1867 3037 3049 }
	{ 3623 : 3467 None 2663 2591 }
	{ 3011 : 3637 None 1889 3671 }
	{ 3637 : 3917 3011 3457 3319 }
	{ 3917 : 1931 3637 2111 3557 }
	{ 3557 : 1867 3319 3917 2551 }
	{ 2557 : 2087 3049 3463 1831 }
	{ 3911 : 1039 1663 3943 None }
	{ 1327 : 1663 None 2591 None }
	{ 3037 : 3793 1931 1583 3739 }
	{ 1931 : 3037 3917 1187 1867 }
	{ 1699 : 1831 1693 3049 3881 }
	{ 2111 : 1187 3457 1847 3917 }
	{ 2087 : 3613 2557 1901 2719 }
	{ 1361 : 3881 3943 1693 1039 }
	{ 1583 : 1609 1187 3931 3037 }
	{ 3463 : 1901 3739 3793 2557 }
	{ 1889 : 3457 None 2713 3011 }
	{ 3793 : 2447 3037 1609 3463 }
	{ 3457 : 2111 1889 1021 3637 }
	{ 3613 : 3209 2087 1091 3833 }
	{ 3209 : 2341 3613 2213 1993 }
	{ 2341 : 3361 3209 2909 2297 }
	{ 3881 : 2467 1361 1699 2659 }
	{ 3931 : 1109 3593 2027 1583 }
	{ 2213 : 2909 1091 3709 3209 }
	{ 1901 : 1091 3463 2447 2087 }
	{ 1831 : 2719 1699 2557 2467 }
	{ 2659 : 2069 1039 3881 None }
	{ 3593 : 3931 1847 2707 1187 }
	{ 2719 : 3833 1831 2087 2879 }
	{ 2297 : 3079 1993 2341 1777 }
	{ 1847 : 3593 1021 1231 2111 }
	{ 1039 : 2659 3911 1361 None }
	{ 1609 : 3433 1583 1109 3793 }
	{ 1187 : 1583 2111 3593 1931 }
	{ 2879 : 1049 2467 2719 3301 }
	{ 1109 : 1163 3931 1409 1609 }
	{ 2713 : 1021 None 2861 1889 }
	{ 2447 : 1613 3793 3433 1901 }
	{ 2909 : 2801 2213 3167 2341 }
	{ 1993 : 2297 3833 3209 3779 }
	{ 2467 : 2879 3881 1831 2069 }
	{ 1021 : 1847 2713 3673 3457 }
	{ 1231 : 2707 3673 2131 1847 }
	{ 3301 : 3329 2069 2879 None }
	{ 2861 : 3673 None 1307 2713 }
	{ 2027 : 1409 2707 1627 3931 }
	{ 3673 : 1231 2861 1277 1021 }
	{ 1777 : 2953 3779 2297 2269 }
	{ 3361 : 1061 2341 2801 3079 }
	{ 2131 : 1723 1277 2819 1231 }
	{ 3833 : 1993 2719 3613 1049 }
	{ 1627 : 1129 1723 3499 2027 }
	{ 2801 : 3313 2909 2647 3361 }
	{ 1091 : 2213 1901 1613 3613 }
	{ 2269 : 1103 1051 1777 None }
	{ 3079 : 3323 2297 3361 2953 }
	{ 1049 : 3779 2879 3833 3329 }
	{ 3167 : 2647 3709 1483 2909 }
	{ 3709 : 3167 1613 2503 2213 }
	{ 2707 : 2027 1231 1723 3593 }
	{ 1483 : 1801 2503 2927 3167 }
	{ 1051 : 2269 3329 3779 None }
	{ 1613 : 3709 2447 1997 1091 }
	{ 2069 : 3301 2659 2467 None }
	{ 3329 : 1051 3301 1049 None }
	{ 1409 : 3733 2027 1129 1109 }
	{ 1307 : 1277 None 1031 2861 }
	{ 3779 : 1777 1049 1993 1051 }
	{ 3433 : 1997 1609 1163 2447 }
	{ 1723 : 1627 2131 2351 2707 }
	{ 3323 : None 3079 1061 3373 }
	{ 2503 : 1483 1997 3821 3709 }
	{ 1163 : 3163 1109 3733 3433 }
	{ 2953 : 3373 1777 3079 1103 }
	{ 3313 : None 2801 2689 1061 }
	{ 2647 : 2689 3167 1801 2801 }
	{ 2819 : 2351 3187 2311 2131 }
	{ 1103 : 3391 2269 2953 None }
	{ 2927 : 2671 3821 2687 1483 }
	{ 2311 : 1747 3823 None 2819 }
	{ 3373 : None 2953 3323 3391 }
	{ 2689 : None 2647 2633 3313 }
	{ 3499 : 1321 2351 1787 1627 }
	{ 1277 : 2131 1307 3187 3673 }
	{ 2633 : None 1801 3631 2689 }
	{ 1061 : None 3361 3313 3323 }
	{ 3823 : 2311 3571 None 3187 }
	{ 2687 : 3061 2531 1549 2927 }
	{ 3391 : None 1103 3373 None }
	{ 1129 : 3307 1627 1321 1409 }
	{ 1997 : 2503 3433 3163 1613 }
	{ 3163 : 3821 1163 3251 1997 }
	{ 1031 : 3187 None 3571 1307 }
	{ 3187 : 2819 1031 3823 1277 }
	{ 3821 : 2927 3163 2531 2503 }
	{ 1801 : 2633 1483 2671 2647 }
	{ 3733 : 3251 1409 3307 1163 }
	{ 2671 : 3631 2927 3061 1801 }
	{ 2351 : 3499 2819 1747 1723 }
	{ 1747 : 1787 2311 None 2351 }
	{ 3061 : 3181 2687 3643 2671 }
	{ 1321 : 1481 3499 2957 1129 }
	{ 2531 : 2687 3251 3089 3821 }
	{ 1549 : 3643 3089 2083 2687 }
	{ 3631 : None 2671 3181 2633 }
	{ 1787 : 2957 1747 None 3499 }
	{ 3643 : 2309 1549 2423 3061 }
	{ 3181 : None 3061 2309 3631 }
	{ 3571 : 3823 None None 1031 }
	{ 3307 : 3529 1129 1481 3733 }
	{ 3251 : 2531 3733 3529 3163 }
	{ 1481 : 1601 1321 3677 3307 }
	{ 2083 : 2423 3659 2339 1549 }
	{ 3529 : 3089 3307 1601 3251 }
	{ 2309 : None 3643 1553 3181 }
	{ 2957 : 3677 1787 None 1321 }
	{ 3089 : 1549 3529 3659 2531 }
	{ 3659 : 2083 1601 2609 3089 }
	{ 1601 : 3659 1481 2473 3529 }
	{ 2423 : 1553 2083 3221 3643 }
	{ 2339 : 3221 2609 None 2083 }
	{ 3677 : 2473 2957 None 1481 }
	{ 2609 : 2339 2473 None 3659 }
	{ 1553 : None 2423 1823 2309 }
	{ 2473 : 2609 3677 None 1601 }
	{ 3221 : 1823 2339 None 2423 }
	{ 1823 : None 3221 None 1553 }

Top left corner: 1823
Top right corner: 3391
Bottom left corner: 3571
Bottom right corner: 1327

Corners IDs product = 29293767579581

------------------------------------------------

PART 2
Number of sea monsters = 39
Sea roughness = 1989
