PART 1
Frames neighbors:
	{ 2311 : 1427 None 1951 3079 }
	{ 1951 : 2729 None None 2311 }
	{ 1427 : 1489 2311 2729 2473 }
	{ 1489 : None 1427 2971 1171 }
	{ 2473 : 1171 3079 1427 None }
	{ 2971 : None 2729 None 1489 }
	{ 2729 : 2971 1951 None 1427 }
	{ 3079 : 2473 None 2311 None }
	{ 1171 : None 2473 1489 None }

Top left corner: 2971
Top right corner: 1171
Bottom left corner: 1951
Bottom right corner: 3079

Corners IDs product = 20899048083289

------------------------------------------------

PART 2
Number of sea monsters = 2
Sea roughness = 273
