PART 1
List of constellations:
- Constellation 0: [Star(-6, -5, 7, 7), Star(-7, -5, 6, 8)]
- Constellation 1: [Star(-4, 5, -1, 3), Star(-4, 4, 0, 4), Star(-4, 4, -2, 3), Star(-3, 2, 0, 4), Star(-3, -1, 0, 4), Star(-3, 2, 0, 1), Star(-4, -3, 0, 4)]
- Constellation 2: [Star(-1, -6, -7, 8)]
- Constellation 3: [Star(-1, -1, -4, -4), Star(-1, 0, -5, -4), Star(-1, -1, -6, -4), Star(0, 0, -5, -6), Star(0, -1, -6, -3), Star(-1, -2, -7, -3), Star(0, 0, -4, -8), Star(0, -2, -6, -1), Star(2, -1, -7, -3), Star(1, 0, -6, -8), Star(0, -2, -7, 1), Star(-1, -2, -6, 0), Star(0, -4, -6, 0), Star(0, -2, -8, 0), Star(3, 0, -6, -3), Star(-1, -3, -6, 1), Star(-1, -3, -7, 1), Star(-2, -3, -5, 0), Star(0, -4, -7, -2), Star(1, -5, -5, 0), Star(1, -6, -6, 0), Star(1, -5, -6, -1), Star(1, 0, -8, 0), Star(-1, -1, -8, -1), Star(5, 0, -6, -4), Star(2, 1, -6, -4), Star(-1, -5, -8, -2), Star(1, -3, -7, -2), Star(1, -4, -4, 1), Star(2, -6, -4, 0), Star(1, -1, -8, 2), Star(0, 0, -8, 2), Star(1, 0, -5, 0), Star(0, 1, -7, 0), Star(2, 1, -3, -4), Star(1, 1, -7, -4), Star(3, 1, -8, -4), Star(2, -3, -7, -1), Star(2, -4, -3, 1), Star(1, -4, -3, 2), Star(1, -4, -3, -1), Star(3, -6, -3, 0), Star(3, -1, -5, 0), Star(3, 1, -5, 0), Star(0, 3, -7, 0), Star(0, 2, -6, 0), Star(1, 1, -3, -2), Star(1, 0, -7, -5), Star(4, 1, -8, -5), Star(3, 3, -7, -4), Star(3, -3, -7, 0), Star(3, -5, -3, -1), Star(1, -5, -3, -2), Star(3, 2, -4, 1), Star(0, 4, -8, 0), Star(1, 3, -6, 1), Star(-3, 2, -6, 0), Star(0, 2, -4, 0), Star(3, 4, -7, -6), Star(2, -5, -1, -1), Star(-1, -5, -3, -2), Star(1, -6, -3, -3), Star(3, 3, -6, 2), Star(-3, 3, -7, -1), Star(-5, 2, -7, 0), Star(4, 4, -7, -8), Star(4, -5, 0, -1), Star(2, -6, 0, -1), Star(-1, -3, -2, -2), Star(3, 3, -6, 5), Star(-5, 3, -7, 0), Star(4, 6, -6, -8), Star(4, -5, 1, 0), Star(1, -6, 1, 0), Star(-1, -2, -2, -2), Star(-5, 3, -8, 2), Star(0, -5, 0, 0), Star(0, -6, 1, 0), Star(-1, -2, -1, 0), Star(0, -3, 0, 0), Star(0, -5, 0, 2), Star(-1, -8, 1, 0), Star(0, -8, 0, 2), Star(-1, -8, 0, 0), Star(-1, -7, -2, 0)]
- Constellation 4: [Star(-3, -2, 2, -4), Star(-2, -1, 2, -4), Star(-3, 0, 3, -4), Star(0, -1, 1, -4), Star(0, 0, 2, -5), Star(0, -1, 0, -5), Star(1, -3, 1, -4), Star(0, -2, 0, -3), Star(0, -1, 1, -7), Star(0, 0, 1, -4), Star(0, -1, 0, -8), Star(1, -3, 0, -5), Star(2, -3, 1, -4), Star(-1, 0, 0, -7), Star(0, -3, 1, -7), Star(1, -6, 0, -5), Star(1, -3, -2, -6), Star(-1, 1, 0, -6), Star(-1, 0, -1, -7), Star(0, -4, -2, -5), Star(2, -3, -2, -8), Star(0, -5, -2, -4), Star(2, -4, -2, -8), Star(2, -1, -3, -8), Star(0, -5, -1, -3), Star(1, -5, -1, -8)]
- Constellation 5: [Star(-1, 8, 0, 0), Star(0, 7, 1, 0), Star(0, 6, -1, 0), Star(0, 6, 1, 0), Star(-1, 5, 2, 0), Star(0, 5, 3, 0), Star(-2, 5, 2, -2), Star(2, 6, 3, 0), Star(0, 4, 4, 1), Star(-2, 4, 2, -4), Star(-3, 6, 3, -2), Star(1, 6, 3, 2), Star(0, 3, 3, 2), Star(0, 4, 6, 2), Star(-2, 6, 3, -4), Star(-2, 4, 1, -5), Star(-1, 4, 0, -4), Star(0, 5, 7, 2), Star(0, 4, 8, 3), Star(-2, 7, 4, -5), Star(-1, 6, 0, -5), Star(-4, 4, 0, -4), Star(-1, 7, 0, -4), Star(0, 5, 7, -1), Star(2, 5, 7, 1), Star(-2, 7, 5, -7), Star(-2, 7, 4, -6), Star(-1, 7, 0, -5), Star(-1, 6, -2, -5), Star(-4, 4, 0, -3), Star(-4, 4, 1, -3), Star(-5, 3, 0, -5), Star(-2, 5, 7, 0), Star(-2, 5, 7, -1), Star(-2, 4, 4, -6), Star(-5, 7, 4, -6), Star(-1, 7, -3, -5), Star(-2, 6, -3, -4), Star(-4, 5, -1, -2), Star(-4, 3, 2, -2), Star(-5, 3, -2, -5), Star(-7, 4, 0, -5), Star(-2, 8, 7, 0), Star(-2, 4, 8, 0), Star(-2, 6, 8, -1), Star(-2, 3, 4, -6), Star(0, 5, 4, -6), Star(-7, 7, 5, -6), Star(-2, 7, -3, -7), Star(-2, 5, -3, -2), Star(-3, 4, -2, -2), Star(-6, 5, 0, -2), Star(-2, 6, -1, -2), Star(-2, 5, -1, -1), Star(-5, 4, -3, -4), Star(-6, 2, -2, -6), Star(0, 8, 7, 0), Star(-2, 7, 7, 2), Star(0, 4, 6, -6), Star(-7, 7, 5, -8), Star(-5, 5, 0, 0), Star(2, 8, 6, 0), Star(-2, 8, 5, 2), Star(2, 8, 6, -2), Star(-2, 7, 4, 1), Star(-3, 8, 5, 3), Star(3, 6, 6, -2), Star(-4, 7, 4, 0), Star(-3, 8, 7, 4), Star(-3, 8, 5, 5), Star(3, 5, 6, -4), Star(4, 6, 6, -4), Star(5, 6, 6, -1), Star(-3, 8, 5, 8), Star(3, 5, 4, -4), Star(2, 5, 6, -4), Star(3, 4, 5, -5), Star(4, 8, 5, -4), Star(2, 4, 4, -4), Star(3, 4, 3, -6), Star(3, 2, 5, -6), Star(4, 8, 4, -2), Star(5, 8, 5, -5), Star(3, 6, 3, -7), Star(3, 7, 2, -8)]
- Constellation 6: [Star(-3, -1, 4, 0), Star(-3, -3, 3, 0), Star(-3, -4, 2, 1), Star(-4, -3, 3, 1), Star(-2, -3, 3, -2), Star(-1, -4, 2, 0), Star(-2, -3, 1, -2), Star(-1, -2, 2, -2), Star(-2, -6, 3, -2), Star(0, -4, 4, 0), Star(0, -2, 2, -1), Star(0, -6, 3, -3), Star(0, -5, 5, 0), Star(0, -1, 2, 0), Star(0, -6, 5, -2), Star(0, 1, 3, 0), Star(0, -8, 5, -1)]
- Constellation 7: [Star(2, -7, -5, 3), Star(3, -7, -7, 3), Star(2, -7, -6, 5), Star(2, -7, -4, 4), Star(4, -7, -8, 3), Star(1, -8, -7, 3), Star(2, -5, -6, 5), Star(2, -5, -4, 6), Star(3, -5, -5, 4), Star(5, -4, -5, 4), Star(4, -5, -7, 4)]
- Constellation 8: [Star(0, -8, -4, -6), Star(0, -7, -4, -4), Star(1, -7, -4, -5), Star(0, -7, -3, -6), Star(3, -6, -4, -5), Star(0, -7, -3, -8), Star(-1, -6, -3, -8)]
- Constellation 9: [Star(4, 5, 6, 7), Star(4, 5, 7, 6), Star(2, 6, 7, 6), Star(3, 5, 7, 4), Star(4, 6, 7, 3)]
- Constellation 10: [Star(7, 0, 8, -2)]
- Constellation 11: [Star(-5, 8, 1, 4)]
- Constellation 12: [Star(-4, 6, 7, -2)]
- Constellation 13: [Star(-4, -6, 5, 0), Star(-3, -5, 5, -1), Star(-4, -6, 3, 0)]
- Constellation 14: [Star(7, 3, -1, -8)]
- Constellation 15: [Star(-2, 8, 2, 6), Star(-2, 7, 2, 6)]
- Constellation 16: [Star(0, -2, 4, -6), Star(0, -3, 6, -6), Star(1, -3, 4, -5), Star(0, -3, 5, -7), Star(1, -4, 6, -5), Star(2, -5, 4, -5), Star(2, -7, 4, -4), Star(3, -8, 5, -4), Star(5, -7, 4, -4), Star(2, -8, 4, -3), Star(2, -7, 3, -2), Star(2, -7, 1, -3), Star(0, -7, 1, -4)]
- Constellation 17: [Star(-3, 7, 1, 2)]
- Constellation 18: [Star(8, -8, -6, -1), Star(8, -7, -6, 1), Star(8, -7, -7, -1), Star(7, -6, -6, 0)]
- Constellation 19: [Star(6, -6, -2, 0), Star(6, -6, -1, 2), Star(6, -7, -1, -1), Star(6, -7, -2, -1), Star(6, -6, -3, -1), Star(5, -5, -2, 0), Star(6, -6, 0, 4), Star(6, -4, 0, 5), Star(6, -5, 0, 4), Star(7, -6, 0, 4)]
- Constellation 20: [Star(5, 2, 2, 8), Star(4, 3, 2, 8), Star(4, 3, 4, 7), Star(4, 4, 1, 8)]
- Constellation 21: [Star(4, 0, -3, -1), Star(3, 0, -2, 0), Star(2, 0, 0, 0), Star(2, 1, -1, -1), Star(3, -2, 0, 0), Star(4, 0, 0, 1), Star(4, 0, 0, -2), Star(7, 0, 0, 1), Star(4, 2, 0, -3), Star(4, 1, 1, -2), Star(7, -1, 1, 0), Star(6, 1, 0, 0), Star(4, 3, -2, -3), Star(7, 2, 1, 0), Star(5, 3, -2, -4), Star(3, 5, -2, -3), Star(4, 3, -3, -3), Star(3, 5, -2, 0), Star(3, 6, -4, 0), Star(2, 7, -4, 0), Star(3, 5, -6, 0), Star(4, 7, -4, 0), Star(4, 5, -6, 0), Star(6, 8, -4, 0), Star(6, 8, -5, 2), Star(6, 8, -4, 4)]
- Constellation 22: [Star(-8, 7, 5, -3), Star(-8, 5, 5, -3), Star(-8, 4, 6, -4)]
- Constellation 23: [Star(-6, -2, -5, -2), Star(-8, -2, -5, -1), Star(-7, -2, -5, -3), Star(-8, 0, -5, -1), Star(-7, 0, -5, -3), Star(-7, -1, -6, -4), Star(-7, 0, -6, 0), Star(-7, 0, -4, -5), Star(-6, 0, -3, -5), Star(-5, 0, -3, -6), Star(-5, -2, -2, -6), Star(-7, -1, -2, -6), Star(-4, -1, -2, -5), Star(-7, -2, -1, -7), Star(-7, -1, -1, -7), Star(-4, -2, -1, -4), Star(-7, -3, 0, -7), Star(-4, -4, -1, -4), Star(-4, -4, -3, -3), Star(-5, -4, -3, -4), Star(-2, -4, -4, -3)]
- Constellation 24: [Star(-2, 5, -2, 7), Star(0, 4, -2, 7), Star(0, 5, -2, 8), Star(-1, 5, -2, 5), Star(-2, 6, -1, 6), Star(-2, 7, -1, 8), Star(-1, 6, 0, 7), Star(-1, 5, 1, 8), Star(1, 6, -1, 7), Star(1, 5, 0, 6), Star(1, 5, 3, 6), Star(3, 5, 1, 6), Star(1, 5, 5, 6), Star(0, 7, 5, 6), Star(1, 4, 5, 4), Star(0, 6, 5, 5), Star(0, 6, 5, 6), Star(-1, 7, 6, 7), Star(0, 7, 5, 5), Star(0, 7, 6, 7), Star(0, 7, 4, 4), Star(0, 6, 6, 8), Star(-1, 7, 8, 8), Star(0, 6, 8, 8)]
- Constellation 25: [Star(8, 1, -1, 7), Star(7, 0, -1, 7), Star(8, 0, 1, 7), Star(6, 0, -1, 8), Star(7, -1, 0, 8), Star(7, 1, 2, 7)]
- Constellation 26: [Star(-1, 1, 5, -2), Star(-1, 1, 7, -3), Star(-1, 2, 3, -2), Star(1, 0, 5, -2), Star(3, 0, 6, -2), Star(1, 0, 5, 1), Star(0, -1, 5, -1), Star(0, 0, 5, -4), Star(-1, -1, 7, -1), Star(0, 0, 8, -4), Star(1, 0, 6, -5), Star(3, 0, 7, -5), Star(2, -2, 7, -5), Star(3, -2, 7, -3)]
- Constellation 27: [Star(2, 2, 2, 5), Star(2, 2, 0, 5), Star(3, 3, 2, 5), Star(2, 0, 3, 5), Star(0, 3, 0, 5), Star(0, 2, 0, 6), Star(2, 2, 0, 8), Star(2, -1, 1, 5), Star(1, 0, 2, 4), Star(0, 2, -1, 8), Star(1, -2, 0, 5), Star(4, -1, 1, 5), Star(4, -1, 0, 5), Star(0, 0, 0, 4), Star(1, -1, -1, 4), Star(4, -1, 0, 4), Star(6, -1, 1, 4), Star(4, 1, -1, 5), Star(-1, 1, 0, 3), Star(0, -1, -2, 3), Star(3, -1, -2, 4), Star(6, 0, 2, 3), Star(3, 0, -1, 6), Star(0, 1, 0, 1), Star(2, 1, -2, 4), Star(3, 0, -2, 7), Star(1, 2, 1, 1), Star(1, 1, -2, 1), Star(0, 0, -2, 7), Star(3, -1, -3, 8), Star(0, 0, 1, 7), Star(-1, 0, -2, 5), Star(-1, 0, 0, 7), Star(-1, 1, 2, 7), Star(0, -1, 2, 7), Star(-1, -2, 1, 7), Star(-1, 1, -4, 5), Star(-3, 0, 0, 7), Star(-1, -2, 0, 8), Star(-2, -1, 0, 8), Star(-2, 2, 3, 7), Star(0, -3, 0, 7), Star(-1, 1, -4, 2), Star(-1, 1, -5, 4), Star(0, 1, -5, 4), Star(-4, 1, 1, 7), Star(-2, 3, 2, 8), Star(-1, -1, -5, 2), Star(1, 1, -5, 4), Star(0, 0, -6, 4), Star(0, 1, -6, 6), Star(0, -1, -5, 6), Star(1, -1, -6, 6), Star(2, 0, -5, 6), Star(-1, -1, -5, 7), Star(1, -2, -7, 6), Star(2, 0, -7, 6), Star(2, 0, -8, 4), Star(2, 1, -8, 6)]
- Constellation 28: [Star(-6, 6, 4, 2)]
- Constellation 29: [Star(-2, 0, -2, -3)]
- Constellation 30: [Star(0, 0, 6, -8), Star(-1, 0, 7, -8), Star(-2, 0, 7, -8)]
- Constellation 31: [Star(-6, 1, 8, 0), Star(-6, 0, 7, -1), Star(-5, 0, 7, 1), Star(-6, -1, 6, 1), Star(-6, -1, 5, 3), Star(-6, -2, 4, 1), Star(-4, -1, 6, 3), Star(-6, 1, 5, 3), Star(-3, -1, 7, 3), Star(-3, 0, 6, 4), Star(-5, 1, 5, 5), Star(-3, 0, 8, 4), Star(-4, 1, 4, 4), Star(-5, 2, 6, 4), Star(-3, -2, 8, 5)]
- Constellation 32: [Star(4, 8, 0, 1)]
- Constellation 33: [Star(4, 7, -2, 8)]
- Constellation 34: [Star(8, 5, 2, 8), Star(8, 6, 1, 8), Star(8, 6, 0, 6), Star(6, 5, 0, 6), Star(5, 4, 0, 5), Star(5, 6, 0, 5), Star(5, 4, -3, 5), Star(4, 7, 0, 4), Star(5, 6, 2, 6), Star(4, 6, -1, 6), Star(4, 8, 0, 5), Star(6, 7, 2, 6), Star(5, 8, -2, 5)]
- Constellation 35: [Star(0, -1, 7, 7), Star(0, -2, 7, 5), Star(-1, -1, 5, 7), Star(0, -3, 7, 3), Star(-3, -2, 5, 7), Star(0, -3, 5, 7), Star(0, -5, 6, 3), Star(0, -2, 7, 1), Star(0, -4, 7, 3), Star(2, -3, 7, 3), Star(2, -3, 7, 4), Star(-3, -3, 4, 6), Star(0, -3, 4, 6), Star(0, -4, 5, 6), Star(1, -4, 5, 8), Star(0, -4, 5, 8), Star(0, -6, 7, 4), Star(2, -3, 8, 2), Star(2, -3, 5, 3), Star(1, -3, 5, 4), Star(-3, -5, 4, 6), Star(2, -3, 4, 6), Star(-1, -4, 5, 4), Star(1, -5, 4, 7), Star(0, -6, 6, 8), Star(-1, -6, 8, 5), Star(0, -6, 7, 7), Star(3, -5, 4, 6), Star(-3, -4, 5, 3), Star(3, -7, 4, 5), Star(3, -5, 6, 7), Star(3, -5, 3, 5), Star(4, -5, 4, 5), Star(2, -6, 5, 5)]
- Constellation 36: [Star(-5, -3, 0, -3)]
- Constellation 37: [Star(6, 1, 7, -8)]
- Constellation 38: [Star(5, 5, -4, -3)]
- Constellation 39: [Star(2, 2, -5, -6)]
- Constellation 40: [Star(-5, 0, 5, -3), Star(-5, 2, 4, -3), Star(-5, -1, 6, -3), Star(-7, -1, 5, -3), Star(-8, -1, 5, -1)]
- Constellation 41: [Star(6, 3, -7, -7), Star(6, 1, -8, -7), Star(5, 2, -7, -7), Star(7, 1, -8, -8), Star(5, 0, -7, -8), Star(5, -1, -7, -8)]
- Constellation 42: [Star(6, 0, -2, -7)]
- Constellation 43: [Star(-2, 8, -4, 7), Star(-2, 8, -4, 4), Star(-1, 8, -5, 6), Star(-4, 8, -5, 4)]
- Constellation 44: [Star(3, 7, -7, -4), Star(4, 6, -7, -5)]
- Constellation 45: [Star(4, 2, -4, 4)]
- Constellation 46: [Star(8, 0, 1, -6), Star(8, 1, 1, -6), Star(8, 1, -1, -7)]
- Constellation 47: [Star(7, -5, 0, 7), Star(8, -3, 0, 7), Star(8, -6, 0, 7)]
- Constellation 48: [Star(-5, -6, -6, -3), Star(-3, -5, -6, -3), Star(-5, -6, -6, -4), Star(-5, -5, -7, -2), Star(-3, -4, -8, -3), Star(-6, -5, -6, -1)]
- Constellation 49: [Star(4, 8, -2, -7), Star(4, 8, -4, -7), Star(4, 5, -4, -7), Star(6, 5, -3, -7), Star(6, 5, -2, -6)]
- Constellation 50: [Star(-3, 5, -6, 7), Star(-2, 5, -7, 6), Star(-3, 6, -6, 5), Star(-3, 6, -5, 6), Star(-3, 5, -5, 5), Star(-2, 5, -8, 8), Star(0, 5, -7, 7), Star(-1, 5, -8, 6), Star(0, 5, -7, 6), Star(-3, 7, -6, 3), Star(0, 5, -8, 7), Star(1, 6, -8, 7), Star(-5, 7, -7, 3), Star(-5, 7, -5, 2), Star(-6, 7, -8, 4), Star(-6, 6, -5, 3), Star(-7, 5, -5, 3)]
- Constellation 51: [Star(0, 8, 8, -4), Star(0, 8, 7, -4), Star(1, 8, 7, -5), Star(-3, 8, 7, -4)]
- Constellation 52: [Star(-4, 4, 6, 6), Star(-5, 3, 6, 7), Star(-5, 5, 7, 7), Star(-6, 3, 4, 7), Star(-7, 5, 6, 7)]
- Constellation 53: [Star(-6, -7, 7, 3)]
- Constellation 54: [Star(6, 8, 2, 2), Star(7, 8, 1, 1), Star(5, 8, 2, 3), Star(5, 7, 2, 3)]
- Constellation 55: [Star(-7, -3, -2, -1), Star(-8, -3, -2, 0), Star(-7, -3, -1, -2), Star(-8, -2, -3, 1)]
- Constellation 56: [Star(6, -8, -6, 2)]
- Constellation 57: [Star(-7, 0, 5, 6)]
- Constellation 58: [Star(5, -6, -8, -2), Star(5, -6, -6, -3), Star(5, -4, -6, -2), Star(5, -4, -7, -3), Star(6, -2, -6, -2), Star(6, -4, -4, -2), Star(5, -3, -7, -2), Star(5, -5, -4, -2), Star(6, -2, -6, 0), Star(8, -3, -4, -2), Star(8, -2, -4, -1)]
- Constellation 59: [Star(-8, 7, -5, 0), Star(-8, 7, -5, -1), Star(-7, 6, -4, 0), Star(-8, 7, -6, 1), Star(-7, 5, -5, -1), Star(-7, 5, -7, -2), Star(-6, 4, -6, -1), Star(-6, 4, -4, -1), Star(-5, 6, -7, -2), Star(-5, 6, -6, -3)]
- Constellation 60: [Star(-7, 0, 0, 0), Star(-7, 2, 0, 0), Star(-8, 0, 0, 1), Star(-6, 1, -1, 0), Star(-6, 3, 0, 1), Star(-5, 1, 0, -1), Star(-5, 1, 1, 0), Star(-4, 0, -1, 0), Star(-6, 1, -1, 3), Star(-8, 1, -2, 0), Star(-4, 0, -1, -1), Star(-5, 0, 0, -2)]
- Constellation 61: [Star(5, -2, 3, -7), Star(6, -2, 3, -7), Star(3, -1, 3, -7), Star(5, -1, 4, -7), Star(3, -1, 4, -5), Star(4, 0, 5, -7)]
- Constellation 62: [Star(8, 6, 0, -7), Star(8, 6, 2, -6), Star(6, 6, 0, -8), Star(6, 5, 2, -6), Star(8, 6, 3, -4), Star(5, 5, 0, -8), Star(5, 5, 2, -6), Star(8, 5, 1, -4), Star(6, 7, 3, -4)]
- Constellation 63: [Star(-7, -3, -8, -1), Star(-8, -3, -7, 0), Star(-7, -3, -6, 1)]
- Constellation 64: [Star(2, 7, 1, 3), Star(0, 7, 0, 3), Star(2, 5, 1, 2), Star(1, 4, 0, 2), Star(0, 4, -1, 2)]
- Constellation 65: [Star(-7, 3, 3, -5), Star(-7, 2, 3, -6), Star(-7, 1, 2, -6), Star(-7, 0, 1, -6)]
- Constellation 66: [Star(6, 4, -8, 3)]
- Constellation 67: [Star(8, 8, -8, 4)]
- Constellation 68: [Star(-5, 6, 0, -7), Star(-4, 6, 0, -7), Star(-5, 6, -2, -7), Star(-4, 7, 0, -7), Star(-5, 7, 0, -6), Star(-4, 6, 1, -8), Star(-6, 5, 0, -7), Star(-3, 7, 0, -8), Star(-4, 6, 4, -8), Star(-6, 3, 0, -8), Star(-8, 5, 0, -8), Star(-3, 5, 4, -8)]
- Constellation 69: [Star(-2, 3, -3, -6)]
- Constellation 70: [Star(-6, -8, 4, 0), Star(-6, -5, 4, 0), Star(-7, -8, 5, 0), Star(-6, -5, 6, 0), Star(-7, -4, 4, 0), Star(-8, -5, 7, 0), Star(-5, -4, 6, 0), Star(-8, -7, 8, 0)]
- Constellation 71: [Star(-3, -6, 6, 4)]
- Constellation 72: [Star(3, -1, -4, -4), Star(2, -1, -5, -5), Star(1, -3, -5, -5)]
- Constellation 73: [Star(-4, -7, -6, 7), Star(-4, -8, -7, 6), Star(-5, -7, -7, 7), Star(-4, -8, -8, 5), Star(-6, -7, -8, 5)]
- Constellation 74: [Star(5, -8, -1, -4)]
- Constellation 75: [Star(-2, 3, -5, 7)]
- Constellation 76: [Star(-6, -4, -7, 8), Star(-6, -2, -6, 8)]
- Constellation 77: [Star(-6, 8, 4, 6), Star(-6, 7, 4, 8)]
- Constellation 78: [Star(3, 6, 3, 5), Star(3, 6, 3, 8), Star(3, 7, 2, 8)]
- Constellation 79: [Star(5, -2, 6, -2)]
- Constellation 80: [Star(3, 4, 7, -8)]
- Constellation 81: [Star(2, 3, 8, -7)]
- Constellation 82: [Star(6, 0, 8, -6), Star(6, 2, 8, -5), Star(7, 2, 7, -4)]
- Constellation 83: [Star(-1, 7, -8, 1), Star(-1, 7, -5, 1)]
- Constellation 84: [Star(7, -8, -4, 6), Star(7, -8, -3, 4)]
- Constellation 85: [Star(7, 0, 5, 7), Star(6, 0, 5, 7), Star(7, 0, 6, 6), Star(4, 0, 5, 8)]
- Constellation 86: [Star(2, 0, 6, 4), Star(3, -1, 6, 5), Star(3, 0, 5, 4)]
- Constellation 87: [Star(-3, 0, -5, 3)]
- Constellation 88: [Star(-5, -1, 2, 8)]
- Constellation 89: [Star(8, -2, -1, 2), Star(7, -2, -2, 2), Star(8, -2, -1, 5), Star(8, -1, 0, 3), Star(7, -2, -3, 3)]
- Constellation 90: [Star(-3, 3, -3, 0)]
- Constellation 91: [Star(6, 0, -5, -1), Star(7, 0, -5, 0), Star(6, 0, -4, 0), Star(7, 1, -6, 1), Star(7, 2, -7, 1)]
- Constellation 92: [Star(7, -7, -3, -7), Star(8, -6, -3, -7)]
- Constellation 93: [Star(8, -4, -6, 2)]
- Constellation 94: [Star(0, -7, 4, 6), Star(0, -8, 3, 6), Star(0, -8, 4, 8), Star(-1, -8, 3, 4)]
- Constellation 95: [Star(-8, -7, 1, 6)]
- Constellation 96: [Star(1, 0, 3, 8)]
- Constellation 97: [Star(3, -5, -8, -6)]
- Constellation 98: [Star(-4, -3, -5, -4)]
- Constellation 99: [Star(-3, 0, -8, 8), Star(-2, 0, -7, 7)]
- Constellation 100: [Star(-5, -1, 2, 3), Star(-7, -2, 2, 3), Star(-6, 0, 2, 3), Star(-6, -2, 0, 3)]
- Constellation 101: [Star(7, 0, 4, -4)]
- Constellation 102: [Star(-7, -8, 8, 7)]
- Constellation 103: [Star(8, -5, 1, -5), Star(7, -5, 2, -4), Star(6, -5, 2, -6), Star(7, -5, 0, -3), Star(7, -7, 1, -4), Star(7, -5, -1, -4), Star(7, -3, -1, -4)]
- Constellation 104: [Star(-7, 6, 8, -8)]
- Constellation 105: [Star(-2, 0, -4, 0), Star(-2, -1, -4, -1)]
- Constellation 106: [Star(2, -8, -6, -6), Star(2, -8, -7, -8), Star(3, -7, -7, -7)]
- Constellation 107: [Star(4, 0, -5, -6), Star(4, 0, -3, -6)]
- Constellation 108: [Star(6, 7, 1, -1), Star(6, 5, 2, -1), Star(7, 7, 2, -2), Star(4, 6, 1, -1), Star(6, 5, 3, -1), Star(7, 4, 3, 0)]
- Constellation 109: [Star(-4, -7, -8, 0), Star(-6, -6, -8, 0), Star(-4, -6, -6, 0), Star(-6, -8, -8, 1)]
- Constellation 110: [Star(2, -7, 3, 2)]
- Constellation 111: [Star(-8, -8, 0, 0), Star(-7, -8, 0, 2), Star(-8, -5, 0, 0), Star(-7, -8, 0, 0)]
- Constellation 112: [Star(-4, -3, 1, -8), Star(-4, -2, 2, -7), Star(-6, -1, 2, -7)]
- Constellation 113: [Star(-2, -1, 6, -4), Star(-2, -4, 6, -4), Star(-3, -3, 5, -4), Star(-3, -5, 4, -4)]
- Constellation 114: [Star(8, 8, -2, 0), Star(8, 8, -3, 2)]
- Constellation 115: [Star(-2, -8, 2, -5), Star(-3, -8, 1, -4), Star(-4, -8, 0, -4)]
- Constellation 116: [Star(6, -3, -7, 5), Star(8, -4, -7, 5), Star(6, -2, -7, 3)]
- Constellation 117: [Star(-6, -5, 5, -5), Star(-6, -5, 7, -5)]
- Constellation 118: [Star(4, 8, -8, 2)]
- Constellation 119: [Star(5, -3, 0, 3)]
- Constellation 120: [Star(6, -4, -6, 7)]
- Constellation 121: [Star(-5, 3, 6, -8), Star(-4, 2, 6, -7)]
- Constellation 122: [Star(0, -6, 0, 8), Star(0, -8, 0, 7)]
- Constellation 123: [Star(3, 0, 8, 6)]
- Constellation 124: [Star(-8, 4, 2, 6), Star(-8, 3, 0, 6)]
- Constellation 125: [Star(5, -8, 2, 3), Star(5, -7, 2, 1), Star(5, -7, 4, 0)]
- Constellation 126: [Star(-5, -3, -6, -8)]
- Constellation 127: [Star(1, 1, 5, 6)]
- Constellation 128: [Star(-2, -4, -3, 1), Star(-3, -4, -3, 2)]
- Constellation 129: [Star(-5, 0, -7, 4), Star(-6, 1, -7, 3), Star(-5, 0, -6, 5), Star(-3, 1, -6, 5)]
- Constellation 130: [Star(-5, -5, 3, 5)]
- Constellation 131: [Star(-4, 5, -3, 8)]
- Constellation 132: [Star(7, -8, -7, -4)]
- Constellation 133: [Star(7, -2, 5, 2), Star(6, -3, 5, 1), Star(6, -1, 5, 0), Star(5, 0, 5, 0), Star(6, 0, 6, 1), Star(6, 0, 5, 0), Star(5, 1, 5, -1), Star(6, 0, 7, 1), Star(6, 1, 4, -2)]
- Constellation 134: [Star(1, 4, -3, 4)]
- Constellation 135: [Star(4, -2, 2, 2)]
- Constellation 136: [Star(4, -2, 0, -4), Star(4, -1, 0, -5)]
- Constellation 137: [Star(1, -4, -7, 8)]
- Constellation 138: [Star(7, 4, 4, 5), Star(7, 3, 4, 4), Star(7, 3, 2, 4), Star(6, 3, 1, 4)]
- Constellation 139: [Star(-2, -8, -3, -2)]
- Constellation 140: [Star(6, 4, 7, -7), Star(6, 4, 5, -7), Star(5, 4, 7, -5), Star(5, 5, 8, -6), Star(5, 7, 7, -6)]
- Constellation 141: [Star(-7, 7, -3, 2)]
- Constellation 142: [Star(-2, 6, -8, 4)]
- Constellation 143: [Star(-7, 4, 3, -2), Star(-7, 5, 4, -1), Star(-7, 6, 6, -1)]
- Constellation 144: [Star(-3, -7, -2, 5), Star(-2, -7, -1, 6), Star(-3, -8, 0, 5), Star(-2, -8, -3, 6), Star(-2, -8, -5, 7), Star(-2, -6, -4, 6), Star(-2, -5, -5, 7), Star(-2, -5, -4, 6), Star(-2, -4, -3, 7)]
- Constellation 145: [Star(1, 5, -8, -8)]
- Constellation 146: [Star(-6, 6, -5, 8), Star(-8, 6, -4, 8), Star(-8, 5, -4, 6)]
- Constellation 147: [Star(-6, 5, -8, 6), Star(-7, 5, -7, 7)]
- Constellation 148: [Star(7, -7, 8, 7), Star(7, -5, 8, 6), Star(7, -5, 8, 5)]
- Constellation 149: [Star(-5, 7, -2, 8)]
- Constellation 150: [Star(6, -4, -8, -5), Star(8, -4, -8, -6)]
- Constellation 151: [Star(1, 0, 8, 0), Star(1, 2, 8, 1), Star(1, 3, 8, -1)]
- Constellation 152: [Star(-8, 3, 7, 4)]
- Constellation 153: [Star(1, 8, -8, -2)]
- Constellation 154: [Star(-1, 4, 7, 5), Star(-1, 4, 7, 7)]
- Constellation 155: [Star(8, -4, -3, 7)]
- Constellation 156: [Star(-2, 0, -7, -6), Star(-3, 1, -7, -7), Star(-2, 3, -7, -6), Star(-1, 0, -8, -6), Star(-2, 2, -8, -6)]
- Constellation 157: [Star(-1, 8, 2, 3)]
- Constellation 158: [Star(-5, 3, 6, 0), Star(-5, 5, 6, 0), Star(-4, 3, 7, -1)]
- Constellation 159: [Star(3, -8, 3, 0)]
- Constellation 160: [Star(0, -4, -8, -6)]
- Constellation 161: [Star(-4, -1, -7, 2)]
- Constellation 162: [Star(-6, 7, -1, -3)]
- Constellation 163: [Star(1, 3, 4, -1)]
- Constellation 164: [Star(-2, -8, 8, 6)]
- Constellation 165: [Star(-2, -7, -6, -6), Star(-2, -8, -6, -7)]
- Constellation 166: [Star(7, 2, -2, -6)]
- Constellation 167: [Star(5, 3, 8, -8)]
- Constellation 168: [Star(-5, 8, -4, 6)]
- Constellation 169: [Star(0, -2, -8, 8), Star(0, -3, -8, 7)]
- Constellation 170: [Star(-4, 8, 0, -3), Star(-3, 8, 0, -2)]
- Constellation 171: [Star(1, 6, 0, -3), Star(0, 5, 1, -3)]
- Constellation 172: [Star(-2, -6, 8, -5)]
- Constellation 173: [Star(4, -6, 5, 8), Star(5, -6, 5, 7)]
- Constellation 174: [Star(1, -8, 8, 8)]
- Constellation 175: [Star(4, -1, 8, 2), Star(4, -1, 7, 0)]
- Constellation 176: [Star(-5, 0, 7, 8), Star(-6, -1, 7, 7), Star(-6, 0, 7, 7), Star(-6, -1, 6, 7), Star(-6, -2, 4, 7)]
- Constellation 177: [Star(3, -1, -8, -1), Star(3, -2, -8, -2)]
- Constellation 178: [Star(6, 8, 5, 7)]
- Constellation 179: [Star(-3, -8, 0, -8), Star(-5, -8, 0, -7), Star(0, -8, 0, -8), Star(-5, -6, 0, -6)]
- Constellation 180: [Star(8, -3, 8, 7)]
- Constellation 181: [Star(5, 0, -7, 8), Star(8, 0, -7, 8)]
- Constellation 182: [Star(7, -5, -8, 1)]
- Constellation 183: [Star(6, -6, 7, -3), Star(6, -5, 6, -2)]
- Constellation 184: [Star(5, 0, -8, 0), Star(6, 0, -8, 0), Star(6, 1, -8, 2)]
- Constellation 185: [Star(5, 3, 0, 2), Star(3, 3, -1, 2)]
- Constellation 186: [Star(5, 7, 6, 8), Star(6, 6, 7, 8), Star(6, 8, 8, 8)]
- Constellation 187: [Star(-5, 1, -7, 8)]
- Constellation 188: [Star(-6, 4, -3, 2), Star(-6, 3, -3, 3), Star(-7, 3, -3, 1), Star(-5, 3, -3, 5)]
- Constellation 189: [Star(-7, -6, 2, -3)]
- Constellation 190: [Star(8, 3, -4, -7), Star(8, 3, -4, -6), Star(5, 3, -4, -6)]
- Constellation 191: [Star(5, 0, 1, -7)]
- Constellation 192: [Star(-4, 4, -7, -3)]
- Constellation 193: [Star(-8, -7, -5, 3), Star(-7, -6, -5, 2), Star(-7, -8, -4, 3), Star(-8, -7, -7, 4), Star(-6, -7, -5, 3), Star(-7, -6, -2, 2), Star(-7, -6, -3, 0), Star(-6, -6, -1, 0)]
- Constellation 194: [Star(0, 7, -5, -4), Star(0, 5, -6, -4), Star(0, 7, -6, -6), Star(0, 7, -6, -2), Star(0, 7, -5, -8), Star(0, 8, -4, -8)]
- Constellation 195: [Star(4, -3, -2, -2)]
- Constellation 196: [Star(-8, -6, 7, -6), Star(-8, -5, 6, -7), Star(-8, -7, 5, -7)]
- Constellation 197: [Star(-8, -5, -6, -3)]
- Constellation 198: [Star(-1, 7, -8, -8)]
- Constellation 199: [Star(-8, 5, 7, 1)]
- Constellation 200: [Star(8, -3, 3, -1)]
- Constellation 201: [Star(0, 3, -8, -3)]
- Constellation 202: [Star(4, 3, 8, 5), Star(4, 3, 6, 5)]
- Constellation 203: [Star(-8, 6, -1, -1)]
- Constellation 204: [Star(1, -5, -8, 4)]
- Constellation 205: [Star(-8, -5, 5, 6), Star(-8, -4, 4, 5)]
- Constellation 206: [Star(-7, 1, 8, -8)]
- Constellation 207: [Star(-7, -2, -3, 5)]
- Constellation 208: [Star(-2, 5, 2, 3)]
- Constellation 209: [Star(-6, 5, 4, -4)]
- Constellation 210: [Star(-8, 0, -3, -8)]
- Constellation 211: [Star(-8, -3, -8, -5)]
- Constellation 212: [Star(-7, -2, 6, 5), Star(-8, -1, 6, 5)]
- Constellation 213: [Star(-7, -5, 2, -8), Star(-8, -4, 1, -8)]
- Constellation 214: [Star(-8, -4, 7, 3), Star(-8, -6, 8, 3)]
- Constellation 215: [Star(-7, 1, -2, 6)]
- Constellation 216: [Star(1, 5, -2, -6), Star(1, 4, 0, -6), Star(2, 5, 0, -5)]
- Constellation 217: [Star(7, 3, 6, 0), Star(6, 3, 6, 0), Star(6, 3, 6, 3), Star(5, 3, 7, 3), Star(5, 3, 5, 2), Star(8, 3, 6, 3), Star(6, 4, 4, 2)]
- Constellation 218: [Star(-6, -4, 8, 5)]
- Constellation 219: [Star(-6, 5, -8, -7)]
- Constellation 220: [Star(4, 2, 1, -8), Star(3, 2, 1, -6), Star(2, 1, 1, -5)]
- Constellation 221: [Star(-5, 0, 4, 2)]
- Constellation 222: [Star(-5, -4, 6, 4)]
- Constellation 223: [Star(0, 8, 4, -3)]
- Constellation 224: [Star(-2, 1, -7, 2)]
- Constellation 225: [Star(7, 1, -2, 5), Star(6, 0, -2, 4)]
- Constellation 226: [Star(2, -8, -5, 7)]
- Constellation 227: [Star(-8, -8, 3, -3)]
- Constellation 228: [Star(8, -6, 4, 2)]
- Constellation 229: [Star(4, -8, 8, -8), Star(3, -8, 8, -8)]
- Constellation 230: [Star(6, 8, 8, 0), Star(6, 8, 8, -2)]
- Constellation 231: [Star(-4, -3, 1, 7), Star(-7, -3, 1, 7), Star(-4, -5, 1, 8), Star(-7, -2, 0, 8), Star(-6, -2, -2, 8), Star(-8, -3, -1, 8)]
- Constellation 232: [Star(-8, -4, 8, -3), Star(-8, -5, 6, -3)]
- Constellation 233: [Star(7, -2, -8, 8)]
- Constellation 234: [Star(8, 8, 4, 3)]
- Constellation 235: [Star(-8, 0, 4, -5), Star(-8, 2, 5, -5)]
- Constellation 236: [Star(2, -5, 2, 1)]
- Constellation 237: [Star(4, -8, -1, -7)]
- Constellation 238: [Star(8, 2, -5, -1)]
- Constellation 239: [Star(8, -2, 7, 5)]
- Constellation 240: [Star(-4, 8, 0, 7), Star(-4, 8, 0, 6)]
- Constellation 241: [Star(-7, -8, 8, -2)]
- Constellation 242: [Star(-7, -8, 1, 8), Star(-7, -8, -2, 8)]
- Constellation 243: [Star(1, -5, 8, -4), Star(0, -5, 8, -6)]
- Constellation 244: [Star(-8, -3, -4, 3)]
- Constellation 245: [Star(7, -7, 2, 6)]
- Constellation 246: [Star(3, -4, 8, -5), Star(3, -3, 8, -7), Star(3, -2, 8, -8)]
- Constellation 247: [Star(8, -4, 7, -2), Star(8, -5, 7, -4)]
- Constellation 248: [Star(0, -7, 7, -7)]
- Constellation 249: [Star(-1, 4, 2, -7)]
- Constellation 250: [Star(-3, -1, -8, -4), Star(-3, -2, -7, -5), Star(-5, 0, -8, -4)]
- Constellation 251: [Star(8, 7, -5, -2)]
- Constellation 252: [Star(-7, 8, -2, -7)]
- Constellation 253: [Star(-8, -4, -2, 6)]
- Constellation 254: [Star(-8, 1, -8, 2)]
- Constellation 255: [Star(-8, 7, 5, 1), Star(-8, 8, 4, 0), Star(-8, 8, 5, 3), Star(-6, 8, 6, 3), Star(-6, 8, 8, 4), Star(-6, 8, 8, 2)]
- Constellation 256: [Star(7, 2, -8, -3), Star(7, 2, -7, -4), Star(7, 2, -5, -4)]
- Constellation 257: [Star(-2, -6, -7, 1)]
- Constellation 258: [Star(-1, -1, 4, 4), Star(-2, -2, 4, 4), Star(0, 1, 4, 4), Star(1, 1, 4, 3)]
- Constellation 259: [Star(8, -4, 8, -8)]
- Constellation 260: [Star(3, -4, 5, -7)]
- Constellation 261: [Star(-4, 8, -7, 0), Star(-3, 8, -5, 0), Star(-4, 8, -6, 0)]
- Constellation 262: [Star(-3, -4, -7, 0)]
- Constellation 263: [Star(6, -8, 6, 1)]
- Constellation 264: [Star(-8, 2, -6, 3)]
- Constellation 265: [Star(-8, -8, -8, 7)]
- Constellation 266: [Star(-2, -5, 1, -4)]
- Constellation 267: [Star(0, 6, -3, 2), Star(1, 8, -3, 2), Star(0, 8, -4, 2)]
- Constellation 268: [Star(5, 6, -1, 1)]
- Constellation 269: [Star(-6, 1, 0, -4)]
- Constellation 270: [Star(-3, 3, 3, 3)]
- Constellation 271: [Star(4, 6, 0, -4)]
- Constellation 272: [Star(7, -1, -5, -5), Star(8, -3, -5, -5)]
- Constellation 273: [Star(0, -8, 6, -4)]
- Constellation 274: [Star(-4, -5, -4, -6)]
- Constellation 275: [Star(-6, -4, 2, -2)]
- Constellation 276: [Star(-7, 6, 8, 3), Star(-7, 6, 6, 4)]
- Constellation 277: [Star(6, -1, -3, 7)]
- Constellation 278: [Star(-7, 5, 3, 3)]
- Constellation 279: [Star(3, 2, 1, 3)]
- Constellation 280: [Star(-2, -2, -4, 5)]
- Constellation 281: [Star(-8, 2, -5, 6)]
- Constellation 282: [Star(1, 8, -1, -1), Star(3, 8, -1, -1)]
- Constellation 283: [Star(8, 5, 5, -3), Star(8, 6, 5, -2)]
- Constellation 284: [Star(4, 5, 4, 0), Star(3, 4, 4, 0), Star(3, 3, 4, 1)]
- Constellation 285: [Star(6, -8, -5, -3)]
- Constellation 286: [Star(-4, -8, 1, 2)]
- Constellation 287: [Star(5, 3, -5, -1), Star(5, 3, -4, 0)]
- Constellation 288: [Star(-4, 0, -3, 6)]
- Constellation 289: [Star(4, -3, -8, 3), Star(4, -3, -8, 6)]
- Constellation 290: [Star(-6, -3, 2, -5)]
- Constellation 291: [Star(4, -7, 0, -5)]
- Constellation 292: [Star(0, 4, -7, -7)]
- Constellation 293: [Star(6, 8, 5, -8)]
- Constellation 294: [Star(4, 8, 8, -8), Star(3, 8, 8, -6), Star(3, 6, 8, -7)]
- Constellation 295: [Star(0, -8, 4, -8), Star(-1, -8, 4, -8)]
- Constellation 296: [Star(7, 0, -3, -2)]
- Constellation 297: [Star(-6, -3, -7, -6), Star(-6, -4, -8, -6), Star(-6, -4, -8, -8)]
- Constellation 298: [Star(8, 1, -3, 0)]
- Constellation 299: [Star(-3, -6, -4, 1)]
- Constellation 300: [Star(7, 5, -4, -1)]
- Constellation 301: [Star(5, -1, 2, -4)]
- Constellation 302: [Star(7, 0, 2, -2), Star(7, -1, 3, -2), Star(8, -1, 4, -2)]
- Constellation 303: [Star(5, -6, -6, 6), Star(4, -8, -6, 6)]
- Constellation 304: [Star(-6, 6, -6, -6)]
- Constellation 305: [Star(7, -2, 0, -8)]
- Constellation 306: [Star(0, 2, -1, -5)]
- Constellation 307: [Star(2, -2, -4, 4)]
- Constellation 308: [Star(5, -3, 4, -5)]
- Constellation 309: [Star(-7, 1, 3, -1)]
- Constellation 310: [Star(-8, 6, 0, 5)]
- Constellation 311: [Star(-4, -8, 6, 1)]
- Constellation 312: [Star(8, -6, -5, 7)]
- Constellation 313: [Star(0, 7, -2, 6)]
- Constellation 314: [Star(0, -8, -7, 0)]
- Constellation 315: [Star(8, 0, 4, 2)]
- Constellation 316: [Star(-7, -8, -6, 6)]
- Constellation 317: [Star(0, -8, 4, 2)]
- Constellation 318: [Star(-5, -7, -5, -6)]
- Constellation 319: [Star(-3, -2, 8, 1)]
- Constellation 320: [Star(4, 6, -5, 8)]
- Constellation 321: [Star(-1, -5, 0, 5)]
- Constellation 322: [Star(0, 8, 8, 5)]
- Constellation 323: [Star(-5, 1, -4, -1)]
- Constellation 324: [Star(-4, -3, -3, -8)]
- Constellation 325: [Star(-4, -7, 6, -4), Star(-4, -7, 7, -5)]
- Constellation 326: [Star(2, -6, 7, -3)]
- Constellation 327: [Star(7, -2, -7, -4)]
- Constellation 328: [Star(0, -2, 4, 2)]
- Constellation 329: [Star(2, -8, 0, 4), Star(2, -7, 0, 6), Star(3, -7, 0, 7)]
- Constellation 330: [Star(1, 8, 1, -7)]
- Constellation 331: [Star(6, 7, -5, -4)]
- Constellation 332: [Star(-8, 8, -8, -1)]
- Constellation 333: [Star(-3, -7, -7, -4), Star(-2, -8, -8, -4)]
- Constellation 334: [Star(8, -2, -8, 1)]
- Constellation 335: [Star(3, -8, -4, 2)]
- Constellation 336: [Star(-2, -1, 3, 2)]
- Constellation 337: [Star(8, 7, 6, 2)]
- Constellation 338: [Star(7, -6, 1, 1), Star(7, -7, 0, 1)]
- Constellation 339: [Star(-8, 8, -7, 8), Star(-8, 8, -6, 7)]
- Constellation 340: [Star(-5, -7, 6, -1)]
- Constellation 341: [Star(-8, -2, 1, 0)]
- Constellation 342: [Star(3, -2, -6, 2)]
- Constellation 343: [Star(5, 0, -5, 2)]
- Constellation 344: [Star(7, 6, -7, -7)]
- Constellation 345: [Star(-5, -8, -3, -1)]
- Constellation 346: [Star(2, 3, 0, -2)]
- Constellation 347: [Star(0, 3, -8, 3)]
- Constellation 348: [Star(7, 8, 3, -6)]
- Constellation 349: [Star(8, 5, -7, 0)]
- Constellation 350: [Star(4, -4, 0, -8)]
- Constellation 351: [Star(-6, 7, 6, -4)]
- Constellation 352: [Star(7, -4, -4, -6)]
- Constellation 353: [Star(-8, -6, 0, -7)]
- Constellation 354: [Star(4, -5, -4, -7)]
- Constellation 355: [Star(-6, -4, -1, -6)]
- Constellation 356: [Star(-6, 1, 5, -8), Star(-6, 2, 4, -8)]
- Constellation 357: [Star(-7, 1, -8, -1)]
- Constellation 358: [Star(5, 6, -7, -2)]
- Constellation 359: [Star(-2, 4, 5, -3)]
- Constellation 360: [Star(-5, -2, 8, -7)]
- Constellation 361: [Star(-1, -5, -4, 3)]
- Constellation 362: [Star(3, 6, -1, -7)]
- Constellation 363: [Star(7, -5, -5, -4)]
- Constellation 364: [Star(-6, -7, 7, -3)]
- Constellation 365: [Star(7, -5, -7, -7)]
- Constellation 366: [Star(-4, -4, 0, 0)]
- Constellation 367: [Star(4, -7, 7, 7)]
- Constellation 368: [Star(-6, 5, 4, 5)]
- Constellation 369: [Star(-5, -4, -2, 5)]
- Constellation 370: [Star(-8, 3, 0, -2)]
- Constellation 371: [Star(8, 4, -6, 3)]
- Constellation 372: [Star(7, 4, -1, 0)]
- Constellation 373: [Star(5, -2, 4, 4)]
- Constellation 374: [Star(-7, 3, 4, 2)]
- Constellation 375: [Star(7, -7, 7, -1)]
- Constellation 376: [Star(0, -7, -3, 5)]
- Constellation 377: [Star(8, 5, 7, 7)]
- Constellation 378: [Star(8, -4, 0, 0)]
- Constellation 379: [Star(4, 6, -5, 4)]
- Constellation 380: [Star(0, -8, -4, 8)]
- Constellation 381: [Star(-4, -8, -4, 8)]
- Constellation 382: [Star(-7, 3, -3, 8)]
- Constellation 383: [Star(-2, 6, -8, -4)]
- Constellation 384: [Star(4, -5, -6, 1)]
- Constellation 385: [Star(7, -6, 0, -7), Star(8, -6, 2, -7)]
- Constellation 386: [Star(5, -4, 5, -3)]
- Constellation 387: [Star(-2, -5, -8, -7)]
- Constellation 388: [Star(-4, 7, 7, 6)]
- Constellation 389: [Star(-7, -7, 3, 4)]

Number of constellations = 390
